{"C:\\dev\\projects\\web-apps\\shipping-pwa\\src\\App.tsx": {"path":"C:\\dev\\projects\\web-apps\\shipping-pwa\\src\\App.tsx","statementMap":{"0":{"start":{"line":1,"column":0},"end":{"line":1,"column":50}},"1":{"start":{"line":2,"column":0},"end":{"line":2,"column":58}},"2":{"start":{"line":3,"column":0},"end":{"line":3,"column":73}},"3":{"start":{"line":4,"column":0},"end":{"line":4,"column":64}},"4":{"start":{"line":5,"column":0},"end":{"line":5,"column":54}},"5":{"start":{"line":6,"column":0},"end":{"line":6,"column":34}},"6":{"start":{"line":7,"column":0},"end":{"line":7,"column":50}},"7":{"start":{"line":8,"column":0},"end":{"line":8,"column":34}},"8":{"start":{"line":9,"column":0},"end":{"line":9,"column":40}},"9":{"start":{"line":10,"column":0},"end":{"line":10,"column":40}},"10":{"start":{"line":11,"column":0},"end":{"line":11,"column":48}},"11":{"start":{"line":12,"column":0},"end":{"line":12,"column":55}},"12":{"start":{"line":14,"column":20},"end":{"line":14,"column":37}},"13":{"start":{"line":16,"column":12},"end":{"line":41,"column":null}},"14":{"start":{"line":17,"column":2},"end":{"line":40,"column":null}},"15":{"start":{"line":44,"column":0},"end":{"line":44,"column":19}}},"fnMap":{"0":{"name":"(anonymous_1)","decl":{"start":{"line":16,"column":12},"end":{"line":16,"column":15}},"loc":{"start":{"line":17,"column":2},"end":{"line":40,"column":null}}}},"branchMap":{},"s":{"0":1,"1":1,"2":1,"3":1,"4":1,"5":1,"6":1,"7":1,"8":1,"9":1,"10":1,"11":1,"12":1,"13":1,"14":2,"15":1},"f":{"0":2},"b":{}}
,"C:\\dev\\projects\\web-apps\\shipping-pwa\\src\\main.tsx": {"path":"C:\\dev\\projects\\web-apps\\shipping-pwa\\src\\main.tsx","statementMap":{"0":{"start":{"line":1,"column":0},"end":{"line":1,"column":26}},"1":{"start":{"line":2,"column":0},"end":{"line":2,"column":40}},"2":{"start":{"line":3,"column":0},"end":{"line":3,"column":28}},"3":{"start":{"line":4,"column":0},"end":{"line":4,"column":21}},"4":{"start":{"line":5,"column":0},"end":{"line":5,"column":33}},"5":{"start":{"line":6,"column":0},"end":{"line":6,"column":70}},"6":{"start":{"line":7,"column":0},"end":{"line":7,"column":53}},"7":{"start":{"line":9,"column":0},"end":{"line":15,"column":2}},"8":{"start":{"line":18,"column":0},"end":{"line":18,"column":24}}},"fnMap":{},"branchMap":{},"s":{"0":0,"1":0,"2":0,"3":0,"4":0,"5":0,"6":0,"7":0,"8":0},"f":{},"b":{}}
,"C:\\dev\\projects\\web-apps\\shipping-pwa\\src\\test-comment.js": {"path":"C:\\dev\\projects\\web-apps\\shipping-pwa\\src\\test-comment.js","statementMap":{},"fnMap":{},"branchMap":{},"s":{},"f":{},"b":{}}
,"C:\\dev\\projects\\web-apps\\shipping-pwa\\src\\__tests__\\utils\\test-utils.tsx": {"path":"C:\\dev\\projects\\web-apps\\shipping-pwa\\src\\__tests__\\utils\\test-utils.tsx","statementMap":{"0":{"start":{"line":2,"column":0},"end":{"line":2,"column":76}},"1":{"start":{"line":6,"column":30},"end":{"line":18,"column":2}},"2":{"start":{"line":6,"column":84},"end":{"line":18,"column":2}},"3":{"start":{"line":6,"column":13},"end":{"line":6,"column":30}},"4":{"start":{"line":21,"column":21},"end":{"line":26,"column":1}},"5":{"start":{"line":25,"column":2},"end":{"line":25,"column":39}},"6":{"start":{"line":30,"column":25},"end":{"line":30,"column":31}},"7":{"start":{"line":29,"column":0},"end":{"line":29,"column":39}},"8":{"start":{"line":33,"column":13},"end":{"line":33,"column":48}},"9":{"start":{"line":34,"column":13},"end":{"line":34,"column":52}},"10":{"start":{"line":35,"column":13},"end":{"line":35,"column":76}},"11":{"start":{"line":36,"column":13},"end":{"line":36,"column":55}},"12":{"start":{"line":37,"column":13},"end":{"line":37,"column":90}},"13":{"start":{"line":40,"column":37},"end":{"line":43,"column":1}},"14":{"start":{"line":41,"column":16},"end":{"line":41,"column":57}},"15":{"start":{"line":42,"column":2},"end":{"line":42,"column":43}},"16":{"start":{"line":40,"column":13},"end":{"line":40,"column":37}},"17":{"start":{"line":46,"column":47},"end":{"line":50,"column":1}},"18":{"start":{"line":47,"column":18},"end":{"line":47,"column":42}},"19":{"start":{"line":48,"column":18},"end":{"line":48,"column":38}},"20":{"start":{"line":49,"column":2},"end":{"line":49,"column":39}},"21":{"start":{"line":46,"column":13},"end":{"line":46,"column":47}}},"fnMap":{"0":{"name":"(anonymous_10)","decl":{"start":{"line":6,"column":30},"end":{"line":6,"column":31}},"loc":{"start":{"line":6,"column":84},"end":{"line":18,"column":2}}},"1":{"name":"(anonymous_11)","decl":{"start":{"line":21,"column":21},"end":{"line":21,"column":null}},"loc":{"start":{"line":24,"column":4},"end":{"line":26,"column":1}}},"2":{"name":"(anonymous_12)","decl":{"start":{"line":40,"column":37},"end":{"line":40,"column":38}},"loc":{"start":{"line":40,"column":81},"end":{"line":43,"column":1}}},"3":{"name":"(anonymous_13)","decl":{"start":{"line":46,"column":47},"end":{"line":46,"column":52}},"loc":{"start":{"line":46,"column":80},"end":{"line":50,"column":1}}},"4":{"name":"(anonymous_14)","decl":{"start":{"line":47,"column":18},"end":{"line":47,"column":31}},"loc":{"start":{"line":47,"column":18},"end":{"line":47,"column":42}}}},"branchMap":{},"s":{"0":3,"1":3,"2":22,"3":3,"4":3,"5":26,"6":3,"7":3,"8":3,"9":3,"10":3,"11":3,"12":3,"13":3,"14":0,"15":0,"16":3,"17":3,"18":0,"19":0,"20":0,"21":3},"f":{"0":22,"1":26,"2":0,"3":0,"4":0},"b":{}}
,"C:\\dev\\projects\\web-apps\\shipping-pwa\\src\\components\\DoorEntryRow.tsx": {"path":"C:\\dev\\projects\\web-apps\\shipping-pwa\\src\\components\\DoorEntryRow.tsx","statementMap":{"0":{"start":{"line":1,"column":0},"end":{"line":1,"column":65}},"1":{"start":{"line":3,"column":0},"end":{"line":3,"column":60}},"2":{"start":{"line":4,"column":0},"end":{"line":4,"column":48}},"3":{"start":{"line":5,"column":0},"end":{"line":5,"column":53}},"4":{"start":{"line":6,"column":0},"end":{"line":6,"column":52}},"5":{"start":{"line":7,"column":0},"end":{"line":7,"column":null}},"6":{"start":{"line":11,"column":0},"end":{"line":11,"column":null}},"7":{"start":{"line":18,"column":0},"end":{"line":18,"column":52}},"8":{"start":{"line":19,"column":0},"end":{"line":19,"column":46}},"9":{"start":{"line":20,"column":0},"end":{"line":20,"column":69}},"10":{"start":{"line":21,"column":0},"end":{"line":21,"column":39}},"11":{"start":{"line":36,"column":46},"end":{"line":36,"column":86}},"12":{"start":{"line":37,"column":42},"end":{"line":37,"column":70}},"13":{"start":{"line":40,"column":30},"end":{"line":42,"column":1}},"14":{"start":{"line":41,"column":2},"end":{"line":41,"column":79}},"15":{"start":{"line":44,"column":29},"end":{"line":52,"column":null}},"16":{"start":{"line":52,"column":2},"end":{"line":52,"column":37}},"17":{"start":{"line":55,"column":27},"end":{"line":67,"column":1}},"18":{"start":{"line":56,"column":76},"end":{"line":56,"column":78}},"19":{"start":{"line":57,"column":2},"end":{"line":59,"column":3}},"20":{"start":{"line":58,"column":4},"end":{"line":58,"column":52}},"21":{"start":{"line":60,"column":2},"end":{"line":62,"column":3}},"22":{"start":{"line":61,"column":4},"end":{"line":61,"column":44}},"23":{"start":{"line":63,"column":2},"end":{"line":65,"column":3}},"24":{"start":{"line":64,"column":4},"end":{"line":64,"column":47}},"25":{"start":{"line":66,"column":2},"end":{"line":66,"column":19}},"26":{"start":{"line":69,"column":21},"end":{"line":369,"column":2}},"27":{"start":{"line":77,"column":36},"end":{"line":77,"column":51}},"28":{"start":{"line":78,"column":46},"end":{"line":78,"column":61}},"29":{"start":{"line":79,"column":30},"end":{"line":83,"column":8}},"30":{"start":{"line":84,"column":50},"end":{"line":84,"column":65}},"31":{"start":{"line":85,"column":29},"end":{"line":85,"column":61}},"32":{"start":{"line":87,"column":2},"end":{"line":94,"column":25}},"33":{"start":{"line":88,"column":4},"end":{"line":93,"column":5}},"34":{"start":{"line":89,"column":6},"end":{"line":89,"column":32}},"35":{"start":{"line":90,"column":20},"end":{"line":90,"column":69}},"36":{"start":{"line":90,"column":37},"end":{"line":90,"column":63}},"37":{"start":{"line":91,"column":6},"end":{"line":91,"column":52}},"38":{"start":{"line":92,"column":6},"end":{"line":92,"column":39}},"39":{"start":{"line":92,"column":19},"end":{"line":92,"column":38}},"40":{"start":{"line":96,"column":2},"end":{"line":98,"column":68}},"41":{"start":{"line":97,"column":4},"end":{"line":97,"column":40}},"42":{"start":{"line":100,"column":28},"end":{"line":104,"column":3}},"43":{"start":{"line":101,"column":4},"end":{"line":102,"column":5}},"44":{"start":{"line":103,"column":4},"end":{"line":103,"column":46}},"45":{"start":{"line":106,"column":29},"end":{"line":108,"column":3}},"46":{"start":{"line":107,"column":4},"end":{"line":107,"column":47}},"47":{"start":{"line":110,"column":27},"end":{"line":113,"column":3}},"48":{"start":{"line":111,"column":4},"end":{"line":111,"column":24}},"49":{"start":{"line":112,"column":4},"end":{"line":112,"column":39}},"50":{"start":{"line":115,"column":26},"end":{"line":117,"column":3}},"51":{"start":{"line":116,"column":4},"end":{"line":116,"column":29}},"52":{"start":{"line":120,"column":4},"end":{"line":144,"column":null}},"53":{"start":{"line":124,"column":24},"end":{"line":124,"column":83}},"54":{"start":{"line":148,"column":30},"end":{"line":148,"column":176}},"55":{"start":{"line":149,"column":31},"end":{"line":149,"column":144}},"56":{"start":{"line":152,"column":4},"end":{"line":180,"column":null}},"57":{"start":{"line":160,"column":34},"end":{"line":160,"column":92}},"58":{"start":{"line":170,"column":12},"end":{"line":171,"column":null}},"59":{"start":{"line":185,"column":5},"end":{"line":205,"column":null}},"60":{"start":{"line":189,"column":35},"end":{"line":189,"column":89}},"61":{"start":{"line":199,"column":13},"end":{"line":199,"column":36}},"62":{"start":{"line":210,"column":32},"end":{"line":220,"column":3}},"63":{"start":{"line":211,"column":4},"end":{"line":219,"column":5}},"64":{"start":{"line":212,"column":20},"end":{"line":212,"column":71}},"65":{"start":{"line":213,"column":18},"end":{"line":213,"column":66}},"66":{"start":{"line":214,"column":18},"end":{"line":214,"column":75}},"67":{"start":{"line":215,"column":18},"end":{"line":215,"column":69}},"68":{"start":{"line":216,"column":22},"end":{"line":216,"column":79}},"69":{"start":{"line":217,"column":23},"end":{"line":217,"column":77}},"70":{"start":{"line":218,"column":15},"end":{"line":218,"column":42}},"71":{"start":{"line":223,"column":4},"end":{"line":246,"column":null}},"72":{"start":{"line":227,"column":34},"end":{"line":227,"column":92}},"73":{"start":{"line":237,"column":12},"end":{"line":238,"column":null}},"74":{"start":{"line":251,"column":4},"end":{"line":274,"column":null}},"75":{"start":{"line":259,"column":10},"end":{"line":259,"column":62}},"76":{"start":{"line":279,"column":6},"end":{"line":288,"column":null}},"77":{"start":{"line":293,"column":5},"end":{"line":311,"column":null}},"78":{"start":{"line":298,"column":24},"end":{"line":298,"column":48}},"79":{"start":{"line":307,"column":24},"end":{"line":307,"column":43}},"80":{"start":{"line":315,"column":2},"end":{"line":368,"column":3}},"81":{"start":{"line":316,"column":4},"end":{"line":336,"column":6}},"82":{"start":{"line":338,"column":4},"end":{"line":367,"column":6}},"83":{"start":{"line":359,"column":31},"end":{"line":359,"column":73}},"84":{"start":{"line":371,"column":0},"end":{"line":371,"column":28}}},"fnMap":{"0":{"name":"(anonymous_1)","decl":{"start":{"line":40,"column":30},"end":{"line":40,"column":31}},"loc":{"start":{"line":40,"column":72},"end":{"line":42,"column":1}}},"1":{"name":"(anonymous_2)","decl":{"start":{"line":51,"column":9},"end":{"line":51,"column":10}},"loc":{"start":{"line":52,"column":2},"end":{"line":52,"column":37}}},"2":{"name":"(anonymous_3)","decl":{"start":{"line":55,"column":27},"end":{"line":55,"column":28}},"loc":{"start":{"line":55,"column":50},"end":{"line":67,"column":1}}},"3":{"name":"(anonymous_4)","decl":{"start":{"line":69,"column":26},"end":{"line":69,"column":27}},"loc":{"start":{"line":76,"column":24},"end":{"line":369,"column":1}}},"4":{"name":"(anonymous_5)","decl":{"start":{"line":87,"column":12},"end":{"line":87,"column":15}},"loc":{"start":{"line":87,"column":17},"end":{"line":94,"column":3}}},"5":{"name":"(anonymous_6)","decl":{"start":{"line":90,"column":31},"end":{"line":90,"column":34}},"loc":{"start":{"line":90,"column":37},"end":{"line":90,"column":63}}},"6":{"name":"(anonymous_7)","decl":{"start":{"line":92,"column":13},"end":{"line":92,"column":16}},"loc":{"start":{"line":92,"column":19},"end":{"line":92,"column":38}}},"7":{"name":"(anonymous_8)","decl":{"start":{"line":96,"column":12},"end":{"line":96,"column":15}},"loc":{"start":{"line":96,"column":17},"end":{"line":98,"column":3}}},"8":{"name":"(anonymous_9)","decl":{"start":{"line":100,"column":28},"end":{"line":100,"column":29}},"loc":{"start":{"line":100,"column":74},"end":{"line":104,"column":3}}},"9":{"name":"(anonymous_10)","decl":{"start":{"line":106,"column":29},"end":{"line":106,"column":30}},"loc":{"start":{"line":106,"column":50},"end":{"line":108,"column":3}}},"10":{"name":"(anonymous_11)","decl":{"start":{"line":110,"column":27},"end":{"line":110,"column":28}},"loc":{"start":{"line":110,"column":73},"end":{"line":113,"column":3}}},"11":{"name":"(anonymous_12)","decl":{"start":{"line":115,"column":26},"end":{"line":115,"column":29}},"loc":{"start":{"line":115,"column":31},"end":{"line":117,"column":3}}},"12":{"name":"(anonymous_13)","decl":{"start":{"line":124,"column":17},"end":{"line":124,"column":18}},"loc":{"start":{"line":124,"column":24},"end":{"line":124,"column":83}}},"13":{"name":"(anonymous_14)","decl":{"start":{"line":160,"column":23},"end":{"line":160,"column":24}},"loc":{"start":{"line":160,"column":34},"end":{"line":160,"column":92}}},"14":{"name":"(anonymous_15)","decl":{"start":{"line":169,"column":36},"end":{"line":169,"column":37}},"loc":{"start":{"line":170,"column":12},"end":{"line":171,"column":null}}},"15":{"name":"(anonymous_16)","decl":{"start":{"line":189,"column":24},"end":{"line":189,"column":25}},"loc":{"start":{"line":189,"column":35},"end":{"line":189,"column":89}}},"16":{"name":"(anonymous_17)","decl":{"start":{"line":198,"column":35},"end":{"line":198,"column":36}},"loc":{"start":{"line":199,"column":13},"end":{"line":199,"column":36}}},"17":{"name":"(anonymous_18)","decl":{"start":{"line":210,"column":32},"end":{"line":210,"column":33}},"loc":{"start":{"line":210,"column":51},"end":{"line":220,"column":3}}},"18":{"name":"(anonymous_19)","decl":{"start":{"line":227,"column":23},"end":{"line":227,"column":24}},"loc":{"start":{"line":227,"column":34},"end":{"line":227,"column":92}}},"19":{"name":"(anonymous_20)","decl":{"start":{"line":236,"column":36},"end":{"line":236,"column":37}},"loc":{"start":{"line":237,"column":12},"end":{"line":238,"column":null}}},"20":{"name":"(anonymous_21)","decl":{"start":{"line":258,"column":25},"end":{"line":258,"column":26}},"loc":{"start":{"line":258,"column":37},"end":{"line":260,"column":9}}},"21":{"name":"(anonymous_22)","decl":{"start":{"line":298,"column":18},"end":{"line":298,"column":21}},"loc":{"start":{"line":298,"column":24},"end":{"line":298,"column":48}}},"22":{"name":"(anonymous_23)","decl":{"start":{"line":307,"column":18},"end":{"line":307,"column":21}},"loc":{"start":{"line":307,"column":24},"end":{"line":307,"column":43}}},"23":{"name":"(anonymous_24)","decl":{"start":{"line":359,"column":24},"end":{"line":359,"column":25}},"loc":{"start":{"line":359,"column":31},"end":{"line":359,"column":73}}}},"branchMap":{"0":{"loc":{"start":{"line":57,"column":2},"end":{"line":59,"column":3}},"type":"if","locations":[{"start":{"line":57,"column":2},"end":{"line":59,"column":3}}]},"1":{"loc":{"start":{"line":57,"column":6},"end":{"line":57,"column":52}},"type":"binary-expr","locations":[{"start":{"line":57,"column":6},"end":{"line":57,"column":27}},{"start":{"line":57,"column":31},"end":{"line":57,"column":52}}]},"2":{"loc":{"start":{"line":60,"column":2},"end":{"line":62,"column":3}},"type":"if","locations":[{"start":{"line":60,"column":2},"end":{"line":62,"column":3}}]},"3":{"loc":{"start":{"line":63,"column":2},"end":{"line":65,"column":3}},"type":"if","locations":[{"start":{"line":63,"column":2},"end":{"line":65,"column":3}}]},"4":{"loc":{"start":{"line":75,"column":2},"end":{"line":75,"column":19}},"type":"default-arg","locations":[{"start":{"line":75,"column":14},"end":{"line":75,"column":19}}]},"5":{"loc":{"start":{"line":88,"column":4},"end":{"line":93,"column":5}},"type":"if","locations":[{"start":{"line":88,"column":4},"end":{"line":93,"column":5}}]},"6":{"loc":{"start":{"line":101,"column":4},"end":{"line":102,"column":5}},"type":"if","locations":[{"start":{"line":101,"column":4},"end":{"line":102,"column":5}}]},"7":{"loc":{"start":{"line":122,"column":352},"end":{"line":122,"column":378}},"type":"cond-expr","locations":[{"start":{"line":122,"column":367},"end":{"line":122,"column":373}},{"start":{"line":122,"column":376},"end":{"line":122,"column":378}}]},"8":{"loc":{"start":{"line":124,"column":24},"end":{"line":124,"column":83}},"type":"binary-expr","locations":[{"start":{"line":124,"column":25},"end":{"line":124,"column":42}},{"start":{"line":124,"column":46},"end":{"line":124,"column":59}},{"start":{"line":124,"column":64},"end":{"line":124,"column":83}}]},"9":{"loc":{"start":{"line":129,"column":91},"end":{"line":129,"column":129}},"type":"cond-expr","locations":[{"start":{"line":129,"column":106},"end":{"line":129,"column":116}},{"start":{"line":129,"column":119},"end":{"line":129,"column":129}}]},"10":{"loc":{"start":{"line":130,"column":10},"end":{"line":130,"column":null}},"type":"cond-expr","locations":[{"start":{"line":130,"column":29},"end":{"line":130,"column":60}},{"start":{"line":130,"column":63},"end":{"line":130,"column":null}}]},"11":{"loc":{"start":{"line":138,"column":7},"end":{"line":143,"column":null}},"type":"binary-expr","locations":[{"start":{"line":138,"column":7},"end":{"line":138,"column":21}},{"start":{"line":139,"column":8},"end":{"line":142,"column":null}}]},"12":{"loc":{"start":{"line":140,"column":24},"end":{"line":140,"column":45}},"type":"binary-expr","locations":[{"start":{"line":140,"column":24},"end":{"line":140,"column":40}},{"start":{"line":140,"column":44},"end":{"line":140,"column":45}}]},"13":{"loc":{"start":{"line":153,"column":7},"end":{"line":156,"column":null}},"type":"binary-expr","locations":[{"start":{"line":153,"column":7},"end":{"line":153,"column":17}},{"start":{"line":154,"column":8},"end":{"line":154,"column":null}}]},"14":{"loc":{"start":{"line":154,"column":68},"end":{"line":154,"column":98}},"type":"cond-expr","locations":[{"start":{"line":154,"column":84},"end":{"line":154,"column":86}},{"start":{"line":154,"column":89},"end":{"line":154,"column":98}}]},"15":{"loc":{"start":{"line":163,"column":21},"end":{"line":163,"column":75}},"type":"cond-expr","locations":[{"start":{"line":163,"column":33},"end":{"line":163,"column":53}},{"start":{"line":163,"column":56},"end":{"line":163,"column":75}}]},"16":{"loc":{"start":{"line":166,"column":36},"end":{"line":166,"column":66}},"type":"cond-expr","locations":[{"start":{"line":166,"column":48},"end":{"line":166,"column":52}},{"start":{"line":166,"column":55},"end":{"line":166,"column":66}}]},"17":{"loc":{"start":{"line":173,"column":28},"end":{"line":173,"column":73}},"type":"cond-expr","locations":[{"start":{"line":173,"column":40},"end":{"line":173,"column":54}},{"start":{"line":173,"column":57},"end":{"line":173,"column":73}}]},"18":{"loc":{"start":{"line":180,"column":7},"end":{"line":180,"column":93}},"type":"binary-expr","locations":[{"start":{"line":180,"column":7},"end":{"line":180,"column":16}},{"start":{"line":180,"column":20},"end":{"line":180,"column":93}}]},"19":{"loc":{"start":{"line":186,"column":67},"end":{"line":186,"column":97}},"type":"cond-expr","locations":[{"start":{"line":186,"column":83},"end":{"line":186,"column":85}},{"start":{"line":186,"column":88},"end":{"line":186,"column":97}}]},"20":{"loc":{"start":{"line":205,"column":8},"end":{"line":205,"column":104}},"type":"binary-expr","locations":[{"start":{"line":205,"column":8},"end":{"line":205,"column":22}},{"start":{"line":205,"column":26},"end":{"line":205,"column":104}}]},"21":{"loc":{"start":{"line":211,"column":4},"end":{"line":219,"column":5}},"type":"switch","locations":[{"start":{"line":212,"column":6},"end":{"line":212,"column":71}},{"start":{"line":213,"column":6},"end":{"line":213,"column":66}},{"start":{"line":214,"column":6},"end":{"line":214,"column":75}},{"start":{"line":215,"column":6},"end":{"line":215,"column":69}},{"start":{"line":216,"column":6},"end":{"line":216,"column":79}},{"start":{"line":217,"column":6},"end":{"line":217,"column":77}},{"start":{"line":218,"column":6},"end":{"line":218,"column":42}}]},"22":{"loc":{"start":{"line":224,"column":66},"end":{"line":224,"column":96}},"type":"cond-expr","locations":[{"start":{"line":224,"column":82},"end":{"line":224,"column":84}},{"start":{"line":224,"column":87},"end":{"line":224,"column":96}}]},"23":{"loc":{"start":{"line":230,"column":24},"end":{"line":230,"column":108}},"type":"cond-expr","locations":[{"start":{"line":230,"column":45},"end":{"line":230,"column":86}},{"start":{"line":230,"column":89},"end":{"line":230,"column":108}}]},"24":{"loc":{"start":{"line":279,"column":22},"end":{"line":279,"column":78}},"type":"cond-expr","locations":[{"start":{"line":279,"column":37},"end":{"line":279,"column":62}},{"start":{"line":279,"column":65},"end":{"line":279,"column":78}}]},"25":{"loc":{"start":{"line":281,"column":145},"end":{"line":281,"column":185}},"type":"cond-expr","locations":[{"start":{"line":281,"column":160},"end":{"line":281,"column":169}},{"start":{"line":281,"column":172},"end":{"line":281,"column":185}}]},"26":{"loc":{"start":{"line":284,"column":11},"end":{"line":284,"column":100}},"type":"binary-expr","locations":[{"start":{"line":284,"column":11},"end":{"line":284,"column":24}},{"start":{"line":284,"column":28},"end":{"line":284,"column":100}}]},"27":{"loc":{"start":{"line":286,"column":9},"end":{"line":287,"column":null}},"type":"binary-expr","locations":[{"start":{"line":286,"column":9},"end":{"line":286,"column":26}},{"start":{"line":287,"column":10},"end":{"line":287,"column":91}}]},"28":{"loc":{"start":{"line":293,"column":48},"end":{"line":293,"column":84}},"type":"cond-expr","locations":[{"start":{"line":293,"column":63},"end":{"line":293,"column":76}},{"start":{"line":293,"column":79},"end":{"line":293,"column":84}}]},"29":{"loc":{"start":{"line":299,"column":21},"end":{"line":299,"column":61}},"type":"cond-expr","locations":[{"start":{"line":299,"column":33},"end":{"line":299,"column":46}},{"start":{"line":299,"column":49},"end":{"line":299,"column":61}}]},"30":{"loc":{"start":{"line":315,"column":2},"end":{"line":368,"column":3}},"type":"if","locations":[{"start":{"line":315,"column":2},"end":{"line":368,"column":3}},{"start":{"line":337,"column":9},"end":{"line":368,"column":3}}]},"31":{"loc":{"start":{"line":319,"column":10},"end":{"line":319,"column":null}},"type":"cond-expr","locations":[{"start":{"line":319,"column":23},"end":{"line":319,"column":46}},{"start":{"line":319,"column":49},"end":{"line":319,"column":null}}]},"32":{"loc":{"start":{"line":320,"column":12},"end":{"line":320,"column":39}},"type":"cond-expr","locations":[{"start":{"line":320,"column":24},"end":{"line":320,"column":30}},{"start":{"line":320,"column":33},"end":{"line":320,"column":39}}]},"33":{"loc":{"start":{"line":323,"column":10},"end":{"line":323,"column":null}},"type":"cond-expr","locations":[{"start":{"line":323,"column":22},"end":{"line":323,"column":41}},{"start":{"line":323,"column":44},"end":{"line":323,"column":null}}]},"34":{"loc":{"start":{"line":327,"column":30},"end":{"line":327,"column":75}},"type":"cond-expr","locations":[{"start":{"line":327,"column":42},"end":{"line":327,"column":57}},{"start":{"line":327,"column":60},"end":{"line":327,"column":75}}]},"35":{"loc":{"start":{"line":340,"column":170},"end":{"line":340,"column":211}},"type":"cond-expr","locations":[{"start":{"line":340,"column":183},"end":{"line":340,"column":206}},{"start":{"line":340,"column":209},"end":{"line":340,"column":211}}]},"36":{"loc":{"start":{"line":358,"column":21},"end":{"line":358,"column":37}},"type":"binary-expr","locations":[{"start":{"line":358,"column":21},"end":{"line":358,"column":31}},{"start":{"line":358,"column":35},"end":{"line":358,"column":37}}]}},"s":{"0":5,"1":5,"2":5,"3":5,"4":5,"5":5,"6":5,"7":5,"8":5,"9":5,"10":5,"11":5,"12":5,"13":5,"14":30,"15":5,"16":30,"17":5,"18":42,"19":42,"20":7,"21":42,"22":7,"23":42,"24":0,"25":42,"26":5,"27":85,"28":85,"29":85,"30":85,"31":85,"32":85,"33":41,"34":0,"35":0,"36":0,"37":0,"38":0,"39":0,"40":85,"41":42,"42":85,"43":0,"44":0,"45":85,"46":0,"47":85,"48":1,"49":1,"50":85,"51":0,"52":85,"53":0,"54":85,"55":85,"56":85,"57":0,"58":425,"59":85,"60":0,"61":340,"62":85,"63":85,"64":0,"65":0,"66":0,"67":0,"68":0,"69":0,"70":85,"71":85,"72":0,"73":510,"74":85,"75":0,"76":85,"77":85,"78":0,"79":1,"80":85,"81":85,"82":0,"83":0,"84":5},"f":{"0":30,"1":30,"2":42,"3":85,"4":41,"5":0,"6":0,"7":42,"8":0,"9":0,"10":1,"11":0,"12":0,"13":0,"14":425,"15":0,"16":340,"17":85,"18":0,"19":510,"20":0,"21":0,"22":1,"23":0},"b":{"0":[7],"1":[42,37],"2":[7],"3":[0],"4":[85],"5":[0],"6":[0],"7":[0,85],"8":[0,0,0],"9":[0,85],"10":[0,85],"11":[85,1],"12":[1,1],"13":[85,85],"14":[85,0],"15":[0,85],"16":[0,85],"17":[0,425],"18":[85,7],"19":[85,0],"20":[85,0],"21":[0,0,0,0,0,0,85],"22":[85,0],"23":[85,0],"24":[0,85],"25":[0,85],"26":[85,85],"27":[85,7],"28":[0,85],"29":[0,85],"30":[85,0],"31":[0,85],"32":[0,85],"33":[0,85],"34":[0,85],"35":[0,0],"36":[0,0]}}
,"C:\\dev\\projects\\web-apps\\shipping-pwa\\src\\components\\ErrorBoundary.tsx": {"path":"C:\\dev\\projects\\web-apps\\shipping-pwa\\src\\components\\ErrorBoundary.tsx","statementMap":{"0":{"start":{"line":1,"column":0},"end":{"line":1,"column":63}},"1":{"start":{"line":2,"column":0},"end":{"line":2,"column":62}},"2":{"start":{"line":3,"column":0},"end":{"line":3,"column":48}},"3":{"start":{"line":4,"column":0},"end":{"line":4,"column":97}},"4":{"start":{"line":20,"column":4},"end":{"line":20,"column":17}},"5":{"start":{"line":64,"column":2},"end":{"line":70,"column":null}},"6":{"start":{"line":65,"column":4},"end":{"line":69,"column":7}},"7":{"start":{"line":72,"column":2},"end":{"line":74,"column":null}},"8":{"start":{"line":73,"column":4},"end":{"line":73,"column":31}},"9":{"start":{"line":21,"column":4},"end":{"line":25,"column":6}},"10":{"start":{"line":30,"column":4},"end":{"line":34,"column":6}},"11":{"start":{"line":39,"column":4},"end":{"line":39,"column":70}},"12":{"start":{"line":42,"column":4},"end":{"line":45,"column":7}},"13":{"start":{"line":48,"column":4},"end":{"line":50,"column":5}},"14":{"start":{"line":49,"column":6},"end":{"line":49,"column":43}},"15":{"start":{"line":53,"column":4},"end":{"line":61,"column":5}},"16":{"start":{"line":55,"column":6},"end":{"line":60,"column":9}},"17":{"start":{"line":77,"column":4},"end":{"line":140,"column":5}},"18":{"start":{"line":79,"column":6},"end":{"line":81,"column":7}},"19":{"start":{"line":80,"column":8},"end":{"line":80,"column":35}},"20":{"start":{"line":84,"column":6},"end":{"line":139,"column":8}},"21":{"start":{"line":142,"column":4},"end":{"line":142,"column":31}},"22":{"start":{"line":146,"column":0},"end":{"line":146,"column":29}},"23":{"start":{"line":149,"column":31},"end":{"line":154,"column":1}},"24":{"start":{"line":150,"column":2},"end":{"line":153,"column":4}},"25":{"start":{"line":152,"column":4},"end":{"line":152,"column":16}},"26":{"start":{"line":149,"column":13},"end":{"line":149,"column":31}},"27":{"start":{"line":157,"column":33},"end":{"line":171,"column":1}},"28":{"start":{"line":162,"column":27},"end":{"line":165,"column":null}},"29":{"start":{"line":163,"column":4},"end":{"line":164,"column":null}},"30":{"start":{"line":168,"column":2},"end":{"line":168,"column":97}},"31":{"start":{"line":170,"column":2},"end":{"line":170,"column":26}},"32":{"start":{"line":157,"column":13},"end":{"line":157,"column":33}}},"fnMap":{"0":{"name":"(anonymous_0)","decl":{"start":{"line":19,"column":2},"end":{"line":19,"column":14}},"loc":{"start":{"line":19,"column":26},"end":{"line":26,"column":3}}},"1":{"name":"(anonymous_1)","decl":{"start":{"line":64,"column":16},"end":{"line":64,"column":19}},"loc":{"start":{"line":64,"column":21},"end":{"line":70,"column":3}}},"2":{"name":"(anonymous_2)","decl":{"start":{"line":72,"column":17},"end":{"line":72,"column":20}},"loc":{"start":{"line":72,"column":22},"end":{"line":74,"column":3}}},"3":{"name":"(anonymous_3)","decl":{"start":{"line":28,"column":2},"end":{"line":28,"column":8}},"loc":{"start":{"line":28,"column":46},"end":{"line":35,"column":3}}},"4":{"name":"(anonymous_4)","decl":{"start":{"line":37,"column":2},"end":{"line":37,"column":19}},"loc":{"start":{"line":37,"column":54},"end":{"line":62,"column":3}}},"5":{"name":"(anonymous_5)","decl":{"start":{"line":76,"column":2},"end":{"line":76,"column":8}},"loc":{"start":{"line":76,"column":8},"end":{"line":143,"column":3}}},"6":{"name":"(anonymous_6)","decl":{"start":{"line":149,"column":31},"end":{"line":149,"column":34}},"loc":{"start":{"line":149,"column":36},"end":{"line":154,"column":1}}},"7":{"name":"(anonymous_7)","decl":{"start":{"line":150,"column":9},"end":{"line":150,"column":10}},"loc":{"start":{"line":150,"column":49},"end":{"line":153,"column":3}}},"8":{"name":"(anonymous_8)","decl":{"start":{"line":157,"column":33},"end":{"line":157,"column":null}},"loc":{"start":{"line":161,"column":4},"end":{"line":171,"column":1}}},"9":{"name":"(anonymous_9)","decl":{"start":{"line":162,"column":27},"end":{"line":162,"column":28}},"loc":{"start":{"line":163,"column":4},"end":{"line":164,"column":null}}}},"branchMap":{"0":{"loc":{"start":{"line":48,"column":4},"end":{"line":50,"column":5}},"type":"if","locations":[{"start":{"line":48,"column":4},"end":{"line":50,"column":5}}]},"1":{"loc":{"start":{"line":53,"column":4},"end":{"line":61,"column":5}},"type":"if","locations":[{"start":{"line":53,"column":4},"end":{"line":61,"column":5}}]},"2":{"loc":{"start":{"line":77,"column":4},"end":{"line":140,"column":5}},"type":"if","locations":[{"start":{"line":77,"column":4},"end":{"line":140,"column":5}}]},"3":{"loc":{"start":{"line":79,"column":6},"end":{"line":81,"column":7}},"type":"if","locations":[{"start":{"line":79,"column":6},"end":{"line":81,"column":7}}]},"4":{"loc":{"start":{"line":99,"column":15},"end":{"line":115,"column":null}},"type":"binary-expr","locations":[{"start":{"line":99,"column":15},"end":{"line":99,"column":53}},{"start":{"line":99,"column":57},"end":{"line":99,"column":73}},{"start":{"line":100,"column":16},"end":{"line":114,"column":null}}]},"5":{"loc":{"start":{"line":105,"column":19},"end":{"line":113,"column":null}},"type":"binary-expr","locations":[{"start":{"line":105,"column":19},"end":{"line":105,"column":39}},{"start":{"line":106,"column":20},"end":{"line":112,"column":null}}]},"6":{"loc":{"start":{"line":168,"column":54},"end":{"line":168,"column":93}},"type":"binary-expr","locations":[{"start":{"line":168,"column":54},"end":{"line":168,"column":75}},{"start":{"line":168,"column":79},"end":{"line":168,"column":93}}]}},"s":{"0":1,"1":1,"2":1,"3":1,"4":4,"5":3,"6":0,"7":3,"8":0,"9":3,"10":0,"11":0,"12":0,"13":0,"14":0,"15":0,"16":0,"17":3,"18":0,"19":0,"20":0,"21":3,"22":1,"23":1,"24":0,"25":0,"26":1,"27":1,"28":0,"29":0,"30":0,"31":0,"32":1},"f":{"0":4,"1":0,"2":0,"3":0,"4":0,"5":3,"6":0,"7":0,"8":0,"9":0},"b":{"0":[0],"1":[0],"2":[0],"3":[0],"4":[0,0,0],"5":[0,0],"6":[0,0]}}
,"C:\\dev\\projects\\web-apps\\shipping-pwa\\src\\components\\ShippingTable.tsx": {"path":"C:\\dev\\projects\\web-apps\\shipping-pwa\\src\\components\\ShippingTable.tsx","statementMap":{"0":{"start":{"line":1,"column":0},"end":{"line":1,"column":64}},"1":{"start":{"line":2,"column":0},"end":{"line":2,"column":80}},"2":{"start":{"line":3,"column":0},"end":{"line":3,"column":48}},"3":{"start":{"line":4,"column":0},"end":{"line":4,"column":31}},"4":{"start":{"line":5,"column":0},"end":{"line":5,"column":null}},"5":{"start":{"line":12,"column":0},"end":{"line":12,"column":36}},"6":{"start":{"line":13,"column":0},"end":{"line":13,"column":50}},"7":{"start":{"line":15,"column":0},"end":{"line":15,"column":58}},"8":{"start":{"line":16,"column":0},"end":{"line":16,"column":49}},"9":{"start":{"line":17,"column":0},"end":{"line":17,"column":42}},"10":{"start":{"line":18,"column":0},"end":{"line":18,"column":43}},"11":{"start":{"line":19,"column":0},"end":{"line":19,"column":55}},"12":{"start":{"line":20,"column":0},"end":{"line":20,"column":61}},"13":{"start":{"line":21,"column":0},"end":{"line":21,"column":49}},"14":{"start":{"line":26,"column":19},"end":{"line":26,"column":39}},"15":{"start":{"line":29,"column":24},"end":{"line":37,"column":1}},"16":{"start":{"line":30,"column":2},"end":{"line":36,"column":3}},"17":{"start":{"line":31,"column":27},"end":{"line":31,"column":59}},"18":{"start":{"line":32,"column":4},"end":{"line":32,"column":60}},"19":{"start":{"line":34,"column":4},"end":{"line":34,"column":71}},"20":{"start":{"line":35,"column":4},"end":{"line":35,"column":14}},"21":{"start":{"line":39,"column":28},"end":{"line":49,"column":1}},"22":{"start":{"line":40,"column":2},"end":{"line":48,"column":3}},"23":{"start":{"line":41,"column":22},"end":{"line":41,"column":45}},"24":{"start":{"line":42,"column":29},"end":{"line":44,"column":32}},"25":{"start":{"line":42,"column":49},"end":{"line":42,"column":69}},"26":{"start":{"line":43,"column":27},"end":{"line":43,"column":62}},"27":{"start":{"line":45,"column":4},"end":{"line":45,"column":71}},"28":{"start":{"line":47,"column":4},"end":{"line":47,"column":67}},"29":{"start":{"line":51,"column":23},"end":{"line":59,"column":1}},"30":{"start":{"line":52,"column":2},"end":{"line":58,"column":3}},"31":{"start":{"line":53,"column":22},"end":{"line":53,"column":45}},"32":{"start":{"line":54,"column":29},"end":{"line":54,"column":63}},"33":{"start":{"line":54,"column":51},"end":{"line":54,"column":62}},"34":{"start":{"line":55,"column":4},"end":{"line":55,"column":71}},"35":{"start":{"line":57,"column":4},"end":{"line":57,"column":71}},"36":{"start":{"line":63,"column":22},"end":{"line":79,"column":1}},"37":{"start":{"line":64,"column":32},"end":{"line":64,"column":47}},"38":{"start":{"line":66,"column":2},"end":{"line":76,"column":14}},"39":{"start":{"line":67,"column":18},"end":{"line":67,"column":42}},"40":{"start":{"line":68,"column":24},"end":{"line":68,"column":55}},"41":{"start":{"line":68,"column":30},"end":{"line":68,"column":55}},"42":{"start":{"line":69,"column":4},"end":{"line":69,"column":18}},"43":{"start":{"line":71,"column":4},"end":{"line":71,"column":50}},"44":{"start":{"line":73,"column":4},"end":{"line":75,"column":6}},"45":{"start":{"line":74,"column":8},"end":{"line":74,"column":57}},"46":{"start":{"line":78,"column":2},"end":{"line":78,"column":17}},"47":{"start":{"line":89,"column":22},"end":{"line":559,"column":1}},"48":{"start":{"line":90,"column":44},"end":{"line":90,"column":72}},"49":{"start":{"line":91,"column":36},"end":{"line":91,"column":50}},"50":{"start":{"line":92,"column":42},"end":{"line":92,"column":71}},"51":{"start":{"line":94,"column":4},"end":{"line":94,"column":21}},"52":{"start":{"line":95,"column":26},"end":{"line":95,"column":35}},"53":{"start":{"line":96,"column":23},"end":{"line":96,"column":58}},"54":{"start":{"line":97,"column":44},"end":{"line":97,"column":64}},"55":{"start":{"line":98,"column":46},"end":{"line":98,"column":66}},"56":{"start":{"line":99,"column":36},"end":{"line":99,"column":65}},"57":{"start":{"line":102,"column":2},"end":{"line":122,"column":9}},"58":{"start":{"line":103,"column":21},"end":{"line":115,"column":5}},"59":{"start":{"line":104,"column":6},"end":{"line":114,"column":7}},"60":{"start":{"line":105,"column":8},"end":{"line":105,"column":27}},"61":{"start":{"line":106,"column":31},"end":{"line":106,"column":54}},"62":{"start":{"line":107,"column":8},"end":{"line":107,"column":47}},"63":{"start":{"line":109,"column":8},"end":{"line":109,"column":75}},"64":{"start":{"line":110,"column":8},"end":{"line":110,"column":59}},"65":{"start":{"line":113,"column":8},"end":{"line":113,"column":28}},"66":{"start":{"line":116,"column":4},"end":{"line":121,"column":7}},"67":{"start":{"line":118,"column":8},"end":{"line":118,"column":74}},"68":{"start":{"line":119,"column":8},"end":{"line":119,"column":59}},"69":{"start":{"line":120,"column":8},"end":{"line":120,"column":28}},"70":{"start":{"line":124,"column":23},"end":{"line":151,"column":44}},"71":{"start":{"line":125,"column":4},"end":{"line":128,"column":5}},"72":{"start":{"line":126,"column":6},"end":{"line":126,"column":49}},"73":{"start":{"line":127,"column":6},"end":{"line":127,"column":13}},"74":{"start":{"line":129,"column":34},"end":{"line":139,"column":6}},"75":{"start":{"line":141,"column":4},"end":{"line":150,"column":5}},"76":{"start":{"line":142,"column":6},"end":{"line":142,"column":41}},"77":{"start":{"line":143,"column":6},"end":{"line":143,"column":53}},"78":{"start":{"line":143,"column":33},"end":{"line":143,"column":51}},"79":{"start":{"line":144,"column":6},"end":{"line":144,"column":34}},"80":{"start":{"line":145,"column":6},"end":{"line":145,"column":51}},"81":{"start":{"line":145,"column":23},"end":{"line":145,"column":44}},"82":{"start":{"line":146,"column":6},"end":{"line":146,"column":47}},"83":{"start":{"line":148,"column":6},"end":{"line":148,"column":65}},"84":{"start":{"line":149,"column":6},"end":{"line":149,"column":46}},"85":{"start":{"line":153,"column":26},"end":{"line":163,"column":8}},"86":{"start":{"line":154,"column":4},"end":{"line":162,"column":5}},"87":{"start":{"line":155,"column":6},"end":{"line":155,"column":42}},"88":{"start":{"line":156,"column":6},"end":{"line":156,"column":54}},"89":{"start":{"line":156,"column":33},"end":{"line":156,"column":52}},"90":{"start":{"line":157,"column":6},"end":{"line":157,"column":35}},"91":{"start":{"line":158,"column":6},"end":{"line":158,"column":51}},"92":{"start":{"line":158,"column":23},"end":{"line":158,"column":44}},"93":{"start":{"line":160,"column":6},"end":{"line":160,"column":70}},"94":{"start":{"line":161,"column":6},"end":{"line":161,"column":47}},"95":{"start":{"line":166,"column":39},"end":{"line":213,"column":61}},"96":{"start":{"line":167,"column":6},"end":{"line":170,"column":7}},"97":{"start":{"line":168,"column":10},"end":{"line":168,"column":53}},"98":{"start":{"line":169,"column":10},"end":{"line":169,"column":17}},"99":{"start":{"line":173,"column":23},"end":{"line":173,"column":77}},"100":{"start":{"line":174,"column":6},"end":{"line":177,"column":7}},"101":{"start":{"line":175,"column":10},"end":{"line":175,"column":96}},"102":{"start":{"line":176,"column":10},"end":{"line":176,"column":28}},"103":{"start":{"line":178,"column":6},"end":{"line":190,"column":7}},"104":{"start":{"line":179,"column":33},"end":{"line":179,"column":86}},"105":{"start":{"line":179,"column":69},"end":{"line":179,"column":84}},"106":{"start":{"line":180,"column":29},"end":{"line":180,"column":32}},"107":{"start":{"line":181,"column":9},"end":{"line":183,"column":10}},"108":{"start":{"line":182,"column":13},"end":{"line":182,"column":29}},"109":{"start":{"line":184,"column":9},"end":{"line":187,"column":10}},"110":{"start":{"line":185,"column":13},"end":{"line":185,"column":60}},"111":{"start":{"line":186,"column":13},"end":{"line":186,"column":20}},"112":{"start":{"line":188,"column":9},"end":{"line":188,"column":36}},"113":{"start":{"line":189,"column":9},"end":{"line":189,"column":68}},"114":{"start":{"line":193,"column":22},"end":{"line":193,"column":97}},"115":{"start":{"line":194,"column":27},"end":{"line":194,"column":96}},"116":{"start":{"line":195,"column":26},"end":{"line":195,"column":119}},"117":{"start":{"line":195,"column":80},"end":{"line":195,"column":87}},"118":{"start":{"line":197,"column":36},"end":{"line":207,"column":8}},"119":{"start":{"line":210,"column":6},"end":{"line":210,"column":37}},"120":{"start":{"line":211,"column":6},"end":{"line":211,"column":75}},"121":{"start":{"line":215,"column":35},"end":{"line":243,"column":44}},"122":{"start":{"line":216,"column":4},"end":{"line":219,"column":5}},"123":{"start":{"line":217,"column":6},"end":{"line":217,"column":49}},"124":{"start":{"line":218,"column":6},"end":{"line":218,"column":13}},"125":{"start":{"line":220,"column":34},"end":{"line":230,"column":6}},"126":{"start":{"line":231,"column":4},"end":{"line":242,"column":5}},"127":{"start":{"line":232,"column":6},"end":{"line":232,"column":41}},"128":{"start":{"line":233,"column":6},"end":{"line":233,"column":53}},"129":{"start":{"line":233,"column":33},"end":{"line":233,"column":51}},"130":{"start":{"line":234,"column":6},"end":{"line":234,"column":34}},"131":{"start":{"line":235,"column":6},"end":{"line":235,"column":51}},"132":{"start":{"line":235,"column":23},"end":{"line":235,"column":44}},"133":{"start":{"line":236,"column":6},"end":{"line":238,"column":9}},"134":{"start":{"line":240,"column":6},"end":{"line":240,"column":71}},"135":{"start":{"line":241,"column":6},"end":{"line":241,"column":46}},"136":{"start":{"line":245,"column":29},"end":{"line":286,"column":61}},"137":{"start":{"line":246,"column":27},"end":{"line":247,"column":null}},"138":{"start":{"line":249,"column":4},"end":{"line":285,"column":5}},"139":{"start":{"line":250,"column":6},"end":{"line":250,"column":29}},"140":{"start":{"line":252,"column":6},"end":{"line":255,"column":7}},"141":{"start":{"line":253,"column":8},"end":{"line":253,"column":51}},"142":{"start":{"line":254,"column":8},"end":{"line":254,"column":15}},"143":{"start":{"line":256,"column":30},"end":{"line":256,"column":83}},"144":{"start":{"line":256,"column":66},"end":{"line":256,"column":81}},"145":{"start":{"line":257,"column":23},"end":{"line":257,"column":26}},"146":{"start":{"line":258,"column":6},"end":{"line":263,"column":7}},"147":{"start":{"line":258,"column":19},"end":{"line":258,"column":22}},"148":{"start":{"line":259,"column":8},"end":{"line":262,"column":9}},"149":{"start":{"line":260,"column":10},"end":{"line":260,"column":25}},"150":{"start":{"line":261,"column":10},"end":{"line":261,"column":16}},"151":{"start":{"line":264,"column":36},"end":{"line":274,"column":8}},"152":{"start":{"line":275,"column":6},"end":{"line":284,"column":7}},"153":{"start":{"line":276,"column":8},"end":{"line":276,"column":43}},"154":{"start":{"line":277,"column":8},"end":{"line":277,"column":55}},"155":{"start":{"line":277,"column":35},"end":{"line":277,"column":53}},"156":{"start":{"line":278,"column":8},"end":{"line":280,"column":11}},"157":{"start":{"line":282,"column":8},"end":{"line":282,"column":73}},"158":{"start":{"line":283,"column":8},"end":{"line":283,"column":48}},"159":{"start":{"line":288,"column":29},"end":{"line":338,"column":64}},"160":{"start":{"line":293,"column":43},"end":{"line":293,"column":47}},"161":{"start":{"line":295,"column":4},"end":{"line":328,"column":7}},"162":{"start":{"line":296,"column":23},"end":{"line":326,"column":8}},"163":{"start":{"line":297,"column":8},"end":{"line":324,"column":9}},"164":{"start":{"line":298,"column":10},"end":{"line":311,"column":11}},"165":{"start":{"line":299,"column":29},"end":{"line":299,"column":54}},"166":{"start":{"line":300,"column":12},"end":{"line":303,"column":13}},"167":{"start":{"line":301,"column":14},"end":{"line":301,"column":69}},"168":{"start":{"line":302,"column":14},"end":{"line":302,"column":26}},"169":{"start":{"line":304,"column":12},"end":{"line":309,"column":14}},"170":{"start":{"line":310,"column":12},"end":{"line":310,"column":31}},"171":{"start":{"line":312,"column":10},"end":{"line":316,"column":11}},"172":{"start":{"line":313,"column":12},"end":{"line":313,"column":53}},"173":{"start":{"line":314,"column":17},"end":{"line":316,"column":11}},"174":{"start":{"line":315,"column":12},"end":{"line":315,"column":60}},"175":{"start":{"line":317,"column":10},"end":{"line":322,"column":12}},"176":{"start":{"line":323,"column":10},"end":{"line":323,"column":29}},"177":{"start":{"line":325,"column":8},"end":{"line":325,"column":20}},"178":{"start":{"line":327,"column":6},"end":{"line":327,"column":22}},"179":{"start":{"line":330,"column":4},"end":{"line":337,"column":5}},"180":{"start":{"line":331,"column":6},"end":{"line":336,"column":7}},"181":{"start":{"line":332,"column":8},"end":{"line":332,"column":47}},"182":{"start":{"line":334,"column":8},"end":{"line":334,"column":73}},"183":{"start":{"line":335,"column":8},"end":{"line":335,"column":47}},"184":{"start":{"line":340,"column":21},"end":{"line":349,"column":8}},"185":{"start":{"line":341,"column":4},"end":{"line":348,"column":5}},"186":{"start":{"line":342,"column":6},"end":{"line":342,"column":31}},"187":{"start":{"line":343,"column":6},"end":{"line":343,"column":72}},"188":{"start":{"line":343,"column":33},"end":{"line":343,"column":70}},"189":{"start":{"line":343,"column":55},"end":{"line":343,"column":69}},"190":{"start":{"line":344,"column":6},"end":{"line":344,"column":49}},"191":{"start":{"line":346,"column":6},"end":{"line":346,"column":69}},"192":{"start":{"line":347,"column":6},"end":{"line":347,"column":44}},"193":{"start":{"line":351,"column":26},"end":{"line":351,"column":70}},"194":{"start":{"line":351,"column":54},"end":{"line":351,"column":69}},"195":{"start":{"line":353,"column":36},"end":{"line":404,"column":3}},"196":{"start":{"line":354,"column":4},"end":{"line":354,"column":23}},"197":{"start":{"line":355,"column":4},"end":{"line":355,"column":50}},"198":{"start":{"line":355,"column":43},"end":{"line":355,"column":50}},"199":{"start":{"line":357,"column":29},"end":{"line":357,"column":52}},"200":{"start":{"line":358,"column":4},"end":{"line":361,"column":5}},"201":{"start":{"line":359,"column":6},"end":{"line":359,"column":57}},"202":{"start":{"line":360,"column":6},"end":{"line":360,"column":13}},"203":{"start":{"line":363,"column":30},"end":{"line":363,"column":54}},"204":{"start":{"line":364,"column":4},"end":{"line":367,"column":5}},"205":{"start":{"line":365,"column":6},"end":{"line":365,"column":60}},"206":{"start":{"line":366,"column":6},"end":{"line":366,"column":13}},"207":{"start":{"line":369,"column":38},"end":{"line":379,"column":6}},"208":{"start":{"line":381,"column":4},"end":{"line":403,"column":5}},"209":{"start":{"line":382,"column":6},"end":{"line":398,"column":7}},"210":{"start":{"line":383,"column":33},"end":{"line":384,"column":null}},"211":{"start":{"line":384,"column":10},"end":{"line":384,"column":60}},"212":{"start":{"line":386,"column":8},"end":{"line":386,"column":43}},"213":{"start":{"line":387,"column":8},"end":{"line":387,"column":47}},"214":{"start":{"line":388,"column":8},"end":{"line":388,"column":27}},"215":{"start":{"line":389,"column":8},"end":{"line":389,"column":60}},"216":{"start":{"line":391,"column":8},"end":{"line":394,"column":9}},"217":{"start":{"line":391,"column":39},"end":{"line":391,"column":75}},"218":{"start":{"line":392,"column":10},"end":{"line":392,"column":65}},"219":{"start":{"line":393,"column":10},"end":{"line":393,"column":17}},"220":{"start":{"line":395,"column":8},"end":{"line":395,"column":58}},"221":{"start":{"line":396,"column":8},"end":{"line":396,"column":47}},"222":{"start":{"line":397,"column":8},"end":{"line":397,"column":58}},"223":{"start":{"line":399,"column":6},"end":{"line":399,"column":27}},"224":{"start":{"line":400,"column":6},"end":{"line":400,"column":28}},"225":{"start":{"line":402,"column":6},"end":{"line":402,"column":45}},"226":{"start":{"line":406,"column":29},"end":{"line":414,"column":3}},"227":{"start":{"line":407,"column":21},"end":{"line":407,"column":59}},"228":{"start":{"line":407,"column":47},"end":{"line":407,"column":58}},"229":{"start":{"line":408,"column":4},"end":{"line":413,"column":5}},"230":{"start":{"line":409,"column":6},"end":{"line":409,"column":55}},"231":{"start":{"line":410,"column":6},"end":{"line":410,"column":57}},"232":{"start":{"line":411,"column":6},"end":{"line":411,"column":23}},"233":{"start":{"line":412,"column":6},"end":{"line":412,"column":72}},"234":{"start":{"line":416,"column":31},"end":{"line":424,"column":3}},"235":{"start":{"line":417,"column":4},"end":{"line":423,"column":5}},"236":{"start":{"line":418,"column":31},"end":{"line":418,"column":85}},"237":{"start":{"line":418,"column":66},"end":{"line":418,"column":84}},"238":{"start":{"line":419,"column":6},"end":{"line":419,"column":41}},"239":{"start":{"line":420,"column":6},"end":{"line":420,"column":31}},"240":{"start":{"line":422,"column":6},"end":{"line":422,"column":55}},"241":{"start":{"line":426,"column":29},"end":{"line":439,"column":3}},"242":{"start":{"line":427,"column":4},"end":{"line":438,"column":5}},"243":{"start":{"line":428,"column":31},"end":{"line":429,"column":null}},"244":{"start":{"line":429,"column":8},"end":{"line":429,"column":74}},"245":{"start":{"line":431,"column":6},"end":{"line":431,"column":41}},"246":{"start":{"line":432,"column":30},"end":{"line":432,"column":69}},"247":{"start":{"line":432,"column":57},"end":{"line":432,"column":68}},"248":{"start":{"line":433,"column":6},"end":{"line":435,"column":7}},"249":{"start":{"line":434,"column":8},"end":{"line":434,"column":51}},"250":{"start":{"line":437,"column":6},"end":{"line":437,"column":53}},"251":{"start":{"line":441,"column":2},"end":{"line":448,"column":3}},"252":{"start":{"line":442,"column":4},"end":{"line":447,"column":6}},"253":{"start":{"line":450,"column":2},"end":{"line":558,"column":4}},"254":{"start":{"line":527,"column":25},"end":{"line":528,"column":null}},"255":{"start":{"line":542,"column":21},"end":{"line":543,"column":null}},"256":{"start":{"line":562,"column":46},"end":{"line":562,"column":86}},"257":{"start":{"line":563,"column":42},"end":{"line":563,"column":70}},"258":{"start":{"line":564,"column":72},"end":{"line":567,"column":2}},"259":{"start":{"line":569,"column":0},"end":{"line":569,"column":29}}},"fnMap":{"0":{"name":"(anonymous_1)","decl":{"start":{"line":29,"column":24},"end":{"line":29,"column":29}},"loc":{"start":{"line":29,"column":60},"end":{"line":37,"column":1}}},"1":{"name":"(anonymous_2)","decl":{"start":{"line":39,"column":28},"end":{"line":39,"column":33}},"loc":{"start":{"line":39,"column":61},"end":{"line":49,"column":1}}},"2":{"name":"(anonymous_3)","decl":{"start":{"line":42,"column":44},"end":{"line":42,"column":45}},"loc":{"start":{"line":42,"column":49},"end":{"line":42,"column":69}}},"3":{"name":"(anonymous_4)","decl":{"start":{"line":43,"column":22},"end":{"line":43,"column":23}},"loc":{"start":{"line":43,"column":27},"end":{"line":43,"column":62}}},"4":{"name":"(anonymous_5)","decl":{"start":{"line":51,"column":23},"end":{"line":51,"column":28}},"loc":{"start":{"line":51,"column":44},"end":{"line":59,"column":1}}},"5":{"name":"(anonymous_6)","decl":{"start":{"line":54,"column":46},"end":{"line":54,"column":47}},"loc":{"start":{"line":54,"column":51},"end":{"line":54,"column":62}}},"6":{"name":"(anonymous_7)","decl":{"start":{"line":63,"column":22},"end":{"line":63,"column":23}},"loc":{"start":{"line":63,"column":40},"end":{"line":79,"column":1}}},"7":{"name":"(anonymous_8)","decl":{"start":{"line":66,"column":12},"end":{"line":66,"column":15}},"loc":{"start":{"line":66,"column":17},"end":{"line":76,"column":3}}},"8":{"name":"(anonymous_9)","decl":{"start":{"line":68,"column":24},"end":{"line":68,"column":27}},"loc":{"start":{"line":68,"column":30},"end":{"line":68,"column":55}}},"9":{"name":"(anonymous_10)","decl":{"start":{"line":73,"column":11},"end":{"line":73,"column":14}},"loc":{"start":{"line":73,"column":16},"end":{"line":75,"column":5}}},"10":{"name":"(anonymous_11)","decl":{"start":{"line":89,"column":22},"end":{"line":89,"column":25}},"loc":{"start":{"line":89,"column":27},"end":{"line":559,"column":1}}},"11":{"name":"(anonymous_12)","decl":{"start":{"line":102,"column":12},"end":{"line":102,"column":15}},"loc":{"start":{"line":102,"column":17},"end":{"line":122,"column":3}}},"12":{"name":"(anonymous_13)","decl":{"start":{"line":103,"column":21},"end":{"line":103,"column":26}},"loc":{"start":{"line":103,"column":32},"end":{"line":115,"column":5}}},"13":{"name":"(anonymous_14)","decl":{"start":{"line":116,"column":21},"end":{"line":116,"column":24}},"loc":{"start":{"line":116,"column":27},"end":{"line":121,"column":5}}},"14":{"name":"(anonymous_15)","decl":{"start":{"line":124,"column":35},"end":{"line":124,"column":40}},"loc":{"start":{"line":124,"column":46},"end":{"line":151,"column":3}}},"15":{"name":"(anonymous_16)","decl":{"start":{"line":143,"column":23},"end":{"line":143,"column":24}},"loc":{"start":{"line":143,"column":33},"end":{"line":143,"column":51}}},"16":{"name":"(anonymous_17)","decl":{"start":{"line":145,"column":17},"end":{"line":145,"column":20}},"loc":{"start":{"line":145,"column":23},"end":{"line":145,"column":44}}},"17":{"name":"(anonymous_18)","decl":{"start":{"line":153,"column":38},"end":{"line":153,"column":43}},"loc":{"start":{"line":153,"column":71},"end":{"line":163,"column":3}}},"18":{"name":"(anonymous_19)","decl":{"start":{"line":156,"column":23},"end":{"line":156,"column":24}},"loc":{"start":{"line":156,"column":33},"end":{"line":156,"column":52}}},"19":{"name":"(anonymous_20)","decl":{"start":{"line":158,"column":17},"end":{"line":158,"column":20}},"loc":{"start":{"line":158,"column":23},"end":{"line":158,"column":44}}},"20":{"name":"(anonymous_21)","decl":{"start":{"line":166,"column":51},"end":{"line":166,"column":56}},"loc":{"start":{"line":166,"column":88},"end":{"line":213,"column":3}}},"21":{"name":"(anonymous_22)","decl":{"start":{"line":179,"column":59},"end":{"line":179,"column":60}},"loc":{"start":{"line":179,"column":69},"end":{"line":179,"column":84}}},"22":{"name":"(anonymous_23)","decl":{"start":{"line":195,"column":75},"end":{"line":195,"column":76}},"loc":{"start":{"line":195,"column":80},"end":{"line":195,"column":87}}},"23":{"name":"(anonymous_24)","decl":{"start":{"line":215,"column":47},"end":{"line":215,"column":52}},"loc":{"start":{"line":215,"column":76},"end":{"line":243,"column":3}}},"24":{"name":"(anonymous_25)","decl":{"start":{"line":233,"column":23},"end":{"line":233,"column":24}},"loc":{"start":{"line":233,"column":33},"end":{"line":233,"column":51}}},"25":{"name":"(anonymous_26)","decl":{"start":{"line":235,"column":17},"end":{"line":235,"column":20}},"loc":{"start":{"line":235,"column":23},"end":{"line":235,"column":44}}},"26":{"name":"(anonymous_27)","decl":{"start":{"line":245,"column":41},"end":{"line":245,"column":46}},"loc":{"start":{"line":245,"column":52},"end":{"line":286,"column":3}}},"27":{"name":"(anonymous_28)","decl":{"start":{"line":256,"column":56},"end":{"line":256,"column":57}},"loc":{"start":{"line":256,"column":66},"end":{"line":256,"column":81}}},"28":{"name":"(anonymous_29)","decl":{"start":{"line":277,"column":25},"end":{"line":277,"column":26}},"loc":{"start":{"line":277,"column":35},"end":{"line":277,"column":53}}},"29":{"name":"(anonymous_30)","decl":{"start":{"line":288,"column":41},"end":{"line":288,"column":46}},"loc":{"start":{"line":292,"column":6},"end":{"line":338,"column":3}}},"30":{"name":"(anonymous_31)","decl":{"start":{"line":295,"column":21},"end":{"line":295,"column":22}},"loc":{"start":{"line":295,"column":30},"end":{"line":328,"column":5}}},"31":{"name":"(anonymous_32)","decl":{"start":{"line":296,"column":32},"end":{"line":296,"column":33}},"loc":{"start":{"line":296,"column":41},"end":{"line":326,"column":7}}},"32":{"name":"(anonymous_33)","decl":{"start":{"line":340,"column":33},"end":{"line":340,"column":38}},"loc":{"start":{"line":340,"column":54},"end":{"line":349,"column":3}}},"33":{"name":"(anonymous_34)","decl":{"start":{"line":343,"column":23},"end":{"line":343,"column":24}},"loc":{"start":{"line":343,"column":33},"end":{"line":343,"column":70}}},"34":{"name":"(anonymous_35)","decl":{"start":{"line":343,"column":45},"end":{"line":343,"column":46}},"loc":{"start":{"line":343,"column":55},"end":{"line":343,"column":69}}},"35":{"name":"(anonymous_36)","decl":{"start":{"line":351,"column":44},"end":{"line":351,"column":45}},"loc":{"start":{"line":351,"column":54},"end":{"line":351,"column":69}}},"36":{"name":"(anonymous_37)","decl":{"start":{"line":353,"column":36},"end":{"line":353,"column":41}},"loc":{"start":{"line":353,"column":65},"end":{"line":404,"column":3}}},"37":{"name":"(anonymous_38)","decl":{"start":{"line":383,"column":51},"end":{"line":383,"column":52}},"loc":{"start":{"line":384,"column":10},"end":{"line":384,"column":60}}},"38":{"name":"(anonymous_39)","decl":{"start":{"line":391,"column":31},"end":{"line":391,"column":35}},"loc":{"start":{"line":391,"column":39},"end":{"line":391,"column":75}}},"39":{"name":"(anonymous_40)","decl":{"start":{"line":406,"column":29},"end":{"line":406,"column":30}},"loc":{"start":{"line":406,"column":44},"end":{"line":414,"column":3}}},"40":{"name":"(anonymous_41)","decl":{"start":{"line":407,"column":40},"end":{"line":407,"column":41}},"loc":{"start":{"line":407,"column":47},"end":{"line":407,"column":58}}},"41":{"name":"(anonymous_42)","decl":{"start":{"line":416,"column":31},"end":{"line":416,"column":36}},"loc":{"start":{"line":416,"column":52},"end":{"line":424,"column":3}}},"42":{"name":"(anonymous_43)","decl":{"start":{"line":418,"column":52},"end":{"line":418,"column":53}},"loc":{"start":{"line":418,"column":66},"end":{"line":418,"column":84}}},"43":{"name":"(anonymous_44)","decl":{"start":{"line":426,"column":29},"end":{"line":426,"column":34}},"loc":{"start":{"line":426,"column":69},"end":{"line":439,"column":3}}},"44":{"name":"(anonymous_45)","decl":{"start":{"line":428,"column":49},"end":{"line":428,"column":50}},"loc":{"start":{"line":429,"column":8},"end":{"line":429,"column":74}}},"45":{"name":"(anonymous_46)","decl":{"start":{"line":432,"column":52},"end":{"line":432,"column":53}},"loc":{"start":{"line":432,"column":57},"end":{"line":432,"column":68}}},"46":{"name":"(anonymous_47)","decl":{"start":{"line":526,"column":42},"end":{"line":526,"column":43}},"loc":{"start":{"line":527,"column":25},"end":{"line":528,"column":null}}},"47":{"name":"(anonymous_48)","decl":{"start":{"line":541,"column":38},"end":{"line":541,"column":39}},"loc":{"start":{"line":542,"column":21},"end":{"line":543,"column":null}}}},"branchMap":{"0":{"loc":{"start":{"line":32,"column":11},"end":{"line":32,"column":59}},"type":"cond-expr","locations":[{"start":{"line":32,"column":28},"end":{"line":32,"column":54}},{"start":{"line":32,"column":57},"end":{"line":32,"column":59}}]},"1":{"loc":{"start":{"line":42,"column":29},"end":{"line":44,"column":32}},"type":"cond-expr","locations":[{"start":{"line":43,"column":8},"end":{"line":43,"column":63}},{"start":{"line":44,"column":8},"end":{"line":44,"column":32}}]},"2":{"loc":{"start":{"line":43,"column":27},"end":{"line":43,"column":62}},"type":"cond-expr","locations":[{"start":{"line":43,"column":50},"end":{"line":43,"column":58}},{"start":{"line":43,"column":61},"end":{"line":43,"column":62}}]},"3":{"loc":{"start":{"line":107,"column":25},"end":{"line":107,"column":45}},"type":"binary-expr","locations":[{"start":{"line":107,"column":25},"end":{"line":107,"column":39}},{"start":{"line":107,"column":43},"end":{"line":107,"column":45}}]},"4":{"loc":{"start":{"line":125,"column":4},"end":{"line":128,"column":5}},"type":"if","locations":[{"start":{"line":125,"column":4},"end":{"line":128,"column":5}}]},"5":{"loc":{"start":{"line":167,"column":6},"end":{"line":170,"column":7}},"type":"if","locations":[{"start":{"line":167,"column":6},"end":{"line":170,"column":7}}]},"6":{"loc":{"start":{"line":173,"column":23},"end":{"line":173,"column":77}},"type":"cond-expr","locations":[{"start":{"line":173,"column":43},"end":{"line":173,"column":70}},{"start":{"line":173,"column":73},"end":{"line":173,"column":77}}]},"7":{"loc":{"start":{"line":174,"column":6},"end":{"line":177,"column":7}},"type":"if","locations":[{"start":{"line":174,"column":6},"end":{"line":177,"column":7}}]},"8":{"loc":{"start":{"line":174,"column":10},"end":{"line":174,"column":92}},"type":"binary-expr","locations":[{"start":{"line":174,"column":10},"end":{"line":174,"column":29}},{"start":{"line":174,"column":34},"end":{"line":174,"column":51}},{"start":{"line":174,"column":55},"end":{"line":174,"column":71}},{"start":{"line":174,"column":75},"end":{"line":174,"column":91}}]},"9":{"loc":{"start":{"line":178,"column":6},"end":{"line":190,"column":7}},"type":"if","locations":[{"start":{"line":178,"column":6},"end":{"line":190,"column":7}}]},"10":{"loc":{"start":{"line":181,"column":16},"end":{"line":181,"column":74}},"type":"binary-expr","locations":[{"start":{"line":181,"column":16},"end":{"line":181,"column":50}},{"start":{"line":181,"column":54},"end":{"line":181,"column":74}}]},"11":{"loc":{"start":{"line":184,"column":9},"end":{"line":187,"column":10}},"type":"if","locations":[{"start":{"line":184,"column":9},"end":{"line":187,"column":10}}]},"12":{"loc":{"start":{"line":193,"column":22},"end":{"line":193,"column":97}},"type":"binary-expr","locations":[{"start":{"line":193,"column":22},"end":{"line":193,"column":42}},{"start":{"line":193,"column":46},"end":{"line":193,"column":97}}]},"13":{"loc":{"start":{"line":194,"column":27},"end":{"line":194,"column":96}},"type":"binary-expr","locations":[{"start":{"line":194,"column":27},"end":{"line":194,"column":45}},{"start":{"line":194,"column":49},"end":{"line":194,"column":96}}]},"14":{"loc":{"start":{"line":195,"column":26},"end":{"line":195,"column":119}},"type":"binary-expr","locations":[{"start":{"line":195,"column":26},"end":{"line":195,"column":46}},{"start":{"line":195,"column":50},"end":{"line":195,"column":119}}]},"15":{"loc":{"start":{"line":200,"column":25},"end":{"line":200,"column":103}},"type":"cond-expr","locations":[{"start":{"line":200,"column":61},"end":{"line":200,"column":81}},{"start":{"line":200,"column":84},"end":{"line":200,"column":103}}]},"16":{"loc":{"start":{"line":200,"column":26},"end":{"line":200,"column":57}},"type":"binary-expr","locations":[{"start":{"line":200,"column":26},"end":{"line":200,"column":33}},{"start":{"line":200,"column":37},"end":{"line":200,"column":57}}]},"17":{"loc":{"start":{"line":201,"column":23},"end":{"line":201,"column":111}},"type":"cond-expr","locations":[{"start":{"line":201,"column":62},"end":{"line":201,"column":80}},{"start":{"line":201,"column":83},"end":{"line":201,"column":111}}]},"18":{"loc":{"start":{"line":201,"column":24},"end":{"line":201,"column":58}},"type":"binary-expr","locations":[{"start":{"line":201,"column":24},"end":{"line":201,"column":36}},{"start":{"line":201,"column":40},"end":{"line":201,"column":58}}]},"19":{"loc":{"start":{"line":202,"column":25},"end":{"line":202,"column":95}},"type":"cond-expr","locations":[{"start":{"line":202,"column":65},"end":{"line":202,"column":85}},{"start":{"line":202,"column":88},"end":{"line":202,"column":95}}]},"20":{"loc":{"start":{"line":202,"column":26},"end":{"line":202,"column":61}},"type":"binary-expr","locations":[{"start":{"line":202,"column":26},"end":{"line":202,"column":37}},{"start":{"line":202,"column":41},"end":{"line":202,"column":61}}]},"21":{"loc":{"start":{"line":216,"column":4},"end":{"line":219,"column":5}},"type":"if","locations":[{"start":{"line":216,"column":4},"end":{"line":219,"column":5}}]},"22":{"loc":{"start":{"line":249,"column":4},"end":{"line":285,"column":5}},"type":"if","locations":[{"start":{"line":249,"column":4},"end":{"line":285,"column":5}},{"start":{"line":251,"column":11},"end":{"line":285,"column":5}}]},"23":{"loc":{"start":{"line":249,"column":8},"end":{"line":249,"column":91}},"type":"binary-expr","locations":[{"start":{"line":249,"column":8},"end":{"line":249,"column":45}},{"start":{"line":249,"column":49},"end":{"line":249,"column":91}}]},"24":{"loc":{"start":{"line":252,"column":6},"end":{"line":255,"column":7}},"type":"if","locations":[{"start":{"line":252,"column":6},"end":{"line":255,"column":7}}]},"25":{"loc":{"start":{"line":259,"column":8},"end":{"line":262,"column":9}},"type":"if","locations":[{"start":{"line":259,"column":8},"end":{"line":262,"column":9}}]},"26":{"loc":{"start":{"line":297,"column":8},"end":{"line":324,"column":9}},"type":"if","locations":[{"start":{"line":297,"column":8},"end":{"line":324,"column":9}}]},"27":{"loc":{"start":{"line":298,"column":10},"end":{"line":311,"column":11}},"type":"if","locations":[{"start":{"line":298,"column":10},"end":{"line":311,"column":11}}]},"28":{"loc":{"start":{"line":300,"column":12},"end":{"line":303,"column":13}},"type":"if","locations":[{"start":{"line":300,"column":12},"end":{"line":303,"column":13}}]},"29":{"loc":{"start":{"line":300,"column":16},"end":{"line":300,"column":67}},"type":"binary-expr","locations":[{"start":{"line":300,"column":16},"end":{"line":300,"column":31}},{"start":{"line":300,"column":35},"end":{"line":300,"column":49}},{"start":{"line":300,"column":53},"end":{"line":300,"column":67}}]},"30":{"loc":{"start":{"line":312,"column":10},"end":{"line":316,"column":11}},"type":"if","locations":[{"start":{"line":312,"column":10},"end":{"line":316,"column":11}},{"start":{"line":314,"column":17},"end":{"line":316,"column":11}}]},"31":{"loc":{"start":{"line":314,"column":17},"end":{"line":316,"column":11}},"type":"if","locations":[{"start":{"line":314,"column":17},"end":{"line":316,"column":11}}]},"32":{"loc":{"start":{"line":330,"column":4},"end":{"line":337,"column":5}},"type":"if","locations":[{"start":{"line":330,"column":4},"end":{"line":337,"column":5}}]},"33":{"loc":{"start":{"line":355,"column":4},"end":{"line":355,"column":50}},"type":"if","locations":[{"start":{"line":355,"column":4},"end":{"line":355,"column":50}}]},"34":{"loc":{"start":{"line":355,"column":8},"end":{"line":355,"column":41}},"type":"binary-expr","locations":[{"start":{"line":355,"column":8},"end":{"line":355,"column":22}},{"start":{"line":355,"column":26},"end":{"line":355,"column":41}}]},"35":{"loc":{"start":{"line":358,"column":4},"end":{"line":361,"column":5}},"type":"if","locations":[{"start":{"line":358,"column":4},"end":{"line":361,"column":5}}]},"36":{"loc":{"start":{"line":358,"column":8},"end":{"line":358,"column":83}},"type":"binary-expr","locations":[{"start":{"line":358,"column":8},"end":{"line":358,"column":31}},{"start":{"line":358,"column":35},"end":{"line":358,"column":57}},{"start":{"line":358,"column":61},"end":{"line":358,"column":83}}]},"37":{"loc":{"start":{"line":364,"column":4},"end":{"line":367,"column":5}},"type":"if","locations":[{"start":{"line":364,"column":4},"end":{"line":367,"column":5}}]},"38":{"loc":{"start":{"line":364,"column":8},"end":{"line":364,"column":57}},"type":"binary-expr","locations":[{"start":{"line":364,"column":8},"end":{"line":364,"column":32}},{"start":{"line":364,"column":36},"end":{"line":364,"column":57}}]},"39":{"loc":{"start":{"line":370,"column":10},"end":{"line":370,"column":62}},"type":"binary-expr","locations":[{"start":{"line":370,"column":10},"end":{"line":370,"column":19}},{"start":{"line":370,"column":23},"end":{"line":370,"column":62}}]},"40":{"loc":{"start":{"line":382,"column":6},"end":{"line":398,"column":7}},"type":"if","locations":[{"start":{"line":382,"column":6},"end":{"line":398,"column":7}},{"start":{"line":390,"column":13},"end":{"line":398,"column":7}}]},"41":{"loc":{"start":{"line":384,"column":10},"end":{"line":384,"column":60}},"type":"cond-expr","locations":[{"start":{"line":384,"column":38},"end":{"line":384,"column":49}},{"start":{"line":384,"column":52},"end":{"line":384,"column":60}}]},"42":{"loc":{"start":{"line":391,"column":8},"end":{"line":394,"column":9}},"type":"if","locations":[{"start":{"line":391,"column":8},"end":{"line":394,"column":9}}]},"43":{"loc":{"start":{"line":408,"column":4},"end":{"line":413,"column":5}},"type":"if","locations":[{"start":{"line":408,"column":4},"end":{"line":413,"column":5}}]},"44":{"loc":{"start":{"line":429,"column":8},"end":{"line":429,"column":74}},"type":"cond-expr","locations":[{"start":{"line":429,"column":29},"end":{"line":429,"column":63}},{"start":{"line":429,"column":66},"end":{"line":429,"column":74}}]},"45":{"loc":{"start":{"line":433,"column":6},"end":{"line":435,"column":7}},"type":"if","locations":[{"start":{"line":433,"column":6},"end":{"line":435,"column":7}}]},"46":{"loc":{"start":{"line":441,"column":2},"end":{"line":448,"column":3}},"type":"if","locations":[{"start":{"line":441,"column":2},"end":{"line":448,"column":3}}]},"47":{"loc":{"start":{"line":490,"column":11},"end":{"line":553,"column":null}},"type":"cond-expr","locations":[{"start":{"line":491,"column":12},"end":{"line":505,"column":null}},{"start":{"line":508,"column":12},"end":{"line":552,"column":null}}]},"48":{"loc":{"start":{"line":508,"column":36},"end":{"line":508,"column":172}},"type":"cond-expr","locations":[{"start":{"line":508,"column":51},"end":{"line":508,"column":62}},{"start":{"line":508,"column":65},"end":{"line":508,"column":172}}]},"49":{"loc":{"start":{"line":509,"column":15},"end":{"line":551,"column":null}},"type":"cond-expr","locations":[{"start":{"line":510,"column":17},"end":{"line":537,"column":null}},{"start":{"line":540,"column":17},"end":{"line":550,"column":null}}]}},"s":{"0":1,"1":1,"2":1,"3":1,"4":1,"5":1,"6":1,"7":1,"8":1,"9":1,"10":1,"11":1,"12":1,"13":1,"14":1,"15":1,"16":1,"17":1,"18":1,"19":0,"20":0,"21":1,"22":0,"23":0,"24":0,"25":0,"26":0,"27":0,"28":0,"29":1,"30":0,"31":0,"32":0,"33":0,"34":0,"35":0,"36":1,"37":2,"38":2,"39":1,"40":1,"41":1,"42":1,"43":1,"44":1,"45":1,"46":2,"47":1,"48":3,"49":2,"50":2,"51":2,"52":2,"53":2,"54":2,"55":2,"56":2,"57":2,"58":1,"59":1,"60":1,"61":1,"62":1,"63":0,"64":0,"65":1,"66":1,"67":0,"68":0,"69":0,"70":2,"71":0,"72":0,"73":0,"74":0,"75":0,"76":0,"77":0,"78":0,"79":0,"80":0,"81":0,"82":0,"83":0,"84":0,"85":2,"86":0,"87":0,"88":0,"89":0,"90":0,"91":0,"92":0,"93":0,"94":0,"95":2,"96":0,"97":0,"98":0,"99":0,"100":0,"101":0,"102":0,"103":0,"104":0,"105":0,"106":0,"107":0,"108":0,"109":0,"110":0,"111":0,"112":0,"113":0,"114":0,"115":0,"116":0,"117":0,"118":0,"119":0,"120":0,"121":2,"122":0,"123":0,"124":0,"125":0,"126":0,"127":0,"128":0,"129":0,"130":0,"131":0,"132":0,"133":0,"134":0,"135":0,"136":2,"137":0,"138":0,"139":0,"140":0,"141":0,"142":0,"143":0,"144":0,"145":0,"146":0,"147":0,"148":0,"149":0,"150":0,"151":0,"152":0,"153":0,"154":0,"155":0,"156":0,"157":0,"158":0,"159":2,"160":0,"161":0,"162":0,"163":0,"164":0,"165":0,"166":0,"167":0,"168":0,"169":0,"170":0,"171":0,"172":0,"173":0,"174":0,"175":0,"176":0,"177":0,"178":0,"179":0,"180":0,"181":0,"182":0,"183":0,"184":2,"185":0,"186":0,"187":0,"188":0,"189":0,"190":0,"191":0,"192":0,"193":2,"194":0,"195":2,"196":0,"197":0,"198":0,"199":0,"200":0,"201":0,"202":0,"203":0,"204":0,"205":0,"206":0,"207":0,"208":0,"209":0,"210":0,"211":0,"212":0,"213":0,"214":0,"215":0,"216":0,"217":0,"218":0,"219":0,"220":0,"221":0,"222":0,"223":0,"224":0,"225":0,"226":2,"227":0,"228":0,"229":0,"230":0,"231":0,"232":0,"233":0,"234":2,"235":0,"236":0,"237":0,"238":0,"239":0,"240":0,"241":2,"242":0,"243":0,"244":0,"245":0,"246":0,"247":0,"248":0,"249":0,"250":0,"251":2,"252":2,"253":0,"254":0,"255":0,"256":1,"257":1,"258":1,"259":1},"f":{"0":1,"1":0,"2":0,"3":0,"4":0,"5":0,"6":2,"7":1,"8":1,"9":1,"10":3,"11":1,"12":1,"13":0,"14":0,"15":0,"16":0,"17":0,"18":0,"19":0,"20":0,"21":0,"22":0,"23":0,"24":0,"25":0,"26":0,"27":0,"28":0,"29":0,"30":0,"31":0,"32":0,"33":0,"34":0,"35":0,"36":0,"37":0,"38":0,"39":0,"40":0,"41":0,"42":0,"43":0,"44":0,"45":0,"46":0,"47":0},"b":{"0":[0,1],"1":[0,0],"2":[0,0],"3":[1,0],"4":[0],"5":[0],"6":[0,0],"7":[0],"8":[0,0,0,0],"9":[0],"10":[0,0],"11":[0],"12":[0,0],"13":[0,0],"14":[0,0],"15":[0,0],"16":[0,0],"17":[0,0],"18":[0,0],"19":[0,0],"20":[0,0],"21":[0],"22":[0,0],"23":[0,0],"24":[0],"25":[0],"26":[0],"27":[0],"28":[0],"29":[0,0,0],"30":[0,0],"31":[0],"32":[0],"33":[0],"34":[0,0],"35":[0],"36":[0,0,0],"37":[0],"38":[0,0],"39":[0,0],"40":[0,0],"41":[0,0],"42":[0],"43":[0],"44":[0,0],"45":[0],"46":[2],"47":[0,0],"48":[0,0],"49":[0,0]}}
,"C:\\dev\\projects\\web-apps\\shipping-pwa\\src\\components\\VoiceDoorControl.tsx": {"path":"C:\\dev\\projects\\web-apps\\shipping-pwa\\src\\components\\VoiceDoorControl.tsx","statementMap":{"0":{"start":{"line":1,"column":0},"end":{"line":1,"column":51}},"1":{"start":{"line":2,"column":0},"end":{"line":2,"column":58}},"2":{"start":{"line":3,"column":0},"end":{"line":3,"column":75}},"3":{"start":{"line":4,"column":0},"end":{"line":4,"column":79}},"4":{"start":{"line":5,"column":0},"end":{"line":5,"column":75}},"5":{"start":{"line":6,"column":0},"end":{"line":6,"column":67}},"6":{"start":{"line":7,"column":0},"end":{"line":7,"column":58}},"7":{"start":{"line":8,"column":0},"end":{"line":8,"column":35}},"8":{"start":{"line":9,"column":0},"end":{"line":9,"column":48}},"9":{"start":{"line":11,"column":0},"end":{"line":11,"column":31}},"10":{"start":{"line":33,"column":30},"end":{"line":35,"column":1}},"11":{"start":{"line":34,"column":2},"end":{"line":34,"column":79}},"12":{"start":{"line":37,"column":25},"end":{"line":593,"column":1}},"13":{"start":{"line":39,"column":38},"end":{"line":39,"column":55}},"14":{"start":{"line":40,"column":44},"end":{"line":40,"column":59}},"15":{"start":{"line":43,"column":30},"end":{"line":164,"column":4}},"16":{"start":{"line":177,"column":6},"end":{"line":411,"column":4}},"17":{"start":{"line":180,"column":43},"end":{"line":180,"column":45}},"18":{"start":{"line":183,"column":8},"end":{"line":186,"column":9}},"19":{"start":{"line":184,"column":12},"end":{"line":184,"column":67}},"20":{"start":{"line":185,"column":12},"end":{"line":185,"column":19}},"21":{"start":{"line":188,"column":8},"end":{"line":191,"column":9}},"22":{"start":{"line":189,"column":12},"end":{"line":189,"column":64}},"23":{"start":{"line":190,"column":12},"end":{"line":190,"column":19}},"24":{"start":{"line":194,"column":8},"end":{"line":197,"column":9}},"25":{"start":{"line":195,"column":12},"end":{"line":195,"column":24}},"26":{"start":{"line":196,"column":12},"end":{"line":196,"column":19}},"27":{"start":{"line":200,"column":8},"end":{"line":399,"column":9}},"28":{"start":{"line":201,"column":13},"end":{"line":398,"column":14}},"29":{"start":{"line":204,"column":37},"end":{"line":204,"column":87}},"30":{"start":{"line":207,"column":21},"end":{"line":211,"column":22}},"31":{"start":{"line":208,"column":25},"end":{"line":208,"column":53}},"32":{"start":{"line":210,"column":25},"end":{"line":210,"column":80}},"33":{"start":{"line":212,"column":21},"end":{"line":212,"column":27}},"34":{"start":{"line":216,"column":21},"end":{"line":218,"column":22}},"35":{"start":{"line":217,"column":25},"end":{"line":217,"column":60}},"36":{"start":{"line":219,"column":21},"end":{"line":221,"column":22}},"37":{"start":{"line":220,"column":25},"end":{"line":220,"column":80}},"38":{"start":{"line":222,"column":21},"end":{"line":233,"column":22}},"39":{"start":{"line":223,"column":41},"end":{"line":223,"column":69}},"40":{"start":{"line":224,"column":25},"end":{"line":232,"column":26}},"41":{"start":{"line":225,"column":29},"end":{"line":225,"column":55}},"42":{"start":{"line":226,"column":32},"end":{"line":232,"column":26}},"43":{"start":{"line":227,"column":29},"end":{"line":227,"column":55}},"44":{"start":{"line":228,"column":32},"end":{"line":232,"column":26}},"45":{"start":{"line":229,"column":29},"end":{"line":229,"column":58}},"46":{"start":{"line":230,"column":32},"end":{"line":232,"column":26}},"47":{"start":{"line":231,"column":29},"end":{"line":231,"column":56}},"48":{"start":{"line":234,"column":21},"end":{"line":242,"column":22}},"49":{"start":{"line":235,"column":40},"end":{"line":235,"column":68}},"50":{"start":{"line":236,"column":25},"end":{"line":241,"column":86}},"51":{"start":{"line":236,"column":55},"end":{"line":236,"column":86}},"52":{"start":{"line":237,"column":30},"end":{"line":241,"column":86}},"53":{"start":{"line":237,"column":62},"end":{"line":237,"column":95}},"54":{"start":{"line":238,"column":30},"end":{"line":241,"column":86}},"55":{"start":{"line":238,"column":90},"end":{"line":238,"column":124}},"56":{"start":{"line":239,"column":30},"end":{"line":241,"column":86}},"57":{"start":{"line":239,"column":57},"end":{"line":239,"column":86}},"58":{"start":{"line":240,"column":30},"end":{"line":241,"column":86}},"59":{"start":{"line":240,"column":57},"end":{"line":240,"column":86}},"60":{"start":{"line":241,"column":30},"end":{"line":241,"column":86}},"61":{"start":{"line":241,"column":57},"end":{"line":241,"column":86}},"62":{"start":{"line":243,"column":21},"end":{"line":243,"column":27}},"63":{"start":{"line":246,"column":21},"end":{"line":248,"column":22}},"64":{"start":{"line":247,"column":25},"end":{"line":247,"column":60}},"65":{"start":{"line":249,"column":21},"end":{"line":251,"column":22}},"66":{"start":{"line":250,"column":25},"end":{"line":250,"column":80}},"67":{"start":{"line":252,"column":21},"end":{"line":252,"column":27}},"68":{"start":{"line":255,"column":21},"end":{"line":257,"column":22}},"69":{"start":{"line":256,"column":25},"end":{"line":256,"column":60}},"70":{"start":{"line":258,"column":21},"end":{"line":269,"column":22}},"71":{"start":{"line":259,"column":41},"end":{"line":259,"column":69}},"72":{"start":{"line":260,"column":25},"end":{"line":268,"column":26}},"73":{"start":{"line":261,"column":29},"end":{"line":261,"column":55}},"74":{"start":{"line":262,"column":32},"end":{"line":268,"column":26}},"75":{"start":{"line":263,"column":29},"end":{"line":263,"column":55}},"76":{"start":{"line":264,"column":32},"end":{"line":268,"column":26}},"77":{"start":{"line":265,"column":29},"end":{"line":265,"column":58}},"78":{"start":{"line":266,"column":32},"end":{"line":268,"column":26}},"79":{"start":{"line":267,"column":29},"end":{"line":267,"column":56}},"80":{"start":{"line":270,"column":21},"end":{"line":270,"column":27}},"81":{"start":{"line":273,"column":35},"end":{"line":273,"column":67}},"82":{"start":{"line":274,"column":21},"end":{"line":278,"column":22}},"83":{"start":{"line":275,"column":25},"end":{"line":275,"column":71}},"84":{"start":{"line":277,"column":25},"end":{"line":277,"column":68}},"85":{"start":{"line":279,"column":21},"end":{"line":279,"column":27}},"86":{"start":{"line":282,"column":36},"end":{"line":282,"column":93}},"87":{"start":{"line":285,"column":75},"end":{"line":309,"column":23}},"88":{"start":{"line":311,"column":42},"end":{"line":311,"column":64}},"89":{"start":{"line":312,"column":21},"end":{"line":316,"column":22}},"90":{"start":{"line":313,"column":25},"end":{"line":313,"column":61}},"91":{"start":{"line":315,"column":25},"end":{"line":315,"column":73}},"92":{"start":{"line":317,"column":21},"end":{"line":317,"column":27}},"93":{"start":{"line":321,"column":37},"end":{"line":321,"column":94}},"94":{"start":{"line":324,"column":74},"end":{"line":343,"column":23}},"95":{"start":{"line":345,"column":43},"end":{"line":345,"column":67}},"96":{"start":{"line":346,"column":21},"end":{"line":350,"column":22}},"97":{"start":{"line":347,"column":25},"end":{"line":347,"column":60}},"98":{"start":{"line":349,"column":25},"end":{"line":349,"column":74}},"99":{"start":{"line":351,"column":21},"end":{"line":351,"column":27}},"100":{"start":{"line":354,"column":39},"end":{"line":354,"column":68}},"101":{"start":{"line":355,"column":21},"end":{"line":359,"column":22}},"102":{"start":{"line":356,"column":25},"end":{"line":356,"column":50}},"103":{"start":{"line":357,"column":28},"end":{"line":359,"column":22}},"104":{"start":{"line":358,"column":25},"end":{"line":358,"column":51}},"105":{"start":{"lin
[...]
rt":{"line":41,"column":2},"end":{"line":41,"column":20}},"19":{"start":{"line":42,"column":2},"end":{"line":42,"column":29}},"20":{"start":{"line":43,"column":2},"end":{"line":43,"column":35}},"21":{"start":{"line":44,"column":2},"end":{"line":44,"column":54}},"22":{"start":{"line":45,"column":2},"end":{"line":45,"column":51}},"23":{"start":{"line":47,"column":2},"end":{"line":49,"column":3}},"24":{"start":{"line":48,"column":5},"end":{"line":48,"column":41}},"25":{"start":{"line":51,"column":2},"end":{"line":51,"column":15}},"26":{"start":{"line":67,"column":43},"end":{"line":72,"column":2}},"27":{"start":{"line":82,"column":22},"end":{"line":82,"column":54}},"28":{"start":{"line":83,"column":19},"end":{"line":83,"column":113}},"29":{"start":{"line":86,"column":2},"end":{"line":93,"column":3}},"30":{"start":{"line":87,"column":4},"end":{"line":92,"column":7}},"31":{"start":{"line":96,"column":2},"end":{"line":98,"column":3}},"32":{"start":{"line":97,"column":4},"end":{"line":97,"column":44}},"33":{"start":{"line":101,"column":2},"end":{"line":146,"column":3}},"34":{"start":{"line":102,"column":24},"end":{"line":102,"column":75}},"35":{"start":{"line":104,"column":4},"end":{"line":145,"column":5}},"36":{"start":{"line":106,"column":8},"end":{"line":109,"column":11}},"37":{"start":{"line":110,"column":8},"end":{"line":110,"column":14}},"38":{"start":{"line":113,"column":8},"end":{"line":116,"column":11}},"39":{"start":{"line":117,"column":8},"end":{"line":117,"column":14}},"40":{"start":{"line":120,"column":8},"end":{"line":123,"column":11}},"41":{"start":{"line":124,"column":8},"end":{"line":124,"column":14}},"42":{"start":{"line":127,"column":8},"end":{"line":130,"column":11}},"43":{"start":{"line":131,"column":8},"end":{"line":131,"column":14}},"44":{"start":{"line":134,"column":8},"end":{"line":137,"column":11}},"45":{"start":{"line":138,"column":8},"end":{"line":138,"column":14}},"46":{"start":{"line":141,"column":8},"end":{"line":144,"column":11}},"47":{"start":{"line":153,"column":2},"end":{"line":153,"column":112}},"48":{"start":{"line":164,"column":2},"end":{"line":169,"column":3}},"49":{"start":{"line":165,"column":4},"end":{"line":165,"column":25}},"50":{"start":{"line":167,"column":4},"end":{"line":167,"column":49}},"51":{"start":{"line":168,"column":4},"end":{"line":168,"column":16}},"52":{"start":{"line":176,"column":2},"end":{"line":195,"column":4}},"53":{"start":{"line":177,"column":21},"end":{"line":187,"column":null}},"54":{"start":{"line":190,"column":4},"end":{"line":194,"column":7}},"55":{"start":{"line":204,"column":2},"end":{"line":231,"column":3}},"56":{"start":{"line":205,"column":4},"end":{"line":212,"column":6}},"57":{"start":{"line":213,"column":9},"end":{"line":231,"column":3}},"58":{"start":{"line":214,"column":4},"end":{"line":221,"column":6}},"59":{"start":{"line":223,"column":4},"end":{"line":230,"column":6}},"60":{"start":{"line":233,"column":2},"end":{"line":233,"column":33}},"61":{"start":{"line":240,"column":19},"end":{"line":247,"column":null}},"62":{"start":{"line":250,"column":2},"end":{"line":250,"column":35}},"63":{"start":{"line":257,"column":19},"end":{"line":264,"column":null}},"64":{"start":{"line":267,"column":2},"end":{"line":267,"column":49}},"65":{"start":{"line":276,"column":2},"end":{"line":287,"column":5}},"66":{"start":{"line":301,"column":2},"end":{"line":315,"column":3}},"67":{"start":{"line":301,"column":21},"end":{"line":301,"column":22}},"68":{"start":{"line":302,"column":4},"end":{"line":314,"column":5}},"69":{"start":{"line":303,"column":6},"end":{"line":303,"column":24}},"70":{"start":{"line":305,"column":6},"end":{"line":305,"column":33}},"71":{"start":{"line":307,"column":6},"end":{"line":309,"column":7}},"72":{"start":{"line":308,"column":8},"end":{"line":308,"column":14}},"73":{"start":{"line":311,"column":20},"end":{"line":311,"column":56}},"74":{"start":{"line":312,"column":6},"end":{"line":312,"column":94}},"75":{"start":{"line":313,"column":6},"end":{"line":313,"column":63}},"76":{"start":{"line":313,"column":35},"end":{"line":313,"column":61}},"77":{"start":{"line":317,"column":2},"end":{"line":317,"column":35}},"78":{"start":{"line":318,"column":2},"end":{"line":318,"column":19}}},"fnMap":{"0":{"name":"(anonymous_0)","decl":{"start":{"line":6,"column":0},"end":{"line":6,"column":12}},"loc":{"start":{"line":6,"column":21},"end":{"line":13,"column":1}}},"1":{"name":"createAppError","decl":{"start":{"line":29,"column":16},"end":{"line":29,"column":30}},"loc":{"start":{"line":38,"column":3},"end":{"line":52,"column":1}}},"2":{"name":"handleError","decl":{"start":{"line":77,"column":16},"end":{"line":77,"column":27}},"loc":{"start":{"line":80,"column":33},"end":{"line":147,"column":1}}},"3":{"name":"isAppError","decl":{"start":{"line":152,"column":16},"end":{"line":152,"column":26}},"loc":{"start":{"line":152,"column":37},"end":{"line":154,"column":1}}},"4":{"name":"handleAsyncError","decl":{"start":{"line":159,"column":22},"end":{"line":159,"column":38}},"loc":{"start":{"line":162,"column":29},"end":{"line":170,"column":1}}},"5":{"name":"createErrorBoundaryHandler","decl":{"start":{"line":175,"column":16},"end":{"line":175,"column":42}},"loc":{"start":{"line":175,"column":64},"end":{"line":196,"column":1}}},"6":{"name":"(anonymous_6)","decl":{"start":{"line":176,"column":9},"end":{"line":176,"column":10}},"loc":{"start":{"line":176,"column":54},"end":{"line":195,"column":3}}},"7":{"name":"handleVoiceError","decl":{"start":{"line":201,"column":16},"end":{"line":201,"column":32}},"loc":{"start":{"line":201,"column":83},"end":{"line":234,"column":1}}},"8":{"name":"handleStorageError","decl":{"start":{"line":239,"column":16},"end":{"line":239,"column":34}},"loc":{"start":{"line":239,"column":66},"end":{"line":251,"column":1}}},"9":{"name":"handleValidationError","decl":{"start":{"line":256,"column":16},"end":{"line":256,"column":37}},"loc":{"start":{"line":256,"column":72},"end":{"line":268,"column":1}}},"10":{"name":"logToExternalService","decl":{"start":{"line":274,"column":9},"end":{"line":274,"column":29}},"loc":{"start":{"line":274,"column":63},"end":{"line":288,"column":1}}},"11":{"name":"retryWithBackoff","decl":{"start":{"line":293,"column":22},"end":{"line":293,"column":38}},"loc":{"start":{"line":297,"column":18},"end":{"line":319,"column":1}}},"12":{"name":"(anonymous_12)","decl":{"start":{"line":313,"column":24},"end":{"line":313,"column":31}},"loc":{"start":{"line":313,"column":35},"end":{"line":313,"column":61}}}},"branchMap":{"0":{"loc":{"start":{"line":6,"column":12},"end":{"line":6,"column":null}},"type":"binary-expr","locations":[{"start":{"line":6,"column":12},"end":{"line":6,"column":21}},{"start":{"line":6,"column":21},"end":{"line":6,"column":null}}]},"1":{"loc":{"start":{"line":44,"column":22},"end":{"line":44,"column":53}},"type":"binary-expr","locations":[{"start":{"line":44,"column":22},"end":{"line":44,"column":42}},{"start":{"line":44,"column":46},"end":{"line":44,"column":53}}]},"2":{"loc":{"start":{"line":45,"column":22},"end":{"line":45,"column":50}},"type":"binary-expr","locations":[{"start":{"line":45,"column":22},"end":{"line":45,"column":42}},{"start":{"line":45,"column":46},"end":{"line":45,"column":50}}]},"3":{"loc":{"start":{"line":47,"column":2},"end":{"line":49,"column":3}},"type":"if","locations":[{"start":{"line":47,"column":2},"end":{"line":49,"column":3}}]},"4":{"loc":{"start":{"line":80,"column":2},"end":{"line":80,"column":33}},"type":"default-arg","locations":[{"start":{"line":80,"column":31},"end":{"line":80,"column":33}}]},"5":{"loc":{"start":{"line":83,"column":19},"end":{"line":83,"column":113}},"type":"cond-expr","locations":[{"start":{"line":83,"column":39},"end":{"line":83,"column":44}},{"start":{"line":83,"column":47},"end":{"line":83,"column":113}}]},"6":{"loc":{"start":{"line":86,"column":2},"end":{"line":93,"column":3}},"type":"if","locations":[{"start":{"line":86,"column":2},"end":{"line":93,"column":3}}]},"7":{"loc":{"start":{"line":87,"column":22},"end":{"line":87,"column":42}},"type":"binary-expr","locations":[{"start":{"line":87,"column":22},"end":{"line":87,"column":29}},{"start":{"line":87,"column":33},"end":{"line":87,"column":42}}]},"8":{"loc":{"start":{"line":96,"column":2},"end":{"line":98,"column":3}},"type":"if","locations":[{"start":{"line":96,"column":2},"end":{"line":98,"column":3}}]},"9":{"loc":{"start":{"line":101,"column":2},"end":{"line":146,"column":3}},"type":"if","locations":[{"start":{"line":101,"column":2},"end":{"line":146,"column":3}}]},"10":{"loc":{"start":{"line":102,"column":24},"end":{"line":102,"column":75}},"type":"binary-expr","locations":[{"start":{"line":102,"column":24},"end":{"line":102,"column":44}},{"start":{"line":102,"column":48},"end":{"line":102,"column":75}}]},"11":{"loc":{"start":{"line":104,"column":4},"end":{"line":145,"column":5}},"type":"switch","locations":[{"start":{"line":105,"column":6},"end":{"line":110,"column":14}},{"start":{"line":112,"column":6},"end":{"line":117,"column":14}},{"start":{"line":119,"column":6},"end":{"line":124,"column":14}},{"start":{"line":126,"column":6},"end":{"line":131,"column":14}},{"start":{"line":133,"column":6},"end":{"line":138,"column":14}},{"start":{"line":140,"column":6},"end":{"line":144,"column":11}}]},"12":{"loc":{"start":{"line":114,"column":23},"end":{"line":114,"column":92}},"type":"binary-expr","locations":[{"start":{"line":114,"column":23},"end":{"line":114,"column":34}},{"start":{"line":114,"column":38},"end":{"line":114,"column":92}}]},"13":{"loc":{"start":{"line":121,"column":23},"end":{"line":121,"column":78}},"type":"binary-expr","locations":[{"start":{"line":121,"column":23},"end":{"line":121,"column":34}},{"start":{"line":121,"column":38},"end":{"line":121,"column":78}}]},"14":{"loc":{"start":{"line":128,"column":23},"end":{"line":128,"column":79}},"type":"binary-expr","locations":[{"start":{"line":128,"column":23},"end":{"line":128,"column":34}},{"start":{"line":128,"column":38},"end":{"line":128,"column":79}}]},"15":{"loc":{"start":{"line":135,"column":23},"end":{"line":135,"column":90}},"type":"binary-expr","locations":[{"start":{"line":135,"column":23},"end":{"line":135,"column":34}},{"start":{"line":135,"column":38},"end":{"line":135,"column":90}}]},"16":{"loc":{"start":{"line":153,"column":9},"end":{"line":153,"column":111}},"type":"binary-expr","locations":[{"start":{"line":153,"column":9},"end":{"line":153,"column":14}},{"start":{"line":153,"column":18},"end":{"line":153,"column":43}},{"start":{"line":153,"column":47},"end":{"line":153,"column":62}},{"start":{"line":153,"column":66},"end":{"line":153,"column":111}}]},"17":{"loc":{"start":{"line":201,"column":47},"end":{"line":201,"column":83}},"type":"default-arg","locations":[{"start":{"line":201,"column":65},"end":{"line":201,"column":83}}]},"18":{"loc":{"start":{"line":204,"column":2},"end":{"line":231,"column":3}},"type":"if","locations":[{"start":{"line":204,"column":2},"end":{"line":231,"column":3}},{"start":{"line":213,"column":9},"end":{"line":231,"column":3}}]},"19":{"loc":{"start":{"line":204,"column":6},"end":{"line":204,"column":83}},"type":"binary-expr","locations":[{"start":{"line":204,"column":6},"end":{"line":204,"column":43}},{"start":{"line":204,"column":47},"end":{"line":204,"column":83}}]},"20":{"loc":{"start":{"line":213,"column":9},"end":{"line":231,"column":3}},"type":"if","locations":[{"start":{"line":213,"column":9},"end":{"line":231,"column":3}},{"start":{"line":222,"column":9},"end":{"line":231,"column":3}}]},"21":{"loc":{"start":{"line":262,"column":19},"end":{"line":262,"column":108}},"type":"cond-expr","locations":[{"start":{"line":262,"column":41},"end":{"line":262,"column":50}},{"start":{"line":262,"column":53},"end":{"line":262,"column":108}}]},"22":{"loc":{"start":{"line":267,"column":24},"end":{"line":267,"column":47}},"type":"binary-expr","locations":[{"start":{"line":267,"column":24},"end":{"line":267,"column":31}},{"start":{"line":267,"column":35},"end":{"line":267,"column":47}}]},"23":{"loc":{"start":{"line":295,"column":2},"end":{"line":295,"column":24}},"type":"default-arg","locations":[{"start":{"line":295,"column":23},"end":{"line":295,"column":24}}]},"24":{"loc":{"start":{"line":296,"column":2},"end":{"line":296,"column":26}},"type":"default-arg","locations":[{"start":{"line":296,"column":22},"end":{"line":296,"column":26}}]},"25":{"loc":{"start":{"line":307,"column":6},"end":{"line":309,"column":7}},"type":"if","locations":[{"start":{"line":307,"column":6},"end":{"line":309,"column":7}}]}},"s":{"0":0,"1":0,"2":0,"3":0,"4":0,"5":0,"6":0,"7":0,"8":0,"9":0,"10":0,"11":0,"12":0,"13":0,"14":0,"15":0,"16":0,"17":0,"18":0,"19":0,"20":0,"21":0,"22":0,"23":0,"24":0,"25":0,"26":0,"27":0,"28":0,"29":0,"30":0,"31":0,"32":0,"33":0,"34":0,"35":0,"36":0,"37":0,"38":0,"39":0,"40":0,"41":0,"42":0,"43":0,"44":0,"45":0,"46":0,"47":0,"48":0,"49":0,"50":0,"51":0,"52":0,"53":0,"54":0,"55":0,"56":0,"57":0,"58":0,"59":0,"60":0,"61":0,"62":0,"63":0,"64":0,"65":0,"66":0,"67":0,"68":0,"69":0,"70":0,"71":0,"72":0,"73":0,"74":0,"75":0,"76":0,"77":0,"78":0},"f":{"0":0,"1":0,"2":0,"3":0,"4":0,"5":0,"6":0,"7":0,"8":0,"9":0,"10":0,"11":0,"12":0},"b":{"0":[0,0],"1":[0,0],"2":[0,0],"3":[0],"4":[0],"5":[0,0],"6":[0],"7":[0,0],"8":[0],"9":[0],"10":[0,0],"11":[0,0,0,0,0,0],"12":[0,0],"13":[0,0],"14":[0,0],"15":[0,0],"16":[0,0,0,0],"17":[0],"18":[0,0],"19":[0,0],"20":[0,0],"21":[0,0],"22":[0,0],"23":[0],"24":[0],"25":[0]}}
,"C:\\dev\\projects\\web-apps\\shipping-pwa\\src\\utils\\registerServiceWorker.ts": {"path":"C:\\dev\\projects\\web-apps\\shipping-pwa\\src\\utils\\registerServiceWorker.ts","statementMap":{"0":{"start":{"line":1,"column":0},"end":{"line":1,"column":16}},"1":{"start":{"line":49,"column":0},"end":{"line":49,"column":16}},"2":{"start":{"line":62,"column":0},"end":{"line":62,"column":16}},"3":{"start":{"line":2,"column":2},"end":{"line":46,"column":3}},"4":{"start":{"line":3,"column":4},"end":{"line":36,"column":7}},"5":{"start":{"line":4,"column":6},"end":{"line":35,"column":7}},"6":{"start":{"line":6,"column":22},"end":{"line":6,"column":66}},"7":{"start":{"line":7,"column":29},"end":{"line":7,"column":84}},"8":{"start":{"line":10,"column":10},"end":{"line":13,"column":12}},"9":{"start":{"line":16,"column":8},"end":{"line":17,"column":9}},"10":{"start":{"line":20,"column":8},"end":{"line":32,"column":11}},"11":{"start":{"line":21,"column":28},"end":{"line":21,"column":51}},"12":{"start":{"line":22,"column":10},"end":{"line":31,"column":11}},"13":{"start":{"line":23,"column":12},"end":{"line":30,"column":15}},"14":{"start":{"line":24,"column":14},"end":{"line":29,"column":15}},"15":{"start":{"line":34,"column":8},"end":{"line":34,"column":67}},"16":{"start":{"line":39,"column":21},"end":{"line":39,"column":26}},"17":{"start":{"line":40,"column":4},"end":{"line":45,"column":7}},"18":{"start":{"line":41,"column":6},"end":{"line":44,"column":7}},"19":{"start":{"line":42,"column":8},"end":{"line":42,"column":26}},"20":{"start":{"line":43,"column":8},"end":{"line":43,"column":33}},"21":{"start":{"line":50,"column":2},"end":{"line":58,"column":3}},"22":{"start":{"line":51,"column":4},"end":{"line":57,"column":9}},"23":{"start":{"line":53,"column":8},"end":{"line":53,"column":34}},"24":{"start":{"line":56,"column":8},"end":{"line":56,"column":37}},"25":{"start":{"line":63,"column":2},"end":{"line":71,"column":3}},"26":{"start":{"line":64,"column":4},"end":{"line":70,"column":9}},"27":{"start":{"line":66,"column":8},"end":{"line":66,"column":30}},"28":{"start":{"line":69,"column":8},"end":{"line":69,"column":75}}},"fnMap":{"0":{"name":"registerServiceWorker","decl":{"start":{"line":1,"column":16},"end":{"line":1,"column":37}},"loc":{"start":{"line":1,"column":37},"end":{"line":47,"column":1}}},"1":{"name":"(anonymous_1)","decl":{"start":{"line":3,"column":36},"end":{"line":3,"column":41}},"loc":{"start":{"line":3,"column":47},"end":{"line":36,"column":5}}},"2":{"name":"(anonymous_2)","decl":{"start":{"line":20,"column":53},"end":{"line":20,"column":56}},"loc":{"start":{"line":20,"column":58},"end":{"line":32,"column":9}}},"3":{"name":"(anonymous_3)","decl":{"start":{"line":23,"column":54},"end":{"line":23,"column":57}},"loc":{"start":{"line":23,"column":59},"end":{"line":30,"column":13}}},"4":{"name":"(anonymous_4)","decl":{"start":{"line":40,"column":65},"end":{"line":40,"column":68}},"loc":{"start":{"line":40,"column":70},"end":{"line":45,"column":5}}},"5":{"name":"unregisterServiceWorker","decl":{"start":{"line":49,"column":16},"end":{"line":49,"column":39}},"loc":{"start":{"line":49,"column":39},"end":{"line":59,"column":1}}},"6":{"name":"(anonymous_6)","decl":{"start":{"line":52,"column":12},"end":{"line":52,"column":13}},"loc":{"start":{"line":52,"column":29},"end":{"line":54,"column":7}}},"7":{"name":"(anonymous_7)","decl":{"start":{"line":55,"column":13},"end":{"line":55,"column":14}},"loc":{"start":{"line":55,"column":23},"end":{"line":57,"column":7}}},"8":{"name":"checkForUpdates","decl":{"start":{"line":62,"column":16},"end":{"line":62,"column":31}},"loc":{"start":{"line":62,"column":31},"end":{"line":72,"column":1}}},"9":{"name":"(anonymous_9)","decl":{"start":{"line":65,"column":12},"end":{"line":65,"column":13}},"loc":{"start":{"line":65,"column":29},"end":{"line":67,"column":7}}},"10":{"name":"(anonymous_10)","decl":{"start":{"line":68,"column":13},"end":{"line":68,"column":14}},"loc":{"start":{"line":68,"column":23},"end":{"line":70,"column":7}}}},"branchMap":{"0":{"loc":{"start":{"line":2,"column":2},"end":{"line":46,"column":3}},"type":"if","locations":[{"start":{"line":2,"column":2},"end":{"line":46,"column":3}}]},"1":{"loc":{"start":{"line":16,"column":8},"end":{"line":17,"column":9}},"type":"if","locations":[{"start":{"line":16,"column":8},"end":{"line":17,"column":9}}]},"2":{"loc":{"start":{"line":16,"column":12},"end":{"line":16,"column":33}},"type":"binary-expr","locations":[{"start":{"line":16,"column":12},"end":{"line":16,"column":17}},{"start":{"line":16,"column":21},"end":{"line":16,"column":33}}]},"3":{"loc":{"start":{"line":22,"column":10},"end":{"line":31,"column":11}},"type":"if","locations":[{"start":{"line":22,"column":10},"end":{"line":31,"column":11}}]},"4":{"loc":{"start":{"line":24,"column":14},"end":{"line":29,"column":15}},"type":"if","locations":[{"start":{"line":24,"column":14},"end":{"line":29,"column":15}}]},"5":{"loc":{"start":{"line":25,"column":16},"end":{"line":26,"column":50}},"type":"binary-expr","locations":[{"start":{"line":25,"column":16},"end":{"line":25,"column":47}},{"start":{"line":26,"column":16},"end":{"line":26,"column":50}}]},"6":{"loc":{"start":{"line":41,"column":6},"end":{"line":44,"column":7}},"type":"if","locations":[{"start":{"line":41,"column":6},"end":{"line":44,"column":7}}]},"7":{"loc":{"start":{"line":50,"column":2},"end":{"line":58,"column":3}},"type":"if","locations":[{"start":{"line":50,"column":2},"end":{"line":58,"column":3}}]},"8":{"loc":{"start":{"line":63,"column":2},"end":{"line":71,"column":3}},"type":"if","locations":[{"start":{"line":63,"column":2},"end":{"line":71,"column":3}}]}},"s":{"0":0,"1":0,"2":0,"3":0,"4":0,"5":0,"6":0,"7":0,"8":0,"9":0,"10":0,"11":0,"12":0,"13":0,"14":0,"15":0,"16":0,"17":0,"18":0,"19":0,"20":0,"21":0,"22":0,"23":0,"24":0,"25":0,"26":0,"27":0,"28":0},"f":{"0":0,"1":0,"2":0,"3":0,"4":0,"5":0,"6":0,"7":0,"8":0,"9":0,"10":0},"b":{"0":[0],"1":[0],"2":[0,0],"3":[0],"4":[0],"5":[0,0],"6":[0],"7":[0],"8":[0]}}
,"C:\\dev\\projects\\web-apps\\shipping-pwa\\src\\utils\\toast.ts": {"path":"C:\\dev\\projects\\web-apps\\shipping-pwa\\src\\utils\\toast.ts","statementMap":{"0":{"start":{"line":1,"column":0},"end":{"line":1,"column":9}},"1":{"start":{"line":2,"column":9},"end":{"line":1,"column":31}}},"fnMap":{"0":{"name":"(anonymous_0)","decl":{"start":{"line":2,"column":9},"end":{"line":2,"column":14}},"loc":{"start":{"line":2,"column":9},"end":{"line":1,"column":31}}}},"branchMap":{},"s":{"0":0,"1":0},"f":{"0":0},"b":{}}
}
