TN:
SF:src\App.tsx
FN:16,(anonymous_1)
FNF:1
FNH:1
FNDA:2,(anonymous_1)
DA:1,1
DA:2,1
DA:3,1
DA:4,1
DA:5,1
DA:6,1
DA:7,1
DA:8,1
DA:9,1
DA:10,1
DA:11,1
DA:12,1
DA:14,1
DA:16,1
DA:17,2
DA:44,1
LF:16
LH:16
BRF:0
BRH:0
end_of_record
TN:
SF:src\main.tsx
FNF:0
FNH:0
DA:1,0
DA:2,0
DA:3,0
DA:4,0
DA:5,0
DA:6,0
DA:7,0
DA:9,0
DA:18,0
LF:9
LH:0
BRF:0
BRH:0
end_of_record
TN:
SF:src\test-comment.js
FNF:0
FNH:0
LF:0
LH:0
BRF:0
BRH:0
end_of_record
TN:
SF:src\__tests__\utils\test-utils.tsx
FN:6,(anonymous_10)
FN:21,(anonymous_11)
FN:40,(anonymous_12)
FN:46,(anonymous_13)
FN:47,(anonymous_14)
FNF:5
FNH:2
FNDA:22,(anonymous_10)
FNDA:26,(anonymous_11)
FNDA:0,(anonymous_12)
FNDA:0,(anonymous_13)
FNDA:0,(anonymous_14)
DA:2,3
DA:6,22
DA:21,3
DA:25,26
DA:29,3
DA:30,3
DA:33,3
DA:34,3
DA:35,3
DA:36,3
DA:37,3
DA:40,3
DA:41,0
DA:42,0
DA:46,3
DA:47,0
DA:48,0
DA:49,0
LF:18
LH:13
BRF:0
BRH:0
end_of_record
TN:
SF:src\components\DoorEntryRow.tsx
FN:40,(anonymous_1)
FN:51,(anonymous_2)
FN:55,(anonymous_3)
FN:69,(anonymous_4)
FN:87,(anonymous_5)
FN:90,(anonymous_6)
FN:92,(anonymous_7)
FN:96,(anonymous_8)
FN:100,(anonymous_9)
FN:106,(anonymous_10)
FN:110,(anonymous_11)
FN:115,(anonymous_12)
FN:124,(anonymous_13)
FN:160,(anonymous_14)
FN:169,(anonymous_15)
FN:189,(anonymous_16)
FN:198,(anonymous_17)
FN:210,(anonymous_18)
FN:227,(anonymous_19)
FN:236,(anonymous_20)
FN:258,(anonymous_21)
FN:298,(anonymous_22)
FN:307,(anonymous_23)
FN:359,(anonymous_24)
FNF:24
FNH:12
FNDA:30,(anonymous_1)
FNDA:30,(anonymous_2)
FNDA:42,(anonymous_3)
FNDA:85,(anonymous_4)
FNDA:41,(anonymous_5)
FNDA:0,(anonymous_6)
FNDA:0,(anonymous_7)
FNDA:42,(anonymous_8)
FNDA:0,(anonymous_9)
FNDA:0,(anonymous_10)
FNDA:1,(anonymous_11)
FNDA:0,(anonymous_12)
FNDA:0,(anonymous_13)
FNDA:0,(anonymous_14)
FNDA:425,(anonymous_15)
FNDA:0,(anonymous_16)
FNDA:340,(anonymous_17)
FNDA:85,(anonymous_18)
FNDA:0,(anonymous_19)
FNDA:510,(anonymous_20)
FNDA:0,(anonymous_21)
FNDA:0,(anonymous_22)
FNDA:1,(anonymous_23)
FNDA:0,(anonymous_24)
DA:1,5
DA:3,5
DA:4,5
DA:5,5
DA:6,5
DA:7,5
DA:11,5
DA:18,5
DA:19,5
DA:20,5
DA:21,5
DA:36,5
DA:37,5
DA:40,5
DA:41,30
DA:44,5
DA:52,30
DA:55,5
DA:56,42
DA:57,42
DA:58,7
DA:60,42
DA:61,7
DA:63,42
DA:64,0
DA:66,42
DA:69,5
DA:77,85
DA:78,85
DA:79,85
DA:84,85
DA:85,85
DA:87,85
DA:88,41
DA:89,0
DA:90,0
DA:91,0
DA:92,0
DA:96,85
DA:97,42
DA:100,85
DA:101,0
DA:103,0
DA:106,85
DA:107,0
DA:110,85
DA:111,1
DA:112,1
DA:115,85
DA:116,0
DA:120,85
DA:124,0
DA:148,85
DA:149,85
DA:152,85
DA:160,0
DA:170,425
DA:185,85
DA:189,0
DA:199,340
DA:210,85
DA:211,85
DA:212,0
DA:213,0
DA:214,0
DA:215,0
DA:216,0
DA:217,0
DA:218,85
DA:223,85
DA:227,0
DA:237,510
DA:251,85
DA:259,0
DA:279,85
DA:293,85
DA:298,0
DA:307,1
DA:315,85
DA:316,85
DA:338,0
DA:359,0
DA:371,5
LF:83
LH:60
BRDA:57,0,0,7
BRDA:57,1,0,42
BRDA:57,1,1,37
BRDA:60,2,0,7
BRDA:63,3,0,0
BRDA:75,4,0,85
BRDA:88,5,0,0
BRDA:101,6,0,0
BRDA:122,7,0,0
BRDA:122,7,1,85
BRDA:124,8,0,0
BRDA:124,8,1,0
BRDA:124,8,2,0
BRDA:129,9,0,0
BRDA:129,9,1,85
BRDA:130,10,0,0
BRDA:130,10,1,85
BRDA:138,11,0,85
BRDA:138,11,1,1
BRDA:140,12,0,1
BRDA:140,12,1,1
BRDA:153,13,0,85
BRDA:153,13,1,85
BRDA:154,14,0,85
BRDA:154,14,1,0
BRDA:163,15,0,0
BRDA:163,15,1,85
BRDA:166,16,0,0
BRDA:166,16,1,85
BRDA:173,17,0,0
BRDA:173,17,1,425
BRDA:180,18,0,85
BRDA:180,18,1,7
BRDA:186,19,0,85
BRDA:186,19,1,0
BRDA:205,20,0,85
BRDA:205,20,1,0
BRDA:211,21,0,0
BRDA:211,21,1,0
BRDA:211,21,2,0
BRDA:211,21,3,0
BRDA:211,21,4,0
BRDA:211,21,5,0
BRDA:211,21,6,85
BRDA:224,22,0,85
BRDA:224,22,1,0
BRDA:230,23,0,85
BRDA:230,23,1,0
BRDA:279,24,0,0
BRDA:279,24,1,85
BRDA:281,25,0,0
BRDA:281,25,1,85
BRDA:284,26,0,85
BRDA:284,26,1,85
BRDA:286,27,0,85
BRDA:286,27,1,7
BRDA:293,28,0,0
BRDA:293,28,1,85
BRDA:299,29,0,0
BRDA:299,29,1,85
BRDA:315,30,0,85
BRDA:315,30,1,0
BRDA:319,31,0,0
BRDA:319,31,1,85
BRDA:320,32,0,0
BRDA:320,32,1,85
BRDA:323,33,0,0
BRDA:323,33,1,85
BRDA:327,34,0,0
BRDA:327,34,1,85
BRDA:340,35,0,0
BRDA:340,35,1,0
BRDA:358,36,0,0
BRDA:358,36,1,0
BRF:74
BRH:38
end_of_record
TN:
SF:src\components\ErrorBoundary.tsx
FN:19,(anonymous_0)
FN:64,(anonymous_1)
FN:72,(anonymous_2)
FN:28,(anonymous_3)
FN:37,(anonymous_4)
FN:76,(anonymous_5)
FN:149,(anonymous_6)
FN:150,(anonymous_7)
FN:157,(anonymous_8)
FN:162,(anonymous_9)
FNF:10
FNH:2
FNDA:4,(anonymous_0)
FNDA:0,(anonymous_1)
FNDA:0,(anonymous_2)
FNDA:0,(anonymous_3)
FNDA:0,(anonymous_4)
FNDA:3,(anonymous_5)
FNDA:0,(anonymous_6)
FNDA:0,(anonymous_7)
FNDA:0,(anonymous_8)
FNDA:0,(anonymous_9)
DA:1,1
DA:2,1
DA:3,1
DA:4,1
DA:20,4
DA:21,3
DA:30,0
DA:39,0
DA:42,0
DA:48,0
DA:49,0
DA:53,0
DA:55,0
DA:64,3
DA:65,0
DA:72,3
DA:73,0
DA:77,3
DA:79,0
DA:80,0
DA:84,0
DA:142,3
DA:146,1
DA:149,1
DA:150,0
DA:152,0
DA:157,1
DA:162,0
DA:163,0
DA:168,0
DA:170,0
LF:31
LH:13
BRDA:48,0,0,0
BRDA:53,1,0,0
BRDA:77,2,0,0
BRDA:79,3,0,0
BRDA:99,4,0,0
BRDA:99,4,1,0
BRDA:99,4,2,0
BRDA:105,5,0,0
BRDA:105,5,1,0
BRDA:168,6,0,0
BRDA:168,6,1,0
BRF:11
BRH:0
end_of_record
TN:
SF:src\components\ShippingTable.tsx
FN:29,(anonymous_1)
FN:39,(anonymous_2)
FN:42,(anonymous_3)
FN:43,(anonymous_4)
FN:51,(anonymous_5)
FN:54,(anonymous_6)
FN:63,(anonymous_7)
FN:66,(anonymous_8)
FN:68,(anonymous_9)
FN:73,(anonymous_10)
FN:89,(anonymous_11)
FN:102,(anonymous_12)
FN:103,(anonymous_13)
FN:116,(anonymous_14)
FN:124,(anonymous_15)
FN:143,(anonymous_16)
FN:145,(anonymous_17)
FN:153,(anonymous_18)
FN:156,(anonymous_19)
FN:158,(anonymous_20)
FN:166,(anonymous_21)
FN:179,(anonymous_22)
FN:195,(anonymous_23)
FN:215,(anonymous_24)
FN:233,(anonymous_25)
FN:235,(anonymous_26)
FN:245,(anonymous_27)
FN:256,(anonymous_28)
FN:277,(anonymous_29)
FN:288,(anonymous_30)
FN:295,(anonymous_31)
FN:296,(anonymous_32)
FN:340,(anonymous_33)
FN:343,(anonymous_34)
FN:343,(anonymous_35)
FN:351,(anonymous_36)
FN:353,(anonymous_37)
FN:383,(anonymous_38)
FN:391,(anonymous_39)
FN:406,(anonymous_40)
FN:407,(anonymous_41)
FN:416,(anonymous_42)
FN:418,(anonymous_43)
FN:426,(anonymous_44)
FN:428,(anonymous_45)
FN:432,(anonymous_46)
FN:526,(anonymous_47)
FN:541,(anonymous_48)
FNF:48
FNH:8
FNDA:1,(anonymous_1)
FNDA:0,(anonymous_2)
FNDA:0,(anonymous_3)
FNDA:0,(anonymous_4)
FNDA:0,(anonymous_5)
FNDA:0,(anonymous_6)
FNDA:2,(anonymous_7)
FNDA:1,(anonymous_8)
FNDA:1,(anonymous_9)
FNDA:1,(anonymous_10)
FNDA:3,(anonymous_11)
FNDA:1,(anonymous_12)
FNDA:1,(anonymous_13)
FNDA:0,(anonymous_14)
FNDA:0,(anonymous_15)
FNDA:0,(anonymous_16)
FNDA:0,(anonymous_17)
FNDA:0,(anonymous_18)
FNDA:0,(anonymous_19)
FNDA:0,(anonymous_20)
FNDA:0,(anonymous_21)
FNDA:0,(anonymous_22)
FNDA:0,(anonymous_23)
FNDA:0,(anonymous_24)
FNDA:0,(anonymous_25)
FNDA:0,(anonymous_26)
FNDA:0,(anonymous_27)
FNDA:0,(anonymous_28)
FNDA:0,(anonymous_29)
FNDA:0,(anonymous_30)
FNDA:0,(anonymous_31)
FNDA:0,(anonymous_32)
FNDA:0,(anonymous_33)
FNDA:0,(anonymous_34)
FNDA:0,(anonymous_35)
FNDA:0,(anonymous_36)
FNDA:0,(anonymous_37)
FNDA:0,(anonymous_38)
FNDA:0,(anonymous_39)
FNDA:0,(anonymous_40)
FNDA:0,(anonymous_41)
FNDA:0,(anonymous_42)
FNDA:0,(anonymous_43)
FNDA:0,(anonymous_44)
FNDA:0,(anonymous_45)
FNDA:0,(anonymous_46)
FNDA:0,(anonymous_47)
FNDA:0,(anonymous_48)
DA:1,1
DA:2,1
DA:3,1
DA:4,1
DA:5,1
DA:12,1
DA:13,1
DA:15,1
DA:16,1
DA:17,1
DA:18,1
DA:19,1
DA:20,1
DA:21,1
DA:26,1
DA:29,1
DA:30,1
DA:31,1
DA:32,1
DA:34,0
DA:35,0
DA:39,1
DA:40,0
DA:41,0
DA:42,0
DA:43,0
DA:45,0
DA:47,0
DA:51,1
DA:52,0
DA:53,0
DA:54,0
DA:55,0
DA:57,0
DA:63,1
DA:64,2
DA:66,2
DA:67,1
DA:68,1
DA:69,1
DA:71,1
DA:73,1
DA:74,1
DA:78,2
DA:89,1
DA:90,3
DA:91,2
DA:92,2
DA:94,2
DA:95,2
DA:96,2
DA:97,2
DA:98,2
DA:99,2
DA:102,2
DA:103,1
DA:104,1
DA:105,1
DA:106,1
DA:107,1
DA:109,0
DA:110,0
DA:113,1
DA:116,1
DA:118,0
DA:119,0
DA:120,0
DA:124,2
DA:125,0
DA:126,0
DA:127,0
DA:129,0
DA:141,0
DA:142,0
DA:143,0
DA:144,0
DA:145,0
DA:146,0
DA:148,0
DA:149,0
DA:153,2
DA:154,0
DA:155,0
DA:156,0
DA:157,0
DA:158,0
DA:160,0
DA:161,0
DA:166,2
DA:167,0
DA:168,0
DA:169,0
DA:173,0
DA:174,0
DA:175,0
DA:176,0
DA:178,0
DA:179,0
DA:180,0
DA:181,0
DA:182,0
DA:184,0
DA:185,0
DA:186,0
DA:188,0
DA:189,0
DA:193,0
DA:194,0
DA:195,0
DA:197,0
DA:210,0
DA:211,0
DA:215,2
DA:216,0
DA:217,0
DA:218,0
DA:220,0
DA:231,0
DA:232,0
DA:233,0
DA:234,0
DA:235,0
DA:236,0
DA:240,0
DA:241,0
DA:245,2
DA:246,0
DA:249,0
DA:250,0
DA:252,0
DA:253,0
DA:254,0
DA:256,0
DA:257,0
DA:258,0
DA:259,0
DA:260,0
DA:261,0
DA:264,0
DA:275,0
DA:276,0
DA:277,0
DA:278,0
DA:282,0
DA:283,0
DA:288,2
DA:293,0
DA:295,0
DA:296,0
DA:297,0
DA:298,0
DA:299,0
DA:300,0
DA:301,0
DA:302,0
DA:304,0
DA:310,0
DA:312,0
DA:313,0
DA:314,0
DA:315,0
DA:317,0
DA:323,0
DA:325,0
DA:327,0
DA:330,0
DA:331,0
DA:332,0
DA:334,0
DA:335,0
DA:340,2
DA:341,0
DA:342,0
DA:343,0
DA:344,0
DA:346,0
DA:347,0
DA:351,2
DA:353,2
DA:354,0
DA:355,0
DA:357,0
DA:358,0
DA:359,0
DA:360,0
DA:363,0
DA:364,0
DA:365,0
DA:366,0
DA:369,0
DA:381,0
DA:382,0
DA:383,0
DA:384,0
DA:386,0
DA:387,0
DA:388,0
DA:389,0
DA:391,0
DA:392,0
DA:393,0
DA:395,0
DA:396,0
DA:397,0
DA:399,0
DA:400,0
DA:402,0
DA:406,2
DA:407,0
DA:408,0
DA:409,0
DA:410,0
DA:411,0
DA:412,0
DA:416,2
DA:417,0
DA:418,0
DA:419,0
DA:420,0
DA:422,0
DA:426,2
DA:427,0
DA:428,0
DA:429,0
DA:431,0
DA:432,0
DA:433,0
DA:434,0
DA:437,0
DA:441,2
DA:442,2
DA:450,0
DA:527,0
DA:542,0
DA:562,1
DA:563,1
DA:564,1
DA:569,1
LF:238
LH:67
BRDA:32,0,0,0
BRDA:32,0,1,1
BRDA:42,1,0,0
BRDA:42,1,1,0
BRDA:43,2,0,0
BRDA:43,2,1,0
BRDA:107,3,0,1
BRDA:107,3,1,0
BRDA:125,4,0,0
BRDA:167,5,0,0
BRDA:173,6,0,0
BRDA:173,6,1,0
BRDA:174,7,0,0
BRDA:174,8,0,0
BRDA:174,8,1,0
BRDA:174,8,2,0
BRDA:174,8,3,0
BRDA:178,9,0,0
BRDA:181,10,0,0
BRDA:181,10,1,0
BRDA:184,11,0,0
BRDA:193,12,0,0
BRDA:193,12,1,0
BRDA:194,13,0,0
BRDA:194,13,1,0
BRDA:195,14,0,0
BRDA:195,14,1,0
BRDA:200,15,0,0
BRDA:200,15,1,0
BRDA:200,16,0,0
BRDA:200,16,1,0
BRDA:201,17,0,0
BRDA:201,17,1,0
BRDA:201,18,0,0
BRDA:201,18,1,0
BRDA:202,19,0,0
BRDA:202,19,1,0
BRDA:202,20,0,0
BRDA:202,20,1,0
BRDA:216,21,0,0
BRDA:249,22,0,0
BRDA:249,22,1,0
BRDA:249,23,0,0
BRDA:249,23,1,0
BRDA:252,24,0,0
BRDA:259,25,0,0
BRDA:297,26,0,0
BRDA:298,27,0,0
BRDA:300,28,0,0
BRDA:300,29,0,0
BRDA:300,29,1,0
BRDA:300,29,2,0
BRDA:312,30,0,0
BRDA:312,30,1,0
BRDA:314,31,0,0
BRDA:330,32,0,0
BRDA:355,33,0,0
BRDA:355,34,0,0
BRDA:355,34,1,0
BRDA:358,35,0,0
BRDA:358,36,0,0
BRDA:358,36,1,0
BRDA:358,36,2,0
BRDA:364,37,0,0
BRDA:364,38,0,0
BRDA:364,38,1,0
BRDA:370,39,0,0
BRDA:370,39,1,0
BRDA:382,40,0,0
BRDA:382,40,1,0
BRDA:384,41,0,0
BRDA:384,41,1,0
BRDA:391,42,0,0
BRDA:408,43,0,0
BRDA:429,44,0,0
BRDA:429,44,1,0
BRDA:433,45,0,0
BRDA:441,46,0,2
BRDA:490,47,0,0
BRDA:490,47,1,0
BRDA:508,48,0,0
BRDA:508,48,1,0
BRDA:509,49,0,0
BRDA:509,49,1,0
BRF:84
BRH:3
end_of_record
TN:
SF:src\components\VoiceDoorControl.tsx
FN:33,(anonymous_1)
FN:37,(anonymous_2)
FN:179,(anonymous_3)
FN:415,(anonymous_4)
FN:435,(anonymous_5)
FN:442,(anonymous_6)
FN:450,(anonymous_7)
FN:535,(anonymous_8)
FN:545,(anonymous_9)
FN:566,(anonymous_10)
FNF:10
FNH:0
FNDA:0,(anonymous_1)
FNDA:0,(anonymous_2)
FNDA:0,(anonymous_3)
FNDA:0,(anonymous_4)
FNDA:0,(anonymous_5)
FNDA:0,(anonymous_6)
FNDA:0,(anonymous_7)
FNDA:0,(anonymous_8)
FNDA:0,(anonymous_9)
FNDA:0,(anonymous_10)
DA:1,1
DA:2,1
DA:3,1
DA:4,1
DA:5,1
DA:6,1
DA:7,1
DA:8,1
DA:9,1
DA:11,1
DA:33,1
DA:34,0
DA:37,1
DA:39,0
DA:40,0
DA:43,0
DA:177,0
DA:180,0
DA:183,0
DA:184,0
DA:185,0
DA:188,0
DA:189,0
DA:190,0
DA:194,0
DA:195,0
DA:196,0
DA:200,0
DA:201,0
DA:204,0
DA:207,0
DA:208,0
DA:210,0
DA:212,0
DA:216,0
DA:217,0
DA:219,0
DA:220,0
DA:222,0
DA:223,0
DA:224,0
DA:225,0
DA:226,0
DA:227,0
DA:228,0
DA:229,0
DA:230,0
DA:231,0
DA:234,0
DA:235,0
DA:236,0
DA:237,0
DA:238,0
DA:239,0
DA:240,0
DA:241,0
DA:243,0
DA:246,0
DA:247,0
DA:249,0
DA:250,0
DA:252,0
DA:255,0
DA:256,0
DA:258,0
DA:259,0
DA:260,0
DA:261,0
DA:262,0
DA:263,0
DA:264,0
DA:265,0
DA:266,0
DA:267,0
DA:270,0
DA:273,0
DA:274,0
DA:275,0
DA:277,0
DA:279,0
DA:282,0
DA:285,0
DA:311,0
DA:312,0
DA:313,0
DA:315,0
DA:317,0
DA:321,0
DA:324,0
DA:345,0
DA:346,0
DA:347,0
DA:349,0
DA:351,0
DA:354,0
DA:355,0
DA:356,0
DA:357,0
DA:358,0
DA:360,0
DA:363,0
DA:364,0
DA:365,0
DA:366,0
DA:367,0
DA:369,0
DA:372,0
DA:373,0
DA:374,0
DA:375,0
DA:376,0
DA:377,0
DA:379,0
DA:382,0
DA:383,0
DA:384,0
DA:385,0
DA:387,0
DA:390,0
DA:391,0
DA:393,0
DA:395,0
DA:396,0
DA:397,0
DA:402,0
DA:403,0
DA:405,0
DA:406,0
DA:415,0
DA:416,0
DA:417,0
DA:419,0
DA:420,0
DA:421,0
DA:425,0
DA:426,0
DA:427,0
DA:430,0
DA:435,0
DA:436,0
DA:437,0
DA:442,0
DA:443,0
DA:444,0
DA:445,0
DA:446,0
DA:450,0
DA:451,0
DA:452,0
DA:454,0
DA:455,0
DA:457,0
DA:458,0
DA:460,0
DA:464,0
DA:465,0
DA:468,0
DA:526,0
DA:527,0
DA:528,0
DA:536,0
DA:540,0
DA:546,0
DA:547,0
DA:549,0
DA:567,0
DA:595,1
LF:167
LH:13
BRDA:183,0,0,0
BRDA:188,1,0,0
BRDA:194,2,0,0
BRDA:194,3,0,0
BRDA:194,3,1,0
BRDA:194,3,2,0
BRDA:200,4,0,0
BRDA:200,5,0,0
BRDA:200,5,1,0
BRDA:201,6,0,0
BRDA:201,6,1,0
BRDA:201,6,2,0
BRDA:201,6,3,0
BRDA:201,6,4,0
BRDA:201,6,5,0
BRDA:201,6,6,0
BRDA:201,6,7,0
BRDA:201,6,8,0
BRDA:201,6,9,0
BRDA:201,6,10,0
BRDA:201,6,11,0
BRDA:201,6,12,0
BRDA:204,7,0,0
BRDA:204,7,1,0
BRDA:204,7,2,0
BRDA:207,8,0,0
BRDA:207,8,1,0
BRDA:207,9,0,0
BRDA:207,9,1,0
BRDA:216,10,0,0
BRDA:216,11,0,0
BRDA:216,11,1,0
BRDA:219,12,0,0
BRDA:219,13,0,0
BRDA:219,13,1,0
BRDA:222,14,0,0
BRDA:224,15,0,0
BRDA:224,15,1,0
BRDA:224,16,0,0
BRDA:224,16,1,0
BRDA:226,17,0,0
BRDA:226,17,1,0
BRDA:226,18,0,0
BRDA:226,18,1,0
BRDA:228,19,0,0
BRDA:228,19,1,0
BRDA:228,20,0,0
BRDA:228,20,1,0
BRDA:230,21,0,0
BRDA:230,22,0,0
BRDA:230,22,1,0
BRDA:234,23,0,0
BRDA:236,24,0,0
BRDA:236,24,1,0
BRDA:237,25,0,0
BRDA:237,25,1,0
BRDA:238,26,0,0
BRDA:238,26,1,0
BRDA:238,27,0,0
BRDA:238,27,1,0
BRDA:239,28,0,0
BRDA:239,28,1,0
BRDA:240,29,0,0
BRDA:240,29,1,0
BRDA:241,30,0,0
BRDA:246,31,0,0
BRDA:246,32,0,0
BRDA:246,32,1,0
BRDA:249,33,0,0
BRDA:249,34,0,0
BRDA:249,34,1,0
BRDA:255,35,0,0
BRDA:255,36,0,0
BRDA:255,36,1,0
BRDA:258,37,0,0
BRDA:260,38,0,0
BRDA:260,38,1,0
BRDA:260,39,0,0
BRDA:260,39,1,0
BRDA:262,40,0,0
BRDA:262,40,1,0
BRDA:264,41,0,0
BRDA:264,41,1,0
BRDA:264,42,0,0
BRDA:264,42,1,0
BRDA:266,43,0,0
BRDA:266,44,0,0
BRDA:266,44,1,0
BRDA:273,45,0,0
BRDA:273,45,1,0
BRDA:274,46,0,0
BRDA:274,46,1,0
BRDA:274,47,0,0
BRDA:274,47,1,0
BRDA:312,48,0,0
BRDA:312,48,1,0
BRDA:346,49,0,0
BRDA:346,49,1,0
BRDA:355,50,0,0
BRDA:355,50,1,0
BRDA:355,51,0,0
BRDA:355,51,1,0
BRDA:357,52,0,0
BRDA:357,53,0,0
BRDA:357,53,1,0
BRDA:365,54,0,0
BRDA:365,55,0,0
BRDA:365,55,1,0
BRDA:374,56,0,0
BRDA:374,57,0,0
BRDA:374,57,1,0
BRDA:374,57,2,0
BRDA:383,58,0,0
BRDA:390,59,0,0
BRDA:390,60,0,0
BRDA:390,60,1,0
BRDA:402,61,0,0
BRDA:402,61,1,0
BRDA:410,62,0,0
BRDA:410,62,1,0
BRDA:419,63,0,0
BRDA:419,63,1,0
BRDA:425,64,0,0
BRDA:430,65,0,0
BRDA:430,65,1,0
BRDA:436,66,0,0
BRDA:436,67,0,0
BRDA:436,67,1,0
BRDA:443,68,0,0
BRDA:444,69,0,0
BRDA:445,70,0,0
BRDA:451,71,0,0
BRDA:454,72,0,0
BRDA:457,73,0,0
BRDA:464,74,0,0
BRDA:546,75,0,0
BRDA:546,75,1,0
BRDA:552,76,0,0
BRDA:552,76,1,0
BRDA:564,77,0,0
BRDA:564,77,1,0
BRDA:569,78,0,0
BRDA:569,78,1,0
BRF:143
BRH:0
end_of_record
TN:
SF:src\components\export\DataExport.tsx
FN:13,(anonymous_0)
FN:18,(anonymous_1)
FN:20,(anonymous_2)
FN:38,(anonymous_3)
FN:52,(anonymous_4)
FNF:5
FNH:5
FNDA:21,(anonymous_0)
FNDA:7,(anonymous_1)
FNDA:160,(anonymous_2)
FNDA:7,(anonymous_3)
FNDA:7,(anonymous_4)
DA:1,1
DA:2,1
DA:3,1
DA:5,1
DA:6,1
DA:7,1
DA:13,1
DA:14,21
DA:15,21
DA:16,21
DA:18,21
DA:19,7
DA:20,7
DA:21,160
DA:33,160
DA:35,7
DA:38,21
DA:39,7
DA:40,7
DA:41,7
DA:44,7
DA:45,7
DA:47,7
DA:48,7
DA:49,7
DA:50,7
DA:52,7
DA:55,7
DA:56,7
DA:57,7
DA:59,6
DA:60,6
DA:66,1
DA:67,1
DA:73,7
DA:77,21
DA:103,1
LF:37
LH:37
BRDA:29,0,0,5
BRDA:29,0,1,155
BRDA:49,1,0,7
BRDA:49,1,1,0
BRDA:49,2,0,7
BRDA:49,2,1,0
BRDA:69,3,0,1
BRDA:69,3,1,0
BRDA:85,4,0,7
BRDA:85,4,1,14
BRDA:88,5,0,21
BRDA:88,5,1,7
BRF:12
BRH:9
end_of_record
TN:
SF:src\components\export\ExportAll.tsx
FN:18,(anonymous_0)
FN:21,(anonymous_1)
FNF:2
FNH:0
FNDA:0,(anonymous_0)
FNDA:0,(anonymous_1)
DA:1,1
DA:2,1
DA:3,1
DA:4,1
DA:6,1
DA:7,1
DA:18,1
DA:19,0
DA:21,0
DA:22,0
DA:23,0
DA:24,0
DA:27,0
DA:29,0
DA:30,0
DA:32,0
DA:36,0
DA:37,0
DA:41,0
DA:45,0
DA:82,1
LF:21
LH:8
BRDA:22,0,0,0
BRDA:22,1,0,0
BRDA:22,1,1,0
BRDA:51,2,0,0
BRDA:51,2,1,0
BRDA:51,2,2,0
BRDA:55,3,0,0
BRDA:55,3,1,0
BRDA:59,4,0,0
BRDA:59,4,1,0
BRF:10
BRH:0
end_of_record
TN:
SF:src\components\layout\TopNav.tsx
FN:13,(anonymous_1)
FN:20,(anonymous_2)
FNF:2
FNH:2
FNDA:1,(anonymous_1)
FNDA:4,(anonymous_2)
DA:2,1
DA:3,1
DA:4,1
DA:6,1
DA:13,1
DA:14,1
DA:15,1
DA:17,1
DA:21,4
DA:22,4
DA:41,1
LF:11
LH:11
BRDA:25,0,0,1
BRDA:25,0,1,3
BRDA:28,1,0,4
BRDA:28,1,1,1
BRF:4
BRH:4
end_of_record
TN:
SF:src\components\pallets\PalletCounter.tsx
FN:11,(anonymous_1)
FN:63,(anonymous_2)
FN:68,(anonymous_3)
FN:69,(anonymous_4)
FN:70,(anonymous_5)
FN:71,(anonymous_6)
FN:74,(anonymous_7)
FNF:7
FNH:5
FNDA:12,(anonymous_1)
FNDA:10,(anonymous_2)
FNDA:1,(anonymous_3)
FNDA:1,(anonymous_4)
FNDA:0,(anonymous_5)
FNDA:0,(anonymous_6)
FNDA:1,(anonymous_7)
DA:2,2
DA:3,2
DA:4,2
DA:5,2
DA:7,2
DA:8,2
DA:9,2
DA:11,2
DA:20,12
DA:22,12
DA:64,10
DA:68,1
DA:69,1
DA:70,0
DA:72,0
DA:74,1
DA:87,2
LF:17
LH:15
BRDA:45,0,0,2
BRDA:45,0,1,10
BRF:2
BRH:2
end_of_record
TN:
SF:src\components\pallets\PalletExport.tsx
FN:12,(anonymous_0)
FN:15,(anonymous_1)
FN:44,(anonymous_2)
FN:65,(anonymous_3)
FN:77,(anonymous_4)
FNF:5
FNH:1
FNDA:12,(anonymous_0)
FNDA:0,(anonymous_1)
FNDA:0,(anonymous_2)
FNDA:0,(anonymous_3)
FNDA:0,(anonymous_4)
DA:1,2
DA:2,2
DA:3,2
DA:4,2
DA:6,2
DA:12,2
DA:13,12
DA:15,12
DA:16,0
DA:17,0
DA:18,0
DA:21,0
DA:23,0
DA:24,0
DA:25,0
DA:30,0
DA:32,0
DA:44,0
DA:45,0
DA:46,0
DA:50,0
DA:63,0
DA:65,0
DA:68,0
DA:69,0
DA:70,0
DA:71,0
DA:72,0
DA:73,0
DA:74,0
DA:77,0
DA:78,0
DA:79,0
DA:80,0
DA:83,0
DA:87,0
DA:88,0
DA:91,0
DA:95,12
DA:109,2
LF:40
LH:10
BRDA:16,0,0,0
BRDA:46,1,0,0
BRDA:46,1,1,0
BRDA:52,2,0,0
BRDA:52,2,1,0
BRDA:54,3,0,0
BRDA:54,3,1,0
BRDA:55,4,0,0
BRDA:55,4,1,0
BRDA:100,5,0,0
BRDA:100,5,1,12
BRDA:104,6,0,0
BRDA:104,6,1,12
BRF:13
BRH:2
end_of_record
TN:
SF:src\components\pallets\PalletRow.tsx
FN:21,(anonymous_1)
FN:41,(anonymous_2)
FN:45,(anonymous_3)
FN:55,(anonymous_4)
FN:61,(anonymous_5)
FN:70,(anonymous_6)
FN:74,(anonymous_7)
FN:91,(anonymous_8)
FN:100,(anonymous_9)
FN:109,(anonymous_10)
FN:118,(anonymous_11)
FNF:11
FNH:7
FNDA:20,(anonymous_1)
FNDA:10,(anonymous_2)
FNDA:0,(anonymous_3)
FNDA:10,(anonymous_4)
FNDA:10,(anonymous_5)
FNDA:0,(anonymous_6)
FNDA:0,(anonymous_7)
FNDA:20,(anonymous_8)
FNDA:20,(anonymous_9)
FNDA:20,(anonymous_10)
FNDA:0,(anonymous_11)
DA:1,2
DA:2,2
DA:3,2
DA:4,2
DA:5,2
DA:6,2
DA:8,2
DA:9,2
DA:21,2
DA:30,20
DA:31,20
DA:36,20
DA:41,20
DA:42,10
DA:44,10
DA:45,1
DA:46,0
DA:47,0
DA:48,0
DA:49,0
DA:52,9
DA:55,10
DA:56,10
DA:61,20
DA:62,10
DA:63,10
DA:65,0
DA:69,20
DA:71,0
DA:72,0
DA:75,0
DA:76,0
DA:77,0
DA:78,0
DA:79,0
DA:80,0
DA:81,0
DA:83,0
DA:91,20
DA:92,20
DA:93,20
DA:94,20
DA:97,20
DA:100,20
DA:101,20
DA:102,20
DA:109,20
DA:110,20
DA:111,20
DA:118,20
DA:119,0
DA:120,0
DA:122,0
DA:123,0
DA:127,20
DA:226,2
LF:56
LH:37
BRDA:37,0,0,20
BRDA:37,0,1,20
BRDA:44,1,0,1
BRDA:44,1,1,9
BRDA:44,2,0,10
BRDA:44,2,1,1
BRDA:52,3,0,9
BRDA:52,3,1,9
BRDA:56,4,0,1
BRDA:62,5,0,10
BRDA:71,6,0,0
BRDA:75,7,0,0
BRDA:76,8,0,0
BRDA:76,8,1,0
BRDA:79,9,0,0
BRDA:92,10,0,0
BRDA:93,11,0,0
BRDA:97,12,0,2
BRDA:97,12,1,18
BRDA:101,13,0,0
BRDA:110,14,0,0
BRDA:120,15,0,0
BRDA:120,15,1,0
BRDA:122,16,0,0
BRDA:122,17,0,0
BRDA:122,17,1,0
BRDA:129,18,0,0
BRDA:129,18,1,20
BRDA:137,19,0,20
BRDA:137,19,1,0
BRDA:169,20,0,2
BRDA:169,20,1,18
BRDA:172,21,0,2
BRDA:172,21,1,18
BRDA:173,22,0,2
BRDA:173,22,1,18
BRDA:176,23,0,2
BRDA:176,23,1,18
BRDA:187,24,0,2
BRDA:187,24,1,18
BRDA:191,25,0,0
BRDA:191,25,1,18
BRDA:193,26,0,0
BRDA:193,26,1,0
BRDA:193,27,0,0
BRDA:193,27,1,0
BRDA:201,28,0,20
BRDA:201,28,1,20
BRF:48
BRH:27
end_of_record
TN:
SF:src\components\pallets\PalletVoiceControl.tsx
FN:17,(anonymous_1)
FN:52,(anonymous_2)
FNF:2
FNH:1
FNDA:24,(anonymous_1)
FNDA:0,(anonymous_2)
DA:2,2
DA:3,2
DA:4,2
DA:5,2
DA:6,2
DA:7,2
DA:8,2
DA:9,2
DA:10,2
DA:11,2
DA:17,2
DA:18,24
DA:19,24
DA:21,24
DA:38,24
DA:44,24
DA:47,24
DA:48,24
DA:53,0
DA:66,0
DA:74,0
DA:104,2
LF:22
LH:19
BRDA:44,0,0,0
BRDA:47,1,0,24
BRDA:78,2,0,0
BRDA:78,2,1,0
BRF:4
BRH:1
end_of_record
TN:
SF:src\components\pallets\QuickPalletInput.tsx
FN:11,(anonymous_1)
FN:18,(anonymous_2)
FN:20,(anonymous_3)
FN:23,(anonymous_4)
FN:38,(anonymous_5)
FN:43,(anonymous_6)
FN:48,(anonymous_7)
FN:49,(anonymous_8)
FN:52,(anonymous_9)
FN:57,(anonymous_10)
FN:75,(anonymous_11)
FN:81,(anonymous_12)
FN:88,(anonymous_13)
FNF:13
FNH:2
FNDA:1,(anonymous_1)
FNDA:0,(anonymous_2)
FNDA:0,(anonymous_3)
FNDA:0,(anonymous_4)
FNDA:0,(anonymous_5)
FNDA:0,(anonymous_6)
FNDA:0,(anonymous_7)
FNDA:0,(anonymous_8)
FNDA:0,(anonymous_9)
FNDA:0,(anonymous_10)
FNDA:9,(anonymous_11)
FNDA:0,(anonymous_12)
FNDA:0,(anonymous_13)
DA:1,5
DA:2,5
DA:3,5
DA:11,5
DA:16,1
DA:18,1
DA:20,0
DA:23,1
DA:24,0
DA:25,0
DA:26,0
DA:27,0
DA:28,0
DA:30,0
DA:33,0
DA:34,0
DA:38,1
DA:39,0
DA:40,0
DA:43,1
DA:44,0
DA:45,0
DA:48,1
DA:49,0
DA:52,1
DA:53,0
DA:57,1
DA:58,0
DA:61,1
DA:76,9
DA:81,0
DA:88,0
DA:113,5
LF:33
LH:15
BRDA:25,0,0,0
BRDA:25,0,1,0
BRDA:25,1,0,0
BRDA:25,1,1,0
BRDA:28,2,0,0
BRDA:28,2,1,0
BRDA:71,3,0,1
BRDA:71,3,1,1
BRF:8
BRH:2
end_of_record
TN:
SF:src\components\pwa\InstallPrompt.tsx
FN:8,(anonymous_0)
FN:15,(anonymous_1)
FN:18,(anonymous_2)
FN:22,(anonymous_3)
FN:26,(anonymous_4)
FN:40,(anonymous_5)
FN:47,(anonymous_6)
FN:87,(anonymous_7)
FN:93,(anonymous_8)
FNF:9
FNH:0
FNDA:0,(anonymous_0)
FNDA:0,(anonymous_1)
FNDA:0,(anonymous_2)
FNDA:0,(anonymous_3)
FNDA:0,(anonymous_4)
FNDA:0,(anonymous_5)
FNDA:0,(anonymous_6)
FNDA:0,(anonymous_7)
FNDA:0,(anonymous_8)
DA:1,0
DA:2,0
DA:3,0
DA:4,0
DA:5,0
DA:6,0
DA:8,0
DA:9,0
DA:10,0
DA:11,0
DA:12,0
DA:13,0
DA:15,0
DA:17,0
DA:18,0
DA:19,0
DA:22,0
DA:26,0
DA:27,0
DA:28,0
DA:29,0
DA:33,0
DA:34,0
DA:40,0
DA:41,0
DA:43,0
DA:47,0
DA:48,0
DA:49,0
DA:50,0
DA:51,0
DA:53,0
DA:54,0
DA:55,0
DA:57,0
DA:62,0
DA:65,0
DA:66,0
DA:87,0
DA:94,0
DA:95,0
DA:107,0
DA:148,0
LF:43
LH:0
BRDA:17,0,0,0
BRDA:27,1,0,0
BRDA:27,1,1,0
BRDA:49,2,0,0
BRDA:54,3,0,0
BRDA:54,3,1,0
BRDA:62,4,0,0
BRDA:62,5,0,0
BRDA:62,5,1,0
BRDA:62,5,2,0
BRDA:65,6,0,0
BRDA:119,7,0,0
BRDA:119,7,1,0
BRDA:121,8,0,0
BRDA:121,8,1,0
BRDA:139,9,0,0
BRDA:139,9,1,0
BRDA:140,10,0,0
BRDA:140,10,1,0
BRF:19
BRH:0
end_of_record
TN:
SF:src\components\pwa\PwaWrapper.tsx
FN:21,(anonymous_1)
FN:26,(anonymous_2)
FN:27,(anonymous_3)
FN:36,(anonymous_4)
FN:48,(anonymous_5)
FN:69,(anonymous_6)
FN:83,(anonymous_7)
FNF:7
FNH:0
FNDA:0,(anonymous_1)
FNDA:0,(anonymous_2)
FNDA:0,(anonymous_3)
FNDA:0,(anonymous_4)
FNDA:0,(anonymous_5)
FNDA:0,(anonymous_6)
FNDA:0,(anonymous_7)
DA:1,0
DA:2,0
DA:3,0
DA:5,0
DA:6,0
DA:21,0
DA:22,0
DA:23,0
DA:24,0
DA:26,0
DA:27,0
DA:28,0
DA:29,0
DA:30,0
DA:35,0
DA:36,0
DA:38,0
DA:41,0
DA:43,0
DA:45,0
DA:46,0
DA:49,0
DA:57,0
DA:66,0
DA:69,0
DA:70,0
DA:71,0
DA:72,0
DA:80,0
DA:81,0
DA:83,0
DA:84,0
DA:85,0
DA:89,0
DA:102,0
LF:35
LH:0
BRDA:29,0,0,0
BRDA:35,1,0,0
BRDA:38,2,0,0
BRDA:38,2,1,0
BRDA:45,3,0,0
BRDA:45,3,1,0
BRDA:93,4,0,0
BRDA:93,4,1,0
BRF:8
BRH:0
end_of_record
TN:
SF:src\components\settings\InteractionSettings.tsx
FN:9,(anonymous_0)
FN:12,(anonymous_1)
FN:16,(anonymous_2)
FNF:3
FNH:0
FNDA:0,(anonymous_0)
FNDA:0,(anonymous_1)
FNDA:0,(anonymous_2)
DA:2,1
DA:3,1
DA:4,1
DA:5,1
DA:6,1
DA:9,1
DA:10,0
DA:12,0
DA:13,0
DA:16,0
DA:17,0
DA:20,0
DA:73,1
LF:13
LH:7
BRF:0
BRH:0
end_of_record
TN:
SF:src\components\settings\ProfileSettings.tsx
FN:11,(anonymous_0)
FN:16,(anonymous_1)
FN:21,(anonymous_2)
FN:26,(anonymous_3)
FN:44,(anonymous_4)
FN:51,(anonymous_5)
FNF:6
FNH:0
FNDA:0,(anonymous_0)
FNDA:0,(anonymous_1)
FNDA:0,(anonymous_2)
FNDA:0,(anonymous_3)
FNDA:0,(anonymous_4)
FNDA:0,(anonymous_5)
DA:1,1
DA:2,1
DA:3,1
DA:4,1
DA:5,1
DA:6,1
DA:7,1
DA:9,1
DA:11,1
DA:12,0
DA:13,0
DA:14,0
DA:16,0
DA:17,0
DA:18,0
DA:21,0
DA:22,0
DA:23,0
DA:26,0
DA:27,0
DA:28,0
DA:31,0
DA:34,0
DA:35,0
DA:38,0
DA:41,0
DA:42,0
DA:44,0
DA:45,0
DA:46,0
DA:47,0
DA:51,0
DA:52,0
DA:53,0
DA:54,0
DA:55,0
DA:64,0
DA:105,1
LF:38
LH:10
BRDA:27,0,0,0
BRDA:41,1,0,0
BRDA:46,2,0,0
BRF:3
BRH:0
end_of_record
TN:
SF:src\components\settings\SettingsPanel.tsx
FN:11,(anonymous_1)
FN:14,(anonymous_2)
FNF:2
FNH:0
FNDA:0,(anonymous_1)
FNDA:0,(anonymous_2)
DA:2,1
DA:3,1
DA:4,1
DA:5,1
DA:6,1
DA:7,1
DA:8,1
DA:9,1
DA:11,1
DA:12,0
DA:14,0
DA:15,0
DA:16,0
DA:17,0
DA:18,0
DA:19,0
DA:20,0
DA:21,0
DA:22,0
DA:23,0
DA:24,0
DA:25,0
DA:26,0
DA:27,0
DA:28,0
DA:30,0
DA:35,0
DA:70,1
LF:28
LH:10
BRF:0
BRH:0
end_of_record
TN:
SF:src\components\settings\VoiceSettings.tsx
FN:20,(anonymous_9)
FN:26,(anonymous_10)
FN:48,(anonymous_11)
FN:66,(anonymous_12)
FN:97,(anonymous_13)
FN:117,(anonymous_14)
FN:130,(anonymous_15)
FN:143,(anonymous_16)
FN:168,(anonymous_17)
FN:182,(anonymous_18)
FN:207,(anonymous_19)
FN:254,(anonymous_20)
FN:276,(anonymous_21)
FNF:13
FNH:0
FNDA:0,(anonymous_9)
FNDA:0,(anonymous_10)
FNDA:0,(anonymous_11)
FNDA:0,(anonymous_12)
FNDA:0,(anonymous_13)
FNDA:0,(anonymous_14)
FNDA:0,(anonymous_15)
FNDA:0,(anonymous_16)
FNDA:0,(anonymous_17)
FNDA:0,(anonymous_18)
FNDA:0,(anonymous_19)
FNDA:0,(anonymous_20)
FNDA:0,(anonymous_21)
DA:1,1
DA:2,1
DA:3,1
DA:5,1
DA:6,1
DA:7,1
DA:8,1
DA:15,1
DA:17,1
DA:18,1
DA:20,1
DA:21,0
DA:22,0
DA:24,0
DA:26,0
DA:30,0
DA:31,0
DA:37,0
DA:49,0
DA:67,0
DA:98,0
DA:118,0
DA:131,0
DA:144,0
DA:169,0
DA:183,0
DA:208,0
DA:255,0
DA:277,0
DA:294,1
LF:30
LH:12
BRDA:55,0,0,0
BRDA:55,0,1,0
BRDA:65,1,0,0
BRDA:65,1,1,0
BRDA:83,2,0,0
BRDA:83,2,1,0
BRDA:85,3,0,0
BRDA:85,3,1,0
BRDA:96,4,0,0
BRDA:96,4,1,0
BRDA:167,5,0,0
BRDA:167,5,1,0
BRDA:191,6,0,0
BRDA:191,6,1,0
BRDA:199,7,0,0
BRDA:199,7,1,0
BRDA:204,8,0,0
BRDA:204,8,1,0
BRDA:230,9,0,0
BRDA:230,9,1,0
BRDA:236,10,0,0
BRDA:236,10,1,0
BRDA:244,11,0,0
BRDA:244,11,1,0
BRDA:253,12,0,0
BRDA:253,12,1,0
BRF:26
BRH:0
end_of_record
TN:
SF:src\components\shipping\DCSegmentedControl.tsx
FN:10,(anonymous_0)
FN:18,(anonymous_1)
FN:21,(anonymous_2)
FNF:3
FNH:0
FNDA:0,(anonymous_0)
FNDA:0,(anonymous_1)
FNDA:0,(anonymous_2)
DA:2,0
DA:10,0
DA:14,0
DA:18,0
DA:22,0
DA:35,0
LF:6
LH:0
BRDA:18,0,0,0
BRDA:18,0,1,0
BRF:2
BRH:0
end_of_record
TN:
SF:src\components\shipping\DoorStepper.tsx
FN:10,(anonymous_0)
FN:11,(anonymous_1)
FN:15,(anonymous_2)
FNF:3
FNH:0
FNDA:0,(anonymous_0)
FNDA:0,(anonymous_1)
FNDA:0,(anonymous_2)
DA:2,0
DA:3,0
DA:10,0
DA:11,0
DA:12,0
DA:15,0
DA:16,0
DA:19,0
DA:48,0
LF:9
LH:0
BRDA:12,0,0,0
BRDA:16,1,0,0
BRF:2
BRH:0
end_of_record
TN:
SF:src\components\shipping\FreightTypeRadio.tsx
FN:11,(anonymous_0)
FN:15,(anonymous_1)
FN:18,(anonymous_2)
FNF:3
FNH:0
FNDA:0,(anonymous_0)
FNDA:0,(anonymous_1)
FNDA:0,(anonymous_2)
DA:2,0
DA:3,0
DA:11,0
DA:12,0
DA:15,0
DA:19,0
DA:30,0
LF:7
LH:0
BRF:0
BRH:0
end_of_record
TN:
SF:src\components\shipping\KeyboardShortcuts.tsx
FN:17,(anonymous_0)
FN:27,(anonymous_1)
FN:30,(anonymous_2)
FN:60,(anonymous_3)
FNF:4
FNH:0
FNDA:0,(anonymous_0)
FNDA:0,(anonymous_1)
FNDA:0,(anonymous_2)
FNDA:0,(anonymous_3)
DA:1,1
DA:2,1
DA:3,1
DA:4,1
DA:5,1
DA:17,1
DA:21,0
DA:22,0
DA:25,0
DA:27,0
DA:28,0
DA:30,0
DA:32,0
DA:37,0
DA:41,0
DA:42,0
DA:43,0
DA:44,0
DA:48,0
DA:49,0
DA:50,0
DA:51,0
DA:58,0
DA:60,0
DA:61,0
DA:65,0
DA:67,0
DA:93,1
LF:28
LH:7
BRDA:28,0,0,0
BRDA:32,1,0,0
BRDA:33,2,0,0
BRDA:33,2,1,0
BRDA:33,2,2,0
BRDA:41,3,0,0
BRDA:41,3,1,0
BRDA:41,4,0,0
BRDA:41,4,1,0
BRDA:48,5,0,0
BRDA:48,6,0,0
BRDA:48,6,1,0
BRDA:65,7,0,0
BRF:13
BRH:0
end_of_record
TN:
SF:src\components\shipping\QuickAddButton.tsx
FN:26,(anonymous_0)
FN:35,(anonymous_1)
FNF:2
FNH:0
FNDA:0,(anonymous_0)
FNDA:0,(anonymous_1)
DA:2,1
DA:3,1
DA:4,1
DA:5,1
DA:6,1
DA:13,1
DA:19,1
DA:26,1
DA:30,0
DA:31,0
DA:35,0
DA:36,0
DA:37,0
DA:38,0
DA:42,0
DA:45,0
DA:58,0
DA:60,0
DA:65,0
DA:90,1
LF:20
LH:9
BRDA:36,0,0,0
BRF:1
BRH:0
end_of_record
TN:
SF:src\components\shipping\SpeedKeypad.tsx
FN:21,(anonymous_0)
FN:28,(anonymous_1)
FN:30,(anonymous_2)
FN:34,(anonymous_3)
FN:35,(anonymous_4)
FN:38,(anonymous_5)
FN:42,(anonymous_6)
FN:65,(anonymous_7)
FN:75,(anonymous_8)
FN:77,(anonymous_9)
FN:106,(anonymous_10)
FNF:11
FNH:4
FNDA:1,(anonymous_0)
FNDA:0,(anonymous_1)
FNDA:0,(anonymous_2)
FNDA:0,(anonymous_3)
FNDA:0,(anonymous_4)
FNDA:0,(anonymous_5)
FNDA:0,(anonymous_6)
FNDA:1,(anonymous_7)
FNDA:4,(anonymous_8)
FNDA:12,(anonymous_9)
FNDA:0,(anonymous_10)
DA:2,1
DA:3,1
DA:4,1
DA:12,1
DA:14,1
DA:21,1
DA:22,1
DA:23,1
DA:25,1
DA:26,1
DA:28,1
DA:29,0
DA:30,0
DA:34,1
DA:35,0
DA:38,1
DA:39,0
DA:42,1
DA:43,0
DA:45,0
DA:46,0
DA:47,0
DA:50,0
DA:51,0
DA:52,0
DA:55,0
DA:56,0
DA:57,0
DA:60,0
DA:61,0
DA:62,0
DA:65,1
DA:66,1
DA:73,1
DA:76,4
DA:78,12
DA:79,1
DA:90,11
DA:91,1
DA:102,10
DA:106,0
DA:119,1
DA:165,1
LF:43
LH:25
BRDA:21,0,0,0
BRDA:29,1,0,0
BRDA:45,2,0,0
BRDA:50,3,0,0
BRDA:50,4,0,0
BRDA:50,4,1,0
BRDA:55,5,0,0
BRDA:78,6,0,1
BRDA:90,7,0,1
BRDA:142,8,0,1
BRDA:142,8,1,1
BRDA:150,9,0,1
BRDA:150,9,1,0
BRF:13
BRH:5
end_of_record
TN:
SF:src\components\shipping\TrailerStatusToggle.tsx
FN:16,(anonymous_0)
FN:37,(anonymous_1)
FN:45,(anonymous_2)
FNF:3
FNH:0
FNDA:0,(anonymous_0)
FNDA:0,(anonymous_1)
FNDA:0,(anonymous_2)
DA:3,0
DA:16,0
DA:21,0
DA:34,0
DA:38,0
DA:46,0
DA:59,0
LF:7
LH:0
BRF:0
BRH:0
end_of_record
TN:
SF:src\components\shipping\UniversalPickerDrawer.tsx
FN:33,(anonymous_1)
FN:43,(anonymous_2)
FN:62,(anonymous_3)
FN:69,(anonymous_4)
FN:86,(anonymous_5)
FN:108,(anonymous_6)
FN:124,(anonymous_7)
FN:137,(anonymous_8)
FN:150,(anonymous_9)
FN:160,(anonymous_10)
FNF:10
FNH:0
FNDA:0,(anonymous_1)
FNDA:0,(anonymous_2)
FNDA:0,(anonymous_3)
FNDA:0,(anonymous_4)
FNDA:0,(anonymous_5)
FNDA:0,(anonymous_6)
FNDA:0,(anonymous_7)
FNDA:0,(anonymous_8)
FNDA:0,(anonymous_9)
FNDA:0,(anonymous_10)
DA:1,0
DA:2,0
DA:9,0
DA:10,0
DA:11,0
DA:12,0
DA:13,0
DA:14,0
DA:15,0
DA:33,0
DA:40,0
DA:43,0
DA:44,0
DA:46,0
DA:47,0
DA:49,0
DA:50,0
DA:52,0
DA:53,0
DA:56,0
DA:57,0
DA:62,0
DA:63,0
DA:64,0
DA:68,0
DA:69,0
DA:86,0
DA:109,0
DA:110,0
DA:125,0
DA:126,0
DA:138,0
DA:139,0
DA:151,0
DA:152,0
DA:160,0
DA:172,0
LF:37
LH:0
BRDA:38,0,0,0
BRDA:44,1,0,0
BRDA:44,1,1,0
BRDA:44,1,2,0
BRDA:44,1,3,0
BRDA:63,2,0,0
BRDA:69,3,0,0
BRDA:69,3,1,0
BRDA:107,4,0,0
BRDA:107,4,1,0
BRDA:123,5,0,0
BRDA:123,5,1,0
BRDA:136,6,0,0
BRDA:136,6,1,0
BRDA:149,7,0,0
BRDA:149,7,1,0
BRDA:163,8,0,0
BRDA:163,8,1,0
BRF:18
BRH:0
end_of_record
TN:
SF:src\components\ui\AdvancedHybridInputBar.tsx
FN:29,(anonymous_0)
FN:46,(anonymous_1)
FN:57,(anonymous_2)
FN:65,(anonymous_3)
FN:75,(anonymous_4)
FN:81,(anonymous_5)
FN:86,(anonymous_6)
FN:87,(anonymous_7)
FN:100,(anonymous_8)
FN:117,(anonymous_9)
FN:122,(anonymous_10)
FN:126,(anonymous_11)
FN:135,(anonymous_12)
FN:164,(anonymous_13)
FN:193,(anonymous_14)
FN:197,(anonymous_15)
FN:199,(anonymous_16)
FN:214,(anonymous_17)
FN:219,(anonymous_18)
FNF:19
FNH:4
FNDA:2,(anonymous_0)
FNDA:0,(anonymous_1)
FNDA:1,(anonymous_2)
FNDA:0,(anonymous_3)
FNDA:0,(anonymous_4)
FNDA:0,(anonymous_5)
FNDA:1,(anonymous_6)
FNDA:0,(anonymous_7)
FNDA:0,(anonymous_8)
FNDA:1,(anonymous_9)
FNDA:0,(anonymous_10)
FNDA:0,(anonymous_11)
FNDA:0,(anonymous_12)
FNDA:0,(anonymous_13)
FNDA:0,(anonymous_14)
FNDA:0,(anonymous_15)
FNDA:0,(anonymous_16)
FNDA:0,(anonymous_17)
FNDA:0,(anonymous_18)
DA:1,1
DA:2,1
DA:3,1
DA:4,1
DA:19,1
DA:27,1
DA:29,1
DA:30,2
DA:31,2
DA:32,2
DA:33,2
DA:34,2
DA:35,2
DA:43,2
DA:46,2
DA:47,0
DA:48,0
DA:49,0
DA:51,0
DA:52,0
DA:57,2
DA:58,1
DA:59,0
DA:60,0
DA:65,2
DA:66,0
DA:67,0
DA:68,0
DA:70,0
DA:71,0
DA:75,2
DA:76,0
DA:77,0
DA:78,0
DA:80,0
DA:81,0
DA:86,2
DA:87,1
DA:88,0
DA:89,0
DA:91,0
DA:92,0
DA:93,0
DA:95,0
DA:96,0
DA:98,0
DA:99,0
DA:100,0
DA:102,0
DA:103,0
DA:104,0
DA:108,0
DA:109,0
DA:110,0
DA:111,0
DA:112,0
DA:116,1
DA:117,1
DA:122,2
DA:123,0
DA:124,0
DA:125,0
DA:126,0
DA:127,0
DA:128,0
DA:129,0
DA:130,0
DA:131,0
DA:135,2
DA:136,0
DA:137,0
DA:138,0
DA:141,2
DA:164,0
DA:194,0
DA:197,0
DA:200,0
DA:215,0
DA:219,0
LF:79
LH:26
BRDA:47,0,0,0
BRDA:47,0,1,0
BRDA:58,1,0,0
BRDA:58,2,0,1
BRDA:58,2,1,0
BRDA:66,3,0,0
BRDA:76,4,0,0
BRDA:88,5,0,0
BRDA:88,6,0,0
BRDA:88,6,1,0
BRDA:91,7,0,0
BRDA:91,8,0,0
BRDA:91,8,1,0
BRDA:95,9,0,0
BRDA:95,10,0,0
BRDA:95,10,1,0
BRDA:98,11,0,0
BRDA:99,12,0,0
BRDA:102,13,0,0
BRDA:102,13,1,0
BRDA:108,14,0,0
BRDA:109,15,0,0
BRDA:109,16,0,0
BRDA:109,16,1,0
BRDA:123,17,0,0
BRDA:150,18,0,0
BRDA:150,18,1,2
BRDA:157,19,0,0
BRDA:157,19,1,2
BRDA:158,20,0,0
BRDA:158,20,1,2
BRDA:160,21,0,0
BRDA:160,21,1,2
BRDA:169,22,0,2
BRDA:169,22,1,0
BRDA:171,23,0,0
BRDA:171,23,1,0
BRDA:174,24,0,2
BRDA:174,24,1,2
BRDA:177,25,0,0
BRDA:177,25,1,2
BRDA:181,26,0,0
BRDA:181,26,1,2
BRDA:191,27,0,2
BRDA:191,27,1,0
BRDA:200,28,0,0
BRDA:209,29,0,2
BRDA:209,29,1,0
BRF:48
BRH:12
end_of_record
TN:
SF:src\components\ui\accordion.tsx
FN:12,(anonymous_9)
FN:24,(anonymous_10)
FN:44,(anonymous_11)
FNF:3
FNH:0
FNDA:0,(anonymous_9)
FNDA:0,(anonymous_10)
FNDA:0,(anonymous_11)
DA:1,0
DA:2,0
DA:3,0
DA:5,0
DA:7,0
DA:9,0
DA:13,0
DA:19,0
DA:21,0
DA:25,0
DA:39,0
DA:41,0
DA:45,0
DA:54,0
DA:56,0
LF:15
LH:0
BRF:0
BRH:0
end_of_record
TN:
SF:src\components\ui\alert-dialog.tsx
FN:16,(anonymous_9)
FN:31,(anonymous_10)
FN:46,(anonymous_11)
FN:60,(anonymous_12)
FN:77,(anonymous_13)
FN:89,(anonymous_14)
FN:102,(anonymous_15)
FN:114,(anonymous_16)
FNF:8
FNH:0
FNDA:0,(anonymous_9)
FNDA:0,(anonymous_10)
FNDA:0,(anonymous_11)
FNDA:0,(anonymous_12)
FNDA:0,(anonymous_13)
FNDA:0,(anonymous_14)
FNDA:0,(anonymous_15)
FNDA:0,(anonymous_16)
DA:1,0
DA:2,0
DA:4,0
DA:5,0
DA:7,0
DA:9,0
DA:11,0
DA:13,0
DA:17,0
DA:26,0
DA:28,0
DA:32,0
DA:44,0
DA:46,0
DA:50,0
DA:58,0
DA:60,0
DA:64,0
DA:72,0
DA:74,0
DA:78,0
DA:84,0
DA:86,0
DA:90,0
DA:96,0
DA:99,0
DA:103,0
DA:109,0
DA:111,0
DA:115,0
DA:125,0
DA:128,0
DA:129,0
DA:130,0
DA:131,0
DA:132,0
DA:133,0
DA:134,0
DA:135,0
DA:136,0
DA:137,0
DA:138,0
LF:42
LH:0
BRF:0
BRH:0
end_of_record
TN:
SF:src\components\ui\alert.tsx
FN:25,(anonymous_9)
FN:38,(anonymous_10)
FN:50,(anonymous_11)
FNF:3
FNH:0
FNDA:0,(anonymous_9)
FNDA:0,(anonymous_10)
FNDA:0,(anonymous_11)
DA:1,0
DA:2,0
DA:4,0
DA:6,0
DA:22,0
DA:26,0
DA:33,0
DA:35,0
DA:39,0
DA:45,0
DA:47,0
DA:51,0
DA:57,0
DA:59,0
LF:14
LH:0
BRF:0
BRH:0
end_of_record
TN:
SF:src\components\ui\aspect-ratio.tsx
FNF:0
FNH:0
DA:1,0
DA:3,0
DA:5,0
LF:3
LH:0
BRF:0
BRH:0
end_of_record
TN:
SF:src\components\ui\avatar.tsx
FN:9,(anonymous_9)
FN:24,(anonymous_10)
FN:36,(anonymous_11)
FNF:3
FNH:2
FNDA:2,(anonymous_9)
FNDA:0,(anonymous_10)
FNDA:2,(anonymous_11)
DA:1,1
DA:2,1
DA:4,1
DA:6,1
DA:10,2
DA:19,1
DA:21,1
DA:25,0
DA:31,1
DA:33,1
DA:37,2
DA:46,1
DA:48,1
LF:13
LH:12
BRF:0
BRH:0
end_of_record
TN:
SF:src\components\ui\badge.tsx
FN:30,Badge
FNF:1
FNH:0
FNDA:0,Badge
DA:2,2
DA:4,2
DA:6,2
DA:31,0
DA:36,2
LF:5
LH:4
BRF:0
BRH:0
end_of_record
TN:
SF:src\components\ui\breadcrumb.tsx
FN:12,(anonymous_9)
FN:18,(anonymous_10)
FN:33,(anonymous_11)
FN:47,(anonymous_12)
FN:63,(anonymous_13)
FN:75,(anonymous_14)
FN:91,(anonymous_15)
FNF:7
FNH:0
FNDA:0,(anonymous_9)
FNDA:0,(anonymous_10)
FNDA:0,(anonymous_11)
FNDA:0,(anonymous_12)
FNDA:0,(anonymous_13)
FNDA:0,(anonymous_14)
FNDA:0,(anonymous_15)
DA:1,0
DA:2,0
DA:3,0
DA:5,0
DA:7,0
DA:12,0
DA:13,0
DA:15,0
DA:19,0
DA:28,0
DA:30,0
DA:34,0
DA:40,0
DA:42,0
DA:48,0
DA:50,0
DA:58,0
DA:60,0
DA:64,0
DA:73,0
DA:75,0
DA:80,0
DA:89,0
DA:91,0
DA:95,0
DA:105,0
DA:108,0
DA:109,0
DA:110,0
DA:111,0
DA:112,0
DA:113,0
DA:114,0
LF:33
LH:0
BRDA:48,0,0,0
BRDA:48,0,1,0
BRDA:86,1,0,0
BRDA:86,1,1,0
BRF:4
BRH:0
end_of_record
TN:
SF:src\components\ui\button.tsx
FN:43,(anonymous_9)
FNF:1
FNH:1
FNDA:369,(anonymous_9)
DA:1,8
DA:2,8
DA:3,8
DA:5,8
DA:7,8
DA:42,8
DA:44,369
DA:45,369
DA:54,8
DA:56,8
LF:10
LH:10
BRDA:43,0,0,365
BRDA:44,1,0,4
BRDA:44,1,1,365
BRF:3
BRH:3
end_of_record
TN:
SF:src\components\ui\calendar.tsx
FN:10,Calendar
FN:55,(anonymous_1)
FNF:2
FNH:0
FNDA:0,Calendar
FNDA:0,(anonymous_1)
DA:2,0
DA:3,0
DA:5,0
DA:6,0
DA:16,0
DA:56,0
DA:64,0
DA:66,0
LF:8
LH:0
BRDA:13,0,0,0
BRDA:56,1,0,0
BRDA:56,1,1,0
BRF:3
BRH:0
end_of_record
TN:
SF:src\components\ui\card.tsx
FN:8,(anonymous_9)
FN:23,(anonymous_10)
FN:35,(anonymous_11)
FN:50,(anonymous_12)
FN:62,(anonymous_13)
FN:70,(anonymous_14)
FNF:6
FNH:4
FNDA:14,(anonymous_9)
FNDA:12,(anonymous_10)
FNDA:14,(anonymous_11)
FNDA:0,(anonymous_12)
FNDA:12,(anonymous_13)
FNDA:0,(anonymous_14)
DA:1,2
DA:3,2
DA:5,2
DA:9,14
DA:18,2
DA:20,2
DA:24,12
DA:30,2
DA:32,2
DA:36,14
DA:45,2
DA:47,2
DA:51,0
DA:57,2
DA:59,2
DA:63,12
DA:65,2
DA:67,2
DA:71,0
DA:77,2
DA:80,2
DA:81,2
DA:82,2
DA:83,2
DA:84,2
DA:85,2
LF:26
LH:24
BRF:0
BRH:0
end_of_record
TN:
SF:src\components\ui\carousel.tsx
FN:33,useCarousel
FN:47,(anonymous_11)
FN:69,(anonymous_12)
FN:78,(anonymous_13)
FN:82,(anonymous_14)
FN:87,(anonymous_15)
FN:99,(anonymous_16)
FN:107,(anonymous_17)
FN:116,(anonymous_18)
FN:154,(anonymous_19)
FN:176,(anonymous_20)
FN:198,(anonymous_21)
FN:227,(anonymous_22)
FNF:13
FNH:0
FNDA:0,useCarousel
FNDA:0,(anonymous_11)
FNDA:0,(anonymous_12)
FNDA:0,(anonymous_13)
FNDA:0,(anonymous_14)
FNDA:0,(anonymous_15)
FNDA:0,(anonymous_16)
FNDA:0,(anonymous_17)
FNDA:0,(anonymous_18)
FNDA:0,(anonymous_19)
FNDA:0,(anonymous_20)
FNDA:0,(anonymous_21)
FNDA:0,(anonymous_22)
DA:1,0
DA:2,0
DA:5,0
DA:7,0
DA:8,0
DA:31,0
DA:34,0
DA:36,0
DA:37,0
DA:40,0
DA:43,0
DA:59,0
DA:66,0
DA:67,0
DA:69,0
DA:70,0
DA:71,0
DA:74,0
DA:75,0
DA:78,0
DA:79,0
DA:82,0
DA:83,0
DA:86,0
DA:88,0
DA:89,0
DA:90,0
DA:91,0
DA:92,0
DA:93,0
DA:99,0
DA:100,0
DA:101,0
DA:104,0
DA:107,0
DA:108,0
DA:109,0
DA:112,0
DA:113,0
DA:114,0
DA:116,0
DA:117,0
DA:121,0
DA:149,0
DA:151,0
DA:155,0
DA:157,0
DA:171,0
DA:173,0
DA:177,0
DA:179,0
DA:193,0
DA:195,0
DA:199,0
DA:201,0
DA:222,0
DA:224,0
DA:228,0
DA:230,0
DA:251,0
DA:255,0
DA:256,0
DA:257,0
DA:258,0
DA:259,0
LF:65
LH:0
BRDA:36,0,0,0
BRDA:49,1,0,0
BRDA:62,2,0,0
BRDA:62,2,1,0
BRDA:70,3,0,0
BRDA:88,4,0,0
BRDA:88,4,1,0
BRDA:91,5,0,0
BRDA:100,6,0,0
BRDA:100,7,0,0
BRDA:100,7,1,0
BRDA:108,8,0,0
BRDA:128,9,0,0
BRDA:128,9,1,0
BRDA:128,10,0,0
BRDA:128,10,1,0
BRDA:163,11,0,0
BRDA:163,11,1,0
BRDA:186,12,0,0
BRDA:186,12,1,0
BRDA:198,13,0,0
BRDA:198,14,0,0
BRDA:208,15,0,0
BRDA:208,15,1,0
BRDA:227,16,0,0
BRDA:227,17,0,0
BRDA:237,18,0,0
BRDA:237,18,1,0
BRF:28
BRH:0
end_of_record
TN:
SF:src\components\ui\chart.tsx
FN:25,useChart
FN:43,(anonymous_10)
FN:68,(anonymous_11)
FN:70,(anonymous_12)
FN:82,(anonymous_13)
FN:85,(anonymous_14)
FN:114,(anonymous_15)
FN:134,(anonymous_16)
FN:186,(anonymous_17)
FN:267,(anonymous_18)
FN:286,(anonymous_19)
FN:318,getPayloadConfigFromPayload
FNF:12
FNH:0
FNDA:0,useChart
FNDA:0,(anonymous_10)
FNDA:0,(anonymous_11)
FNDA:0,(anonymous_12)
FNDA:0,(anonymous_13)
FNDA:0,(anonymous_14)
FNDA:0,(anonymous_15)
FNDA:0,(anonymous_16)
FNDA:0,(anonymous_17)
FNDA:0,(anonymous_18)
FNDA:0,(anonymous_19)
FNDA:0,getPayloadConfigFromPayload
DA:1,0
DA:2,0
DA:4,0
DA:7,0
DA:23,0
DA:26,0
DA:28,0
DA:29,0
DA:32,0
DA:35,0
DA:44,0
DA:45,0
DA:47,0
DA:66,0
DA:68,0
DA:69,0
DA:70,0
DA:73,0
DA:74,0
DA:77,0
DA:82,0
DA:87,0
DA:89,0
DA:101,0
DA:103,0
DA:132,0
DA:134,0
DA:135,0
DA:136,0
DA:139,0
DA:140,0
DA:141,0
DA:143,0
DA:147,0
DA:148,0
DA:155,0
DA:156,0
DA:159,0
DA:170,0
DA:171,0
DA:174,0
DA:176,0
DA:187,0
DA:188,0
DA:189,0
DA:191,0
DA:255,0
DA:257,0
DA:259,0
DA:271,0
DA:273,0
DA:274,0
DA:277,0
DA:287,0
DA:288,0
DA:290,0
DA:315,0
DA:323,0
DA:324,0
DA:328,0
DA:334,0
DA:336,0
DA:340,0
DA:341,0
DA:346,0
DA:351,0
DA:357,0
DA:358,0
DA:359,0
DA:360,0
DA:361,0
DA:362,0
LF:72
LH:0
BRDA:28,0,0,0
BRDA:45,1,0,0
BRDA:45,1,1,0
BRDA:70,2,0,0
BRDA:70,2,1,0
BRDA:73,3,0,0
BRDA:87,4,0,0
BRDA:87,4,1,0
BRDA:89,5,0,0
BRDA:89,5,1,0
BRDA:119,6,0,0
BRDA:120,7,0,0
BRDA:121,8,0,0
BRDA:135,9,0,0
BRDA:135,10,0,0
BRDA:135,10,1,0
BRDA:140,11,0,0
BRDA:140,11,1,0
BRDA:140,11,2,0
BRDA:140,11,3,0
BRDA:143,12,0,0
BRDA:143,12,1,0
BRDA:143,13,0,0
BRDA:143,13,1,0
BRDA:144,14,0,0
BRDA:144,14,1,0
BRDA:147,15,0,0
BRDA:155,16,0,0
BRDA:170,17,0,0
BRDA:170,18,0,0
BRDA:170,18,1,0
BRDA:174,19,0,0
BRDA:174,19,1,0
BRDA:184,20,0,0
BRDA:184,20,1,0
BRDA:187,21,0,0
BRDA:187,21,1,0
BRDA:187,21,2,0
BRDA:187,21,3,0
BRDA:189,22,0,0
BRDA:189,22,1,0
BRDA:189,22,2,0
BRDA:196,23,0,0
BRDA:196,23,1,0
BRDA:199,24,0,0
BRDA:199,24,1,0
BRDA:199,25,0,0
BRDA:199,25,1,0
BRDA:199,25,2,0
BRDA:203,26,0,0
BRDA:203,26,1,0
BRDA:206,27,0,0
BRDA:206,27,1,0
BRDA:215,28,0,0
BRDA:215,28,1,0
BRDA:230,29,0,0
BRDA:230,29,1,0
BRDA:234,30,0,0
BRDA:234,30,1,0
BRDA:236,31,0,0
BRDA:236,31,1,0
BRDA:239,32,0,0
BRDA:239,32,1,0
BRDA:268,33,0,0
BRDA:268,34,0,0
BRDA:273,35,0,0
BRDA:282,36,0,0
BRDA:282,36,1,0
BRDA:287,37,0,0
BRDA:287,37,1,0
BRDA:287,37,2,0
BRDA:297,38,0,0
BRDA:297,38,1,0
BRDA:297,39,0,0
BRDA:297,39,1,0
BRDA:323,40,0,0
BRDA:323,41,0,0
BRDA:323,41,1,0
BRDA:328,42,0,0
BRDA:328,42,1,0
BRDA:328,43,0,0
BRDA:328,43,1,0
BRDA:328,43,2,0
BRDA:336,44,0,0
BRDA:336,44,1,0
BRDA:337,45,0,0
BRDA:337,45,1,0
BRDA:341,46,0,0
BRDA:342,47,0,0
BRDA:342,47,1,0
BRDA:342,47,2,0
BRDA:351,48,0,0
BRDA:351,48,1,0
BRF:93
BRH:0
end_of_record
TN:
SF:src\components\ui\checkbox.tsx
FN:10,(anonymous_9)
FNF:1
FNH:1
FNDA:85,(anonymous_9)
DA:1,5
DA:2,5
DA:3,5
DA:5,5
DA:7,5
DA:11,85
DA:26,5
DA:28,5
LF:8
LH:8
BRF:0
BRH:0
end_of_record
TN:
SF:src\components\ui\collapsible.tsx
FNF:0
FNH:0
DA:1,5
DA:3,5
DA:5,5
DA:7,5
DA:9,5
LF:5
LH:5
BRF:0
BRH:0
end_of_record
TN:
SF:src\components\ui\command.tsx
FN:12,(anonymous_9)
FN:24,(anonymous_10)
FN:41,(anonymous_11)
FN:60,(anonymous_12)
FN:73,(anonymous_13)
FN:86,(anonymous_14)
FN:102,(anonymous_15)
FN:114,(anonymous_16)
FN:127,(anonymous_17)
FNF:9
FNH:0
FNDA:0,(anonymous_9)
FNDA:0,(anonymous_10)
FNDA:0,(anonymous_11)
FNDA:0,(anonymous_12)
FNDA:0,(anonymous_13)
FNDA:0,(anonymous_14)
FNDA:0,(anonymous_15)
FNDA:0,(anonymous_16)
FNDA:0,(anonymous_17)
DA:1,0
DA:3,0
DA:4,0
DA:6,0
DA:7,0
DA:9,0
DA:13,0
DA:22,0
DA:24,0
DA:25,0
DA:38,0
DA:42,0
DA:55,0
DA:57,0
DA:61,0
DA:68,0
DA:70,0
DA:74,0
DA:81,0
DA:83,0
DA:87,0
DA:97,0
DA:99,0
DA:103,0
DA:109,0
DA:111,0
DA:115,0
DA:125,0
DA:127,0
DA:131,0
DA:141,0
DA:144,0
DA:145,0
DA:146,0
DA:147,0
DA:148,0
DA:149,0
DA:150,0
DA:151,0
DA:152,0
LF:40
LH:0
BRF:0
BRH:0
end_of_record
TN:
SF:src\components\ui\context-menu.tsx
FN:24,(anonymous_9)
FN:43,(anonymous_10)
FN:58,(anonymous_11)
FN:77,(anonymous_12)
FN:93,(anonymous_13)
FN:117,(anonymous_14)
FN:141,(anonymous_15)
FN:157,(anonymous_16)
FN:166,(anonymous_17)
FNF:9
FNH:0
FNDA:0,(anonymous_9)
FNDA:0,(anonymous_10)
FNDA:0,(anonymous_11)
FNDA:0,(anonymous_12)
FNDA:0,(anonymous_13)
FNDA:0,(anonymous_14)
FNDA:0,(anonymous_15)
FNDA:0,(anonymous_16)
FNDA:0,(anonymous_17)
DA:1,0
DA:2,0
DA:3,0
DA:5,0
DA:7,0
DA:9,0
DA:11,0
DA:13,0
DA:15,0
DA:17,0
DA:19,0
DA:25,0
DA:38,0
DA:40,0
DA:44,0
DA:53,0
DA:55,0
DA:59,0
DA:70,0
DA:72,0
DA:78,0
DA:88,0
DA:90,0
DA:94,0
DA:111,0
DA:114,0
DA:118,0
DA:134,0
DA:136,0
DA:142,0
DA:152,0
DA:154,0
DA:158,0
DA:164,0
DA:166,0
DA:170,0
DA:180,0
DA:183,0
DA:184,0
DA:185,0
DA:186,0
DA:187,0
DA:188,0
DA:189,0
DA:190,0
DA:191,0
DA:192,0
DA:193,0
DA:194,0
DA:195,0
DA:196,0
DA:197,0
LF:52
LH:0
BRDA:29,0,0,0
BRDA:29,0,1,0
BRDA:82,1,0,0
BRDA:82,1,1,0
BRDA:146,2,0,0
BRDA:146,2,1,0
BRF:6
BRH:0
end_of_record
TN:
SF:src\components\ui\dialog.tsx
FN:18,(anonymous_9)
FN:33,(anonymous_10)
FN:54,(anonymous_11)
FN:68,(anonymous_12)
FN:85,(anonymous_13)
FN:100,(anonymous_14)
FNF:6
FNH:1
FNDA:0,(anonymous_9)
FNDA:3,(anonymous_10)
FNDA:0,(anonymous_11)
FNDA:0,(anonymous_12)
FNDA:0,(anonymous_13)
FNDA:0,(anonymous_14)
DA:1,2
DA:2,2
DA:3,2
DA:5,2
DA:7,2
DA:9,2
DA:11,2
DA:13,2
DA:15,2
DA:19,0
DA:28,2
DA:30,2
DA:34,3
DA:52,2
DA:54,2
DA:58,0
DA:66,2
DA:68,2
DA:72,0
DA:80,2
DA:82,2
DA:86,0
DA:95,2
DA:97,2
DA:101,0
DA:107,2
DA:110,2
DA:111,2
DA:112,2
DA:113,2
DA:114,2
DA:115,2
DA:116,2
DA:117,2
DA:118,2
DA:119,2
LF:36
LH:31
BRF:0
BRH:0
end_of_record
TN:
SF:src\components\ui\drawer.tsx
FN:6,(anonymous_9)
FN:26,(anonymous_10)
FN:38,(anonymous_11)
FN:56,(anonymous_12)
FN:67,(anonymous_13)
FN:81,(anonymous_14)
FN:96,(anonymous_15)
FNF:7
FNH:0
FNDA:0,(anonymous_9)
FNDA:0,(anonymous_10)
FNDA:0,(anonymous_11)
FNDA:0,(anonymous_12)
FNDA:0,(anonymous_13)
FNDA:0,(anonymous_14)
FNDA:0,(anonymous_15)
DA:1,0
DA:2,0
DA:4,0
DA:6,0
DA:10,0
DA:15,0
DA:17,0
DA:19,0
DA:21,0
DA:23,0
DA:27,0
DA:33,0
DA:35,0
DA:39,0
DA:54,0
DA:56,0
DA:60,0
DA:65,0
DA:67,0
DA:71,0
DA:76,0
DA:78,0
DA:82,0
DA:91,0
DA:93,0
DA:97,0
DA:103,0
DA:106,0
DA:107,0
DA:108,0
DA:109,0
DA:110,0
DA:111,0
DA:112,0
DA:113,0
DA:114,0
DA:115,0
LF:37
LH:0
BRDA:7,0,0,0
BRF:1
BRH:0
end_of_record
TN:
SF:src\components\ui\dropdown-menu.tsx
FN:24,(anonymous_9)
FN:44,(anonymous_10)
FN:60,(anonymous_11)
FN:80,(anonymous_12)
FN:96,(anonymous_13)
FN:120,(anonymous_14)
FN:144,(anonymous_15)
FN:160,(anonymous_16)
FN:169,(anonymous_17)
FNF:9
FNH:1
FNDA:0,(anonymous_9)
FNDA:0,(anonymous_10)
FNDA:2,(anonymous_11)
FNDA:0,(anonymous_12)
FNDA:0,(anonymous_13)
FNDA:0,(anonymous_14)
FNDA:0,(anonymous_15)
FNDA:0,(anonymous_16)
FNDA:0,(anonymous_17)
DA:1,1
DA:2,1
DA:3,1
DA:5,1
DA:7,1
DA:9,1
DA:11,1
DA:13,1
DA:15,1
DA:17,1
DA:19,1
DA:25,0
DA:38,1
DA:41,1
DA:45,0
DA:54,1
DA:57,1
DA:61,2
DA:73,1
DA:75,1
DA:81,0
DA:91,1
DA:93,1
DA:97,0
DA:114,1
DA:117,1
DA:121,0
DA:137,1
DA:139,1
DA:145,0
DA:155,1
DA:157,1
DA:161,0
DA:167,1
DA:169,1
DA:173,0
DA:180,1
DA:183,1
DA:184,1
DA:185,1
DA:186,1
DA:187,1
DA:188,1
DA:189,1
DA:190,1
DA:191,1
DA:192,1
DA:193,1
DA:194,1
DA:195,1
DA:196,1
DA:197,1
LF:52
LH:44
BRDA:29,0,0,0
BRDA:29,0,1,0
BRDA:60,1,0,2
BRDA:85,2,0,0
BRDA:85,2,1,0
BRDA:149,3,0,0
BRDA:149,3,1,0
BRF:7
BRH:1
end_of_record
TN:
SF:src\components\ui\form.tsx
FN:29,(anonymous_9)
FN:42,(anonymous_10)
FN:76,(anonymous_11)
FN:90,(anonymous_12)
FN:107,(anonymous_13)
FN:130,(anonymous_14)
FN:147,(anonymous_15)
FNF:7
FNH:0
FNDA:0,(anonymous_9)
FNDA:0,(anonymous_10)
FNDA:0,(anonymous_11)
FNDA:0,(anonymous_12)
FNDA:0,(anonymous_13)
FNDA:0,(anonymous_14)
FNDA:0,(anonymous_15)
DA:1,0
DA:3,0
DA:4,0
DA:13,0
DA:14,0
DA:16,0
DA:25,0
DA:29,0
DA:35,0
DA:42,0
DA:43,0
DA:44,0
DA:45,0
DA:47,0
DA:49,0
DA:50,0
DA:53,0
DA:55,0
DA:69,0
DA:73,0
DA:77,0
DA:79,0
DA:85,0
DA:87,0
DA:91,0
DA:93,0
DA:102,0
DA:104,0
DA:109,0
DA:111,0
DA:125,0
DA:127,0
DA:131,0
DA:133,0
DA:142,0
DA:144,0
DA:148,0
DA:149,0
DA:151,0
DA:152,0
DA:155,0
DA:166,0
DA:169,0
DA:170,0
DA:171,0
DA:172,0
DA:173,0
DA:174,0
DA:175,0
DA:176,0
LF:50
LH:0
BRDA:49,0,0,0
BRDA:96,1,0,0
BRDA:96,1,1,0
BRDA:116,2,0,0
BRDA:116,2,1,0
BRDA:149,3,0,0
BRDA:149,3,1,0
BRDA:151,4,0,0
BRF:8
BRH:0
end_of_record
TN:
SF:src\components\ui\hover-card.tsx
FN:13,(anonymous_9)
FNF:1
FNH:0
FNDA:0,(anonymous_9)
DA:1,1
DA:2,1
DA:4,1
DA:6,1
DA:8,1
DA:10,1
DA:14,0
DA:25,1
DA:27,1
LF:9
LH:8
BRDA:13,0,0,0
BRDA:13,1,0,0
BRF:2
BRH:0
end_of_record
TN:
SF:src\components\ui\input-otp.tsx
FN:10,(anonymous_9)
FN:26,(anonymous_10)
FN:34,(anonymous_11)
FN:62,(anonymous_12)
FNF:4
FNH:0
FNDA:0,(anonymous_9)
FNDA:0,(anonymous_10)
FNDA:0,(anonymous_11)
FNDA:0,(anonymous_12)
DA:1,0
DA:2,0
DA:3,0
DA:5,0
DA:7,0
DA:11,0
DA:21,0
DA:23,0
DA:27,0
DA:29,0
DA:31,0
DA:35,0
DA:36,0
DA:38,0
DA:57,0
DA:59,0
DA:63,0
DA:67,0
DA:69,0
LF:19
LH:0
BRDA:43,0,0,0
BRDA:43,0,1,0
BRDA:49,1,0,0
BRDA:49,1,1,0
BRF:4
BRH:0
end_of_record
TN:
SF:src\components\ui\input.tsx
FN:6,(anonymous_9)
FNF:1
FNH:1
FNDA:20,(anonymous_9)
DA:1,2
DA:3,2
DA:5,2
DA:7,20
DA:20,2
DA:22,2
LF:6
LH:6
BRF:0
BRH:0
end_of_record
TN:
SF:src\components\ui\label.tsx
FN:15,(anonymous_9)
FNF:1
FNH:1
FNDA:85,(anonymous_9)
DA:1,5
DA:2,5
DA:3,5
DA:5,5
DA:7,5
DA:11,5
DA:16,85
DA:22,5
DA:24,5
LF:9
LH:9
BRF:0
BRH:0
end_of_record
TN:
SF:src\components\ui\menubar.tsx
FN:20,(anonymous_9)
FN:35,(anonymous_10)
FN:52,(anonymous_11)
FN:71,(anonymous_12)
FN:87,(anonymous_13)
FN:113,(anonymous_14)
FN:129,(anonymous_15)
FN:152,(anonymous_16)
FN:176,(anonymous_17)
FN:192,(anonymous_18)
FN:201,(anonymous_19)
FNF:11
FNH:0
FNDA:0,(anonymous_9)
FNDA:0,(anonymous_10)
FNDA:0,(anonymous_11)
FNDA:0,(anonymous_12)
FNDA:0,(anonymous_13)
FNDA:0,(anonymous_14)
FNDA:0,(anonymous_15)
FNDA:0,(anonymous_16)
FNDA:0,(anonymous_17)
FNDA:0,(anonymous_18)
FNDA:0,(anonymous_19)
DA:1,0
DA:2,0
DA:3,0
DA:5,0
DA:7,0
DA:9,0
DA:11,0
DA:13,0
DA:15,0
DA:17,0
DA:21,0
DA:30,0
DA:32,0
DA:36,0
DA:45,0
DA:47,0
DA:53,0
DA:66,0
DA:68,0
DA:72,0
DA:81,0
DA:83,0
DA:91,0
DA:106,0
DA:108,0
DA:114,0
DA:124,0
DA:126,0
DA:130,0
DA:147,0
DA:149,0
DA:153,0
DA:169,0
DA:171,0
DA:177,0
DA:187,0
DA:189,0
DA:193,0
DA:199,0
DA:201,0
DA:205,0
DA:215,0
DA:218,0
DA:219,0
DA:220,0
DA:221,0
DA:222,0
DA:223,0
DA:224,0
DA:225,0
DA:226,0
DA:227,0
DA:228,0
DA:229,0
DA:230,0
DA:231,0
DA:232,0
DA:233,0
LF:58
LH:0
BRDA:57,0,0,0
BRDA:57,0,1,0
BRDA:88,1,0,0
BRDA:88,2,0,0
BRDA:88,3,0,0
BRDA:118,4,0,0
BRDA:118,4,1,0
BRDA:181,5,0,0
BRDA:181,5,1,0
BRF:9
BRH:0
end_of_record
TN:
SF:src\components\ui\navigation-menu.tsx
FN:11,(anonymous_9)
FN:29,(anonymous_10)
FN:50,(anonymous_11)
FN:68,(anonymous_12)
FN:85,(anonymous_13)
FN:103,(anonymous_14)
FNF:6
FNH:0
FNDA:0,(anonymous_9)
FNDA:0,(anonymous_10)
FNDA:0,(anonymous_11)
FNDA:0,(anonymous_12)
FNDA:0,(anonymous_13)
FNDA:0,(anonymous_14)
DA:1,0
DA:2,0
DA:3,0
DA:4,0
DA:6,0
DA:8,0
DA:12,0
DA:24,0
DA:26,0
DA:30,0
DA:39,0
DA:41,0
DA:43,0
DA:47,0
DA:51,0
DA:63,0
DA:65,0
DA:69,0
DA:78,0
DA:80,0
DA:82,0
DA:86,0
DA:97,0
DA:100,0
DA:104,0
DA:115,0
DA:119,0
DA:120,0
DA:121,0
DA:122,0
DA:123,0
DA:124,0
DA:125,0
DA:126,0
DA:127,0
LF:35
LH:0
BRF:0
BRH:0
end_of_record
TN:
SF:src\components\ui\pagination.tsx
FN:7,(anonymous_9)
FN:20,(anonymous_10)
FN:32,(anonymous_11)
FN:42,(anonymous_12)
FN:62,(anonymous_13)
FN:78,(anonymous_14)
FN:94,(anonymous_15)
FNF:7
FNH:0
FNDA:0,(anonymous_9)
FNDA:0,(anonymous_10)
FNDA:0,(anonymous_11)
FNDA:0,(anonymous_12)
FNDA:0,(anonymous_13)
FNDA:0,(anonymous_14)
FNDA:0,(anonymous_15)
DA:1,0
DA:2,0
DA:4,0
DA:5,0
DA:7,0
DA:8,0
DA:15,0
DA:17,0
DA:21,0
DA:27,0
DA:29,0
DA:33,0
DA:35,0
DA:42,0
DA:48,0
DA:60,0
DA:62,0
DA:66,0
DA:76,0
DA:78,0
DA:82,0
DA:92,0
DA:94,0
DA:98,0
DA:107,0
DA:110,0
DA:111,0
DA:112,0
DA:113,0
DA:114,0
DA:115,0
DA:116,0
LF:32
LH:0
BRDA:45,0,0,0
BRDA:49,1,0,0
BRDA:49,1,1,0
BRDA:52,2,0,0
BRDA:52,2,1,0
BRF:5
BRH:0
end_of_record
TN:
SF:src\components\ui\popover.tsx
FN:13,(anonymous_9)
FNF:1
FNH:0
FNDA:0,(anonymous_9)
DA:1,0
DA:2,0
DA:4,0
DA:6,0
DA:8,0
DA:10,0
DA:14,0
DA:27,0
DA:29,0
LF:9
LH:0
BRDA:13,0,0,0
BRDA:13,1,0,0
BRF:2
BRH:0
end_of_record
TN:
SF:src\components\ui\progress.tsx
FN:9,(anonymous_9)
FNF:1
FNH:1
FNDA:7,(anonymous_9)
DA:1,1
DA:2,1
DA:4,1
DA:6,1
DA:10,7
DA:24,1
DA:26,1
LF:7
LH:7
BRDA:20,0,0,7
BRDA:20,0,1,0
BRF:2
BRH:1
end_of_record
TN:
SF:src\components\ui\radio-group.tsx
FN:10,(anonymous_9)
FN:24,(anonymous_10)
FNF:2
FNH:0
FNDA:0,(anonymous_9)
FNDA:0,(anonymous_10)
DA:1,1
DA:2,1
DA:3,1
DA:5,1
DA:7,1
DA:11,0
DA:19,1
DA:21,1
DA:25,0
DA:40,1
DA:42,1
LF:11
LH:9
BRF:0
BRH:0
end_of_record
TN:
SF:src\components\ui\resizable.tsx
FN:6,(anonymous_9)
FN:21,(anonymous_10)
FNF:2
FNH:0
FNDA:0,(anonymous_9)
FNDA:0,(anonymous_10)
DA:1,0
DA:2,0
DA:4,0
DA:6,0
DA:10,0
DA:19,0
DA:21,0
DA:28,0
DA:43,0
LF:9
LH:0
BRDA:35,0,0,0
BRDA:35,0,1,0
BRF:2
BRH:0
end_of_record
TN:
SF:src\components\ui\scroll-area.tsx
FN:9,(anonymous_9)
FN:27,(anonymous_10)
FNF:2
FNH:0
FNDA:0,(anonymous_9)
FNDA:0,(anonymous_10)
DA:1,0
DA:2,0
DA:4,0
DA:6,0
DA:10,0
DA:22,0
DA:24,0
DA:28,0
DA:44,0
DA:46,0
LF:10
LH:0
BRDA:27,0,0,0
BRDA:33,1,0,0
BRDA:33,1,1,0
BRDA:35,2,0,0
BRDA:35,2,1,0
BRF:5
BRH:0
end_of_record
TN:
SF:src\components\ui\select.tsx
FN:16,(anonymous_9)
FN:36,(anonymous_10)
FN:53,(anonymous_11)
FN:71,(anonymous_12)
FN:103,(anonymous_13)
FN:115,(anonymous_14)
FN:138,(anonymous_15)
FNF:7
FNH:5
FNDA:255,(anonymous_9)
FNDA:255,(anonymous_10)
FNDA:255,(anonymous_11)
FNDA:255,(anonymous_12)
FNDA:0,(anonymous_13)
FNDA:1275,(anonymous_14)
FNDA:0,(anonymous_15)
DA:1,5
DA:2,5
DA:3,5
DA:5,5
DA:7,5
DA:9,5
DA:11,5
DA:13,5
DA:17,255
DA:31,5
DA:33,5
DA:37,255
DA:48,5
DA:50,5
DA:54,255
DA:65,5
DA:68,5
DA:72,255
DA:98,5
DA:100,5
DA:104,0
DA:110,5
DA:112,5
DA:116,1275
DA:133,5
DA:135,5
DA:139,0
DA:145,5
DA:148,5
DA:149,5
DA:150,5
DA:151,5
DA:152,5
DA:153,5
DA:154,5
DA:155,5
DA:156,5
DA:157,5
LF:38
LH:36
BRDA:71,0,0,255
BRDA:77,1,0,255
BRDA:77,1,1,255
BRDA:88,2,0,255
BRDA:88,2,1,255
BRF:5
BRH:5
end_of_record
TN:
SF:src\components\ui\separator.tsx
FN:10,(anonymous_9)
FNF:1
FNH:0
FNDA:0,(anonymous_9)
DA:1,0
DA:2,0
DA:4,0
DA:6,0
DA:14,0
DA:27,0
DA:29,0
LF:7
LH:0
BRDA:11,0,0,0
BRDA:11,1,0,0
BRDA:20,2,0,0
BRDA:20,2,1,0
BRF:4
BRH:0
end_of_record
TN:
SF:src\components\ui\sheet.tsx
FN:19,(anonymous_9)
FN:57,(anonymous_10)
FN:75,(anonymous_11)
FN:89,(anonymous_12)
FN:106,(anonymous_13)
FN:118,(anonymous_14)
FNF:6
FNH:0
FNDA:0,(anonymous_9)
FNDA:0,(anonymous_10)
FNDA:0,(anonymous_11)
FNDA:0,(anonymous_12)
FNDA:0,(anonymous_13)
FNDA:0,(anonymous_14)
DA:1,0
DA:2,0
DA:3,0
DA:4,0
DA:6,0
DA:8,0
DA:10,0
DA:12,0
DA:14,0
DA:16,0
DA:20,0
DA:29,0
DA:31,0
DA:54,0
DA:58,0
DA:73,0
DA:75,0
DA:79,0
DA:87,0
DA:89,0
DA:93,0
DA:101,0
DA:103,0
DA:107,0
DA:113,0
DA:115,0
DA:119,0
DA:125,0
DA:128,0
DA:129,0
DA:130,0
DA:131,0
DA:132,0
DA:133,0
DA:134,0
DA:135,0
DA:136,0
DA:137,0
LF:38
LH:0
BRDA:57,0,0,0
BRF:1
BRH:0
end_of_record
TN:
SF:src\components\ui\sidebar.tsx
FN:39,useSidebar
FN:56,(anonymous_11)
FN:76,(anonymous_12)
FN:91,(anonymous_13)
FN:93,(anonymous_14)
FN:94,(anonymous_15)
FN:98,(anonymous_16)
FN:99,(anonymous_17)
FN:110,(anonymous_18)
FN:118,(anonymous_19)
FN:173,(anonymous_20)
FN:271,(anonymous_21)
FN:281,(anonymous_22)
FN:297,(anonymous_23)
FN:326,(anonymous_24)
FN:344,(anonymous_25)
FN:362,(anonymous_26)
FN:377,(anonymous_27)
FN:392,(anonymous_28)
FN:407,(anonymous_29)
FN:425,(anonymous_30)
FN:440,(anonymous_31)
FN:461,(anonymous_32)
FN:484,(anonymous_33)
FN:497,(anonymous_34)
FN:510,(anonymous_35)
FN:550,(anonymous_36)
FN:607,(anonymous_37)
FN:635,(anonymous_38)
FN:658,(anonymous_39)
FN:660,(anonymous_40)
FN:694,(anonymous_41)
FN:711,(anonymous_42)
FN:721,(anonymous_43)
FNF:34
FNH:0
FNDA:0,useSidebar
FNDA:0,(anonymous_11)
FNDA:0,(anonymous_12)
FNDA:0,(anonymous_13)
FNDA:0,(anonymous_14)
FNDA:0,(anonymous_15)
FNDA:0,(anonymous_16)
FNDA:0,(anonymous_17)
FNDA:0,(anonymous_18)
FNDA:0,(anonymous_19)
FNDA:0,(anonymous_20)
FNDA:0,(anonymous_21)
FNDA:0,(anonymous_22)
FNDA:0,(anonymous_23)
FNDA:0,(anonymous_24)
FNDA:0,(anonymous_25)
FNDA:0,(anonymous_26)
FNDA:0,(anonymous_27)
FNDA:0,(anonymous_28)
FNDA:0,(anonymous_29)
FNDA:0,(anonymous_30)
FNDA:0,(anonymous_31)
FNDA:0,(anonymous_32)
FNDA:0,(anonymous_33)
FNDA:0,(anonymous_34)
FNDA:0,(anonymous_35)
FNDA:0,(anonymous_36)
FNDA:0,(anonymous_37)
FNDA:0,(anonymous_38)
FNDA:0,(anonymous_39)
FNDA:0,(anonymous_40)
FNDA:0,(anonymous_41)
FNDA:0,(anonymous_42)
FNDA:0,(anonymous_43)
DA:1,0
DA:2,0
DA:3,0
DA:4,0
DA:6,0
DA:7,0
DA:8,0
DA:9,0
DA:10,0
DA:11,0
DA:12,0
DA:13,0
DA:20,0
DA:21,0
DA:22,0
DA:23,0
DA:24,0
DA:25,0
DA:37,0
DA:40,0
DA:41,0
DA:42,0
DA:45,0
DA:48,0
DA:68,0
DA:69,0
DA:73,0
DA:74,0
DA:75,0
DA:77,0
DA:78,0
DA:79,0
DA:81,0
DA:85,0
DA:91,0
DA:92,0
DA:93,0
DA:94,0
DA:98,0
DA:99,0
DA:100,0
DA:104,0
DA:105,0
DA:109,0
DA:110,0
DA:115,0
DA:117,0
DA:118,0
DA:138,0
DA:163,0
DA:165,0
DA:184,0
DA:186,0
DA:187,0
DA:201,0
DA:202,0
DA:221,0
DA:266,0
DA:268,0
DA:272,0
DA:274,0
DA:282,0
DA:283,0
DA:292,0
DA:294,0
DA:298,0
DA:300,0
DA:321,0
DA:323,0
DA:327,0
DA:339,0
DA:341,0
DA:345,0
DA:357,0
DA:359,0
DA:363,0
DA:372,0
DA:374,0
DA:378,0
DA:387,0
DA:389,0
DA:393,0
DA:402,0
DA:404,0
DA:408,0
DA:420,0
DA:422,0
DA:426,0
DA:435,0
DA:437,0
DA:441,0
DA:443,0
DA:456,0
DA:458,0
DA:462,0
DA:464,0
DA:479,0
DA:481,0
DA:485,0
DA:492,0
DA:494,0
DA:498,0
DA:505,0
DA:507,0
DA:511,0
DA:518,0
DA:520,0
DA:542,0
DA:562,0
DA:563,0
DA:566,0
DA:576,0
DA:577,0
DA:580,0
DA:581,0
DA:586,0
DA:599,0
DA:601,0
DA:608,0
DA:610,0
DA:630,0
DA:632,0
DA:636,0
DA:651,0
DA:653,0
DA:660,0
DA:661,0
DA:664,0
DA:689,0
DA:691,0
DA:695,0
DA:706,0
DA:708,0
DA:711,0
DA:712,0
DA:714,0
DA:722,0
DA:724,0
DA:742,0
DA:745,0
DA:746,0
DA:747,0
DA:748,0
DA:749,0
DA:750,0
DA:751,0
DA:752,0
DA:753,0
DA:754,0
DA:755,0
DA:756,0
DA:757,0
DA:758,0
DA:759,0
DA:760,0
DA:761,0
DA:762,0
DA:763,0
DA:764,0
DA:765,0
DA:766,0
DA:767,0
DA:768,0
LF:163
LH:0
BRDA:41,0,0,0
BRDA:58,1,0,0
BRDA:74,2,0,0
BRDA:74,2,1,0
BRDA:77,3,0,0
BRDA:77,3,1,0
BRDA:78,4,0,0
BRDA:78,4,1,0
BRDA:92,5,0,0
BRDA:92,5,1,0
BRDA:100,6,0,0
BRDA:101,7,0,0
BRDA:101,7,1,0
BRDA:101,7,2,0
BRDA:115,8,0,0
BRDA:115,8,1,0
BRDA:175,9,0,0
BRDA:176,10,0,0
BRDA:177,11,0,0
BRDA:186,12,0,0
BRDA:201,13,0,0
BRDA:226,14,0,0
BRDA:226,14,1,0
BRDA:236,15,0,0
BRDA:236,15,1,0
BRDA:236,16,0,0
BRDA:236,16,1,0
BRDA:244,17,0,0
BRDA:244,17,1,0
BRDA:248,18,0,0
BRDA:248,18,1,0
BRDA:248,19,0,0
BRDA:248,19,1,0
BRDA:440,20,0,0
BRDA:441,21,0,0
BRDA:441,21,1,0
BRDA:461,22,0,0
BRDA:462,23,0,0
BRDA:462,23,1,0
BRDA:552,24,0,0
BRDA:553,25,0,0
BRDA:554,26,0,0
BRDA:555,27,0,0
BRDA:562,28,0,0
BRDA:562,28,1,0
BRDA:576,29,0,0
BRDA:580,30,0,0
BRDA:592,31,0,0
BRDA:592,31,1,0
BRDA:607,32,0,0
BRDA:607,33,0,0
BRDA:608,34,0,0
BRDA:608,34,1,0
BRDA:622,35,0,0
BRDA:622,35,1,0
BRDA:658,36,0,0
BRDA:671,37,0,0
BRDA:671,37,1,0
BRDA:721,38,0,0
BRDA:721,39,0,0
BRDA:722,40,0,0
BRDA:722,40,1,0
BRDA:733,41,0,0
BRDA:733,41,1,0
BRDA:734,42,0,0
BRDA:734,42,1,0
BRF:66
BRH:0
end_of_record
TN:
SF:src\components\ui\skeleton.tsx
FN:3,Skeleton
FNF:1
FNH:0
FNDA:0,Skeleton
DA:1,0
DA:7,0
DA:15,0
LF:3
LH:0
BRF:0
BRH:0
end_of_record
TN:
SF:src\components\ui\slider.tsx
FN:9,(anonymous_9)
FNF:1
FNH:0
FNDA:0,(anonymous_9)
DA:1,1
DA:2,1
DA:4,1
DA:6,1
DA:10,0
DA:24,1
DA:26,1
LF:7
LH:6
BRF:0
BRH:0
end_of_record
TN:
SF:src\components\ui\sonner.tsx
FN:6,(anonymous_0)
FNF:1
FNH:0
FNDA:0,(anonymous_0)
DA:1,0
DA:2,0
DA:6,0
DA:7,0
DA:9,0
DA:29,0
LF:6
LH:0
BRDA:7,0,0,0
BRF:1
BRH:0
end_of_record
TN:
SF:src\components\ui\switch.tsx
FN:9,(anonymous_9)
FNF:1
FNH:0
FNDA:0,(anonymous_9)
DA:1,1
DA:2,1
DA:4,1
DA:6,1
DA:10,0
DA:25,1
DA:27,1
LF:7
LH:6
BRF:0
BRH:0
end_of_record
TN:
SF:src\components\ui\table.tsx
FN:8,(anonymous_9)
FN:22,(anonymous_10)
FN:30,(anonymous_11)
FN:42,(anonymous_12)
FN:57,(anonymous_13)
FN:72,(anonymous_14)
FN:87,(anonymous_15)
FN:99,(anonymous_16)
FNF:8
FNH:2
FNDA:0,(anonymous_9)
FNDA:0,(anonymous_10)
FNDA:0,(anonymous_11)
FNDA:0,(anonymous_12)
FNDA:85,(anonymous_13)
FNDA:0,(anonymous_14)
FNDA:595,(anonymous_15)
FNDA:0,(anonymous_16)
DA:1,5
DA:3,5
DA:5,5
DA:9,0
DA:17,5
DA:19,5
DA:23,0
DA:25,5
DA:27,5
DA:31,0
DA:37,5
DA:39,5
DA:43,0
DA:52,5
DA:54,5
DA:58,85
DA:67,5
DA:69,5
DA:73,0
DA:82,5
DA:84,5
DA:88,595
DA:94,5
DA:96,5
DA:100,0
DA:106,5
DA:109,5
DA:110,5
DA:111,5
DA:112,5
DA:113,5
DA:114,5
DA:115,5
DA:116,5
LF:34
LH:28
BRF:0
BRH:0
end_of_record
TN:
SF:src\components\ui\tabs.tsx
FN:11,(anonymous_9)
FN:26,(anonymous_10)
FN:41,(anonymous_11)
FNF:3
FNH:0
FNDA:0,(anonymous_9)
FNDA:0,(anonymous_10)
FNDA:0,(anonymous_11)
DA:1,0
DA:2,0
DA:4,0
DA:6,0
DA:8,0
DA:12,0
DA:21,0
DA:23,0
DA:27,0
DA:36,0
DA:38,0
DA:42,0
DA:51,0
DA:53,0
LF:14
LH:0
BRF:0
BRH:0
end_of_record
TN:
SF:src\components\ui\textarea.tsx
FN:6,(anonymous_9)
FNF:1
FNH:0
FNDA:0,(anonymous_9)
DA:1,5
DA:3,5
DA:5,5
DA:7,0
DA:19,5
DA:21,5
LF:6
LH:5
BRF:0
BRH:0
end_of_record
TN:
SF:src\components\ui\toast.tsx
FN:13,(anonymous_9)
FN:45,(anonymous_10)
FN:59,(anonymous_11)
FN:74,(anonymous_12)
FN:92,(anonymous_13)
FN:104,(anonymous_14)
FNF:6
FNH:1
FNDA:1,(anonymous_9)
FNDA:0,(anonymous_10)
FNDA:0,(anonymous_11)
FNDA:0,(anonymous_12)
FNDA:0,(anonymous_13)
FNDA:0,(anonymous_14)
DA:1,1
DA:2,1
DA:3,1
DA:4,1
DA:6,1
DA:8,1
DA:10,1
DA:14,1
DA:23,1
DA:25,1
DA:41,1
DA:46,0
DA:54,1
DA:56,1
DA:60,0
DA:69,1
DA:71,1
DA:75,0
DA:87,1
DA:89,1
DA:93,0
DA:99,1
DA:101,1
DA:105,0
DA:111,1
DA:120,1
DA:121,1
DA:122,1
DA:123,1
DA:124,1
DA:125,1
DA:126,1
LF:32
LH:27
BRF:0
BRH:0
end_of_record
TN:
SF:src\components\ui\toaster.tsx
FN:11,Toaster
FN:16,(anonymous_1)
FNF:2
FNH:1
FNDA:1,Toaster
FNDA:0,(anonymous_1)
DA:1,1
DA:2,1
DA:11,1
DA:12,1
DA:14,1
DA:17,0
LF:6
LH:5
BRDA:20,0,0,0
BRDA:20,0,1,0
BRDA:21,1,0,0
BRDA:21,1,1,0
BRF:4
BRH:0
end_of_record
TN:
SF:src\components\ui\toggle-group.tsx
FN:19,(anonymous_9)
FN:37,(anonymous_10)
FNF:2
FNH:0
FNDA:0,(anonymous_9)
FNDA:0,(anonymous_10)
DA:1,0
DA:2,0
DA:5,0
DA:6,0
DA:8,0
DA:15,0
DA:20,0
DA:31,0
DA:33,0
DA:38,0
DA:40,0
DA:57,0
DA:59,0
LF:13
LH:0
BRDA:45,0,0,0
BRDA:45,0,1,0
BRDA:46,1,0,0
BRDA:46,1,1,0
BRF:4
BRH:0
end_of_record
TN:
SF:src\components\ui\toggle.tsx
FN:33,(anonymous_9)
FNF:1
FNH:0
FNDA:0,(anonymous_9)
DA:1,0
DA:2,0
DA:3,0
DA:5,0
DA:7,0
DA:29,0
DA:34,0
DA:41,0
DA:43,0
LF:9
LH:0
BRF:0
BRH:0
end_of_record
TN:
SF:src\components\ui\tooltip.tsx
FN:15,(anonymous_9)
FNF:1
FNH:0
FNDA:0,(anonymous_9)
DA:1,1
DA:2,1
DA:4,1
DA:6,1
DA:8,1
DA:10,1
DA:12,1
DA:16,0
DA:26,1
DA:28,1
LF:10
LH:9
BRDA:15,0,0,0
BRF:1
BRH:0
end_of_record
TN:
SF:src\components\ui\use-toast.ts
FN:3,(anonymous_0)
FN:3,(anonymous_1)
FNF:2
FNH:0
FNDA:0,(anonymous_0)
FNDA:0,(anonymous_1)
DA:1,1
DA:3,1
LF:2
LH:2
BRF:0
BRH:0
end_of_record
TN:
SF:src\components\voice\CommandListTooltip.tsx
FN:8,(anonymous_0)
FN:19,(anonymous_1)
FNF:2
FNH:0
FNDA:0,(anonymous_0)
FNDA:0,(anonymous_1)
DA:8,2
DA:13,0
DA:15,0
DA:20,0
LF:4
LH:1
BRDA:13,0,0,0
BRF:1
BRH:0
end_of_record
TN:
SF:src\components\voice\VoiceCommandButton.tsx
FN:13,(anonymous_0)
FN:41,(anonymous_1)
FN:46,(anonymous_2)
FNF:3
FNH:3
FNDA:19,(anonymous_0)
FNDA:3,(anonymous_1)
FNDA:1,(anonymous_2)
DA:2,3
DA:3,3
DA:13,3
DA:21,19
DA:22,19
DA:24,19
DA:42,3
DA:43,3
DA:44,3
DA:47,1
DA:48,1
LF:11
LH:11
BRDA:16,0,0,18
BRDA:17,1,0,17
BRDA:18,2,0,18
BRDA:30,3,0,3
BRDA:30,3,1,16
BRDA:32,4,0,4
BRDA:32,4,1,15
BRDA:39,5,0,3
BRDA:39,5,1,16
BRDA:46,6,0,3
BRDA:46,6,1,16
BRDA:51,7,0,4
BRDA:51,7,1,15
BRDA:57,8,0,4
BRDA:57,8,1,15
BRF:15
BRH:15
end_of_record
TN:
SF:src\components\voice\VoiceCommandHelp.tsx
FN:19,(anonymous_0)
FN:78,(anonymous_1)
FN:96,(anonymous_2)
FNF:3
FNH:0
FNDA:0,(anonymous_0)
FNDA:0,(anonymous_1)
FNDA:0,(anonymous_2)
DA:1,2
DA:2,2
DA:4,2
DA:5,2
DA:6,2
DA:19,2
DA:20,0
DA:22,0
DA:29,0
DA:39,0
DA:41,0
DA:49,0
DA:79,0
DA:97,0
DA:117,2
LF:15
LH:7
BRDA:39,0,0,0
BRDA:39,0,1,0
BRDA:67,1,0,0
BRDA:67,1,1,0
BRF:4
BRH:0
end_of_record
TN:
SF:src\components\voice\VoiceFeedbackTooltip.tsx
FN:16,(anonymous_0)
FNF:1
FNH:0
FNDA:0,(anonymous_0)
DA:2,2
DA:16,2
DA:28,0
DA:29,0
DA:32,0
DA:34,0
LF:6
LH:2
BRDA:32,0,0,0
BRDA:38,1,0,0
BRDA:38,1,1,0
BRDA:46,2,0,0
BRDA:46,2,1,0
BRDA:46,3,0,0
BRDA:46,3,1,0
BRDA:48,4,0,0
BRDA:48,4,1,0
BRDA:52,5,0,0
BRDA:52,5,1,0
BRDA:58,6,0,0
BRDA:58,6,1,0
BRDA:63,7,0,0
BRDA:63,7,1,0
BRDA:65,8,0,0
BRDA:65,8,1,0
BRDA:65,9,0,0
BRDA:65,9,1,0
BRDA:67,10,0,0
BRDA:67,10,1,0
BRDA:77,11,0,0
BRDA:77,11,1,0
BRDA:80,12,0,0
BRDA:80,12,1,0
BRF:25
BRH:0
end_of_record
TN:
SF:src\components\voice\VoiceQuickReference.tsx
FN:6,(anonymous_0)
FN:29,(anonymous_1)
FN:54,(anonymous_2)
FN:71,(anonymous_3)
FN:86,(anonymous_4)
FNF:5
FNH:0
FNDA:0,(anonymous_0)
FNDA:0,(anonymous_1)
FNDA:0,(anonymous_2)
FNDA:0,(anonymous_3)
FNDA:0,(anonymous_4)
DA:2,1
DA:3,1
DA:4,1
DA:6,1
DA:7,0
DA:30,0
DA:55,0
DA:72,0
DA:87,0
DA:138,1
LF:10
LH:5
BRF:0
BRH:0
end_of_record
TN:
SF:src\components\voice\VoiceTestPage.tsx
FN:8,(anonymous_0)
FN:26,(anonymous_1)
FN:28,(anonymous_2)
FN:31,(anonymous_3)
FN:43,(anonymous_4)
FN:49,(anonymous_5)
FN:55,(anonymous_6)
FN:65,(anonymous_7)
FN:73,(anonymous_8)
FN:144,(anonymous_9)
FNF:10
FNH:0
FNDA:0,(anonymous_0)
FNDA:0,(anonymous_1)
FNDA:0,(anonymous_2)
FNDA:0,(anonymous_3)
FNDA:0,(anonymous_4)
FNDA:0,(anonymous_5)
FNDA:0,(anonymous_6)
FNDA:0,(anonymous_7)
FNDA:0,(anonymous_8)
FNDA:0,(anonymous_9)
DA:1,0
DA:2,0
DA:3,0
DA:4,0
DA:5,0
DA:6,0
DA:8,0
DA:9,0
DA:10,0
DA:22,0
DA:26,0
DA:27,0
DA:28,0
DA:31,0
DA:32,0
DA:34,0
DA:35,0
DA:36,0
DA:38,0
DA:39,0
DA:43,0
DA:44,0
DA:46,0
DA:47,0
DA:48,0
DA:49,0
DA:51,0
DA:55,0
DA:56,0
DA:57,0
DA:58,0
DA:59,0
DA:61,0
DA:62,0
DA:65,0
DA:66,0
DA:67,0
DA:69,0
DA:70,0
DA:73,0
DA:74,0
DA:77,0
DA:145,0
LF:43
LH:0
BRDA:34,0,0,0
BRDA:34,0,1,0
BRDA:83,1,0,0
BRDA:83,1,1,0
BRDA:84,2,0,0
BRDA:84,2,1,0
BRDA:100,3,0,0
BRDA:100,3,1,0
BRDA:101,4,0,0
BRDA:101,4,1,0
BRDA:102,5,0,0
BRDA:102,5,1,0
BRDA:111,6,0,0
BRDA:111,6,1,0
BRDA:112,7,0,0
BRDA:112,7,1,0
BRDA:113,8,0,0
BRDA:113,8,1,0
BRDA:140,9,0,0
BRDA:140,9,1,0
BRF:20
BRH:0
end_of_record
TN:
SF:src\components\voice\VoiceTutorial.tsx
FN:14,(anonymous_0)
FN:17,(anonymous_1)
FN:20,(anonymous_2)
FN:50,(anonymous_3)
FN:60,(anonymous_4)
FN:79,(anonymous_5)
FN:89,(anonymous_6)
FN:136,(anonymous_7)
FNF:8
FNH:0
FNDA:0,(anonymous_0)
FNDA:0,(anonymous_1)
FNDA:0,(anonymous_2)
FNDA:0,(anonymous_3)
FNDA:0,(anonymous_4)
FNDA:0,(anonymous_5)
FNDA:0,(anonymous_6)
FNDA:0,(anonymous_7)
DA:1,0
DA:2,0
DA:10,0
DA:11,0
DA:12,0
DA:14,0
DA:15,0
DA:17,0
DA:18,0
DA:20,0
DA:23,0
DA:51,0
DA:60,0
DA:80,0
DA:89,0
DA:136,0
DA:144,0
LF:17
LH:0
BRDA:59,0,0,0
BRDA:59,0,1,0
BRDA:62,1,0,0
BRDA:62,1,1,0
BRDA:88,2,0,0
BRDA:88,2,1,0
BRDA:91,3,0,0
BRDA:91,3,1,0
BRF:8
BRH:0
end_of_record
TN:
SF:src\config\warehouse.ts
FN:116,(anonymous_0)
FN:120,(anonymous_1)
FN:127,(anonymous_2)
FN:139,(anonymous_3)
FN:143,(anonymous_4)
FN:148,(anonymous_5)
FN:153,(anonymous_6)
FN:162,(anonymous_7)
FN:166,(anonymous_8)
FN:170,(anonymous_9)
FN:174,(anonymous_10)
FN:178,(anonymous_11)
FN:182,(anonymous_12)
FN:186,(anonymous_13)
FN:190,(anonymous_14)
FN:199,(anonymous_15)
FN:202,(anonymous_16)
FN:203,(anonymous_17)
FN:204,(anonymous_18)
FNF:19
FNH:0
FNDA:0,(anonymous_0)
FNDA:0,(anonymous_1)
FNDA:0,(anonymous_2)
FNDA:0,(anonymous_3)
FNDA:0,(anonymous_4)
FNDA:0,(anonymous_5)
FNDA:0,(anonymous_6)
FNDA:0,(anonymous_7)
FNDA:0,(anonymous_8)
FNDA:0,(anonymous_9)
FNDA:0,(anonymous_10)
FNDA:0,(anonymous_11)
FNDA:0,(anonymous_12)
FNDA:0,(anonymous_13)
FNDA:0,(anonymous_14)
FNDA:0,(anonymous_15)
FNDA:0,(anonymous_16)
FNDA:0,(anonymous_17)
FNDA:0,(anonymous_18)
DA:60,0
DA:114,0
DA:117,0
DA:121,0
DA:122,0
DA:124,0
DA:128,0
DA:129,0
DA:130,0
DA:131,0
DA:134,0
DA:136,0
DA:140,0
DA:144,0
DA:145,0
DA:149,0
DA:150,0
DA:154,0
DA:155,0
DA:157,0
DA:163,0
DA:167,0
DA:171,0
DA:175,0
DA:179,0
DA:183,0
DA:187,0
DA:191,0
DA:196,0
DA:199,0
DA:200,0
DA:202,0
DA:203,0
DA:204,0
LF:34
LH:0
BRDA:121,0,0,0
BRDA:130,1,0,0
BRF:2
BRH:0
end_of_record
TN:
SF:src\contexts\UserContext.tsx
FN:24,(anonymous_0)
FN:27,(anonymous_1)
FN:32,(anonymous_2)
FN:39,(anonymous_3)
FN:51,(anonymous_4)
FNF:5
FNH:3
FNDA:0,(anonymous_0)
FNDA:15,(anonymous_1)
FNDA:14,(anonymous_2)
FNDA:0,(anonymous_3)
FNDA:4,(anonymous_4)
DA:1,2
DA:15,2
DA:22,2
DA:27,2
DA:30,15
DA:32,15
DA:33,14
DA:34,14
DA:35,0
DA:39,15
DA:40,0
DA:41,0
DA:44,15
DA:51,4
LF:14
LH:11
BRDA:34,0,0,0
BRF:1
BRH:0
end_of_record
TN:
SF:src\hooks\use-toast.ts
FN:24,genId
FN:55,(anonymous_10)
FN:60,(anonymous_11)
FN:71,(anonymous_12)
FN:82,(anonymous_13)
FN:95,(anonymous_14)
FN:102,(anonymous_15)
FN:121,(anonymous_16)
FN:130,dispatch
FN:132,(anonymous_18)
FN:139,toast
FN:142,(anonymous_20)
FN:147,(anonymous_21)
FN:155,(anonymous_22)
FN:168,useToast
FN:171,(anonymous_24)
FN:173,(anonymous_25)
FN:184,(anonymous_26)
FNF:18
FNH:8
FNDA:7,genId
FNDA:0,(anonymous_10)
FNDA:0,(anonymous_11)
FNDA:7,(anonymous_12)
FNDA:0,(anonymous_13)
FNDA:0,(anonymous_14)
FNDA:0,(anonymous_15)
FNDA:0,(anonymous_16)
FNDA:7,dispatch
FNDA:7,(anonymous_18)
FNDA:7,toast
FNDA:0,(anonymous_20)
FNDA:0,(anonymous_21)
FNDA:0,(anonymous_22)
FNDA:22,useToast
FNDA:15,(anonymous_24)
FNDA:15,(anonymous_25)
FNDA:0,(anonymous_26)
DA:1,2
DA:5,2
DA:6,2
DA:15,2
DA:22,2
DA:25,7
DA:26,7
DA:53,2
DA:55,2
DA:56,0
DA:57,0
DA:60,0
DA:61,0
DA:62,0
DA:68,0
DA:71,2
DA:72,7
DA:74,7
DA:80,0
DA:83,0
DA:88,0
DA:92,0
DA:93,0
DA:95,0
DA:96,0
DA:100,0
DA:103,0
DA:113,0
DA:114,0
DA:119,0
DA:121,0
DA:126,2
DA:128,2
DA:131,7
DA:132,7
DA:133,7
DA:140,7
DA:142,7
DA:143,0
DA:147,7
DA:149,7
DA:156,0
DA:161,7
DA:169,22
DA:171,22
DA:172,15
DA:173,15
DA:174,15
DA:175,15
DA:176,15
DA:181,22
DA:184,0
DA:188,2
LF:53
LH:31
BRDA:56,0,0,0
BRDA:72,1,0,7
BRDA:72,1,1,0
BRDA:72,1,2,0
BRDA:72,1,3,0
BRDA:83,2,0,0
BRDA:83,2,1,0
BRDA:92,3,0,0
BRDA:92,3,1,0
BRDA:103,4,0,0
BRDA:103,4,1,0
BRDA:103,5,0,0
BRDA:103,5,1,0
BRDA:113,6,0,0
BRDA:156,7,0,0
BRDA:175,8,0,15
BRF:16
BRH:2
end_of_record
TN:
SF:src\hooks\useDebounce.ts
FN:9,useDebounce
FN:12,(anonymous_1)
FN:13,(anonymous_2)
FN:17,(anonymous_3)
FN:31,useDebouncedCallback
FN:39,(anonymous_5)
FN:44,(anonymous_6)
FN:45,(anonymous_7)
FN:53,(anonymous_8)
FN:58,(anonymous_9)
FN:74,useThrottledCallback
FN:83,(anonymous_11)
FN:88,(anonymous_12)
FN:89,(anonymous_13)
FN:97,(anonymous_14)
FN:111,(anonymous_15)
FN:127,useVoiceCommandDebounce
FN:136,(anonymous_17)
FN:148,(anonymous_18)
FN:158,(anonymous_19)
FN:159,(anonymous_20)
FN:167,(anonymous_21)
FN:175,(anonymous_22)
FN:197,useStableState
FN:205,(anonymous_24)
FNF:25
FNH:0
FNDA:0,useDebounce
FNDA:0,(anonymous_1)
FNDA:0,(anonymous_2)
FNDA:0,(anonymous_3)
FNDA:0,useDebouncedCallback
FNDA:0,(anonymous_5)
FNDA:0,(anonymous_6)
FNDA:0,(anonymous_7)
FNDA:0,(anonymous_8)
FNDA:0,(anonymous_9)
FNDA:0,useThrottledCallback
FNDA:0,(anonymous_11)
FNDA:0,(anonymous_12)
FNDA:0,(anonymous_13)
FNDA:0,(anonymous_14)
FNDA:0,(anonymous_15)
FNDA:0,useVoiceCommandDebounce
FNDA:0,(anonymous_17)
FNDA:0,(anonymous_18)
FNDA:0,(anonymous_19)
FNDA:0,(anonymous_20)
FNDA:0,(anonymous_21)
FNDA:0,(anonymous_22)
FNDA:0,useStableState
FNDA:0,(anonymous_24)
DA:1,0
DA:9,0
DA:10,0
DA:12,0
DA:13,0
DA:14,0
DA:17,0
DA:18,0
DA:22,0
DA:31,0
DA:35,0
DA:36,0
DA:39,0
DA:40,0
DA:44,0
DA:45,0
DA:46,0
DA:47,0
DA:52,0
DA:54,0
DA:55,0
DA:58,0
DA:59,0
DA:65,0
DA:74,0
DA:78,0
DA:79,0
DA:80,0
DA:83,0
DA:84,0
DA:88,0
DA:89,0
DA:90,0
DA:91,0
DA:96,0
DA:98,0
DA:99,0
DA:101,0
DA:103,0
DA:104,0
DA:107,0
DA:108,0
DA:111,0
DA:112,0
DA:113,0
DA:120,0
DA:127,0
DA:131,0
DA:132,0
DA:133,0
DA:135,0
DA:138,0
DA:139,0
DA:142,0
DA:144,0
DA:145,0
DA:148,0
DA:149,0
DA:150,0
DA:151,0
DA:158,0
DA:159,0
DA:160,0
DA:161,0
DA:167,0
DA:168,0
DA:169,0
DA:171,0
DA:175,0
DA:176,0
DA:177,0
DA:178,0
DA:179,0
DA:180,0
DA:184,0
DA:197,0
DA:201,0
DA:202,0
DA:204,0
DA:206,0
DA:208,0
DA:212,0
DA:213,0
DA:214,0
DA:220,0
DA:223,0
LF:86
LH:0
BRDA:46,0,0,0
BRDA:54,1,0,0
BRDA:90,2,0,0
BRDA:101,3,0,0
BRDA:101,3,1,0
BRDA:107,4,0,0
BRDA:129,5,0,0
BRDA:138,6,0,0
BRDA:138,7,0,0
BRDA:138,7,1,0
BRDA:144,8,0,0
BRDA:160,9,0,0
BRDA:168,10,0,0
BRDA:176,11,0,0
BRDA:176,12,0,0
BRDA:176,12,1,0
BRDA:206,13,0,0
BRDA:206,13,1,0
BRDA:208,14,0,0
BRDA:208,14,1,0
BRDA:212,15,0,0
BRF:21
BRH:0
end_of_record
TN:
SF:src\hooks\useMediaQuery.tsx
FN:3,useMediaQuery
FN:6,(anonymous_10)
FN:8,(anonymous_11)
FN:19,(anonymous_12)
FN:28,useIsMobile
FNF:5
FNH:0
FNDA:0,useMediaQuery
FNDA:0,(anonymous_10)
FNDA:0,(anonymous_11)
FNDA:0,(anonymous_12)
FNDA:0,useIsMobile
DA:1,0
DA:3,0
DA:4,0
DA:6,0
DA:7,0
DA:8,0
DA:9,0
DA:13,0
DA:16,0
DA:19,0
DA:20,0
DA:24,0
DA:28,0
DA:29,0
DA:33,0
LF:15
LH:0
BRF:0
BRH:0
end_of_record
TN:
SF:src\hooks\useMobile.tsx
FN:3,useMobile
FN:16,(anonymous_1)
FNF:2
FNH:0
FNDA:0,useMobile
FNDA:0,(anonymous_1)
DA:1,0
DA:3,0
DA:4,0
DA:5,0
DA:6,0
DA:8,0
DA:16,0
LF:7
LH:0
BRF:0
BRH:0
end_of_record
TN:
SF:src\hooks\useOnlineStatus.tsx
FN:4,useOnlineStatus
FN:10,(anonymous_1)
FN:11,(anonymous_2)
FN:18,(anonymous_3)
FN:25,(anonymous_4)
FNF:5
FNH:0
FNDA:0,useOnlineStatus
FNDA:0,(anonymous_1)
FNDA:0,(anonymous_2)
FNDA:0,(anonymous_3)
FNDA:0,(anonymous_4)
DA:1,0
DA:2,0
DA:4,0
DA:5,0
DA:6,0
DA:10,0
DA:11,0
DA:12,0
DA:13,0
DA:15,0
DA:18,0
DA:19,0
DA:22,0
DA:23,0
DA:25,0
DA:26,0
DA:27,0
DA:31,0
LF:18
LH:0
BRDA:7,0,0,0
BRDA:7,0,1,0
BRF:2
BRH:0
end_of_record
TN:
SF:src\hooks\usePalletEntries.ts
FN:8,(anonymous_0)
FN:13,(anonymous_1)
FN:19,(anonymous_2)
FN:38,(anonymous_3)
FN:44,(anonymous_4)
FN:60,(anonymous_5)
FN:61,(anonymous_6)
FN:62,(anonymous_7)
FN:111,(anonymous_8)
FN:112,(anonymous_9)
FN:113,(anonymous_10)
FN:155,(anonymous_11)
FN:156,(anonymous_12)
FN:156,(anonymous_13)
FN:160,(anonymous_14)
FN:161,(anonymous_15)
FN:162,(anonymous_16)
FN:177,(anonymous_17)
FNF:18
FNH:0
FNDA:0,(anonymous_0)
FNDA:0,(anonymous_1)
FNDA:0,(anonymous_2)
FNDA:0,(anonymous_3)
FNDA:0,(anonymous_4)
FNDA:0,(anonymous_5)
FNDA:0,(anonymous_6)
FNDA:0,(anonymous_7)
FNDA:0,(anonymous_8)
FNDA:0,(anonymous_9)
FNDA:0,(anonymous_10)
FNDA:0,(anonymous_11)
FNDA:0,(anonymous_12)
FNDA:0,(anonymous_13)
FNDA:0,(anonymous_14)
FNDA:0,(anonymous_15)
FNDA:0,(anonymous_16)
FNDA:0,(anonymous_17)
DA:1,1
DA:3,1
DA:5,1
DA:6,1
DA:8,1
DA:9,0
DA:10,0
DA:13,0
DA:14,0
DA:15,0
DA:16,0
DA:17,0
DA:19,0
DA:21,0
DA:22,0
DA:27,0
DA:29,0
DA:31,0
DA:32,0
DA:38,0
DA:39,0
DA:40,0
DA:44,0
DA:45,0
DA:56,0
DA:57,0
DA:60,0
DA:61,0
DA:62,0
DA:63,0
DA:64,0
DA:69,0
DA:71,0
DA:77,0
DA:85,0
DA:86,0
DA:87,0
DA:88,0
DA:94,0
DA:95,0
DA:96,0
DA:104,0
DA:106,0
DA:111,0
DA:112,0
DA:113,0
DA:114,0
DA:116,0
DA:117,0
DA:118,0
DA:128,0
DA:129,0
DA:132,0
DA:133,0
DA:134,0
DA:136,0
DA:140,0
DA:150,0
DA:155,0
DA:156,0
DA:157,0
DA:160,0
DA:161,0
DA:162,0
DA:163,0
DA:164,0
DA:171,0
DA:177,0
DA:178,0
DA:181,0
LF:70
LH:5
BRDA:15,0,0,0
BRDA:21,1,0,0
BRDA:21,2,0,0
BRDA:21,2,1,0
BRDA:39,3,0,0
BRDA:63,4,0,0
BRDA:64,5,0,0
BRDA:64,5,1,0
BRDA:71,6,0,0
BRDA:71,6,1,0
BRDA:72,7,0,0
BRDA:72,7,1,0
BRDA:72,7,2,0
BRDA:72,7,3,0
BRDA:86,8,0,0
BRDA:86,8,1,0
BRDA:94,9,0,0
BRDA:114,10,0,0
BRDA:116,11,0,0
BRDA:116,11,1,0
BRDA:129,12,0,0
BRDA:129,12,1,0
BRDA:133,13,0,0
BRDA:133,13,1,0
BRDA:163,14,0,0
BRF:25
BRH:0
end_of_record
TN:
SF:src\hooks\usePwaInstall.tsx
FN:8,(anonymous_0)
FN:15,(anonymous_1)
FN:33,(anonymous_2)
FN:41,(anonymous_3)
FN:50,(anonymous_4)
FN:59,(anonymous_5)
FNF:6
FNH:0
FNDA:0,(anonymous_0)
FNDA:0,(anonymous_1)
FNDA:0,(anonymous_2)
FNDA:0,(anonymous_3)
FNDA:0,(anonymous_4)
FNDA:0,(anonymous_5)
DA:1,0
DA:8,0
DA:10,0
DA:11,0
DA:12,0
DA:13,0
DA:15,0
DA:17,0
DA:18,0
DA:21,0
DA:22,0
DA:24,0
DA:25,0
DA:29,0
DA:30,0
DA:33,0
DA:35,0
DA:37,0
DA:38,0
DA:41,0
DA:42,0
DA:43,0
DA:44,0
DA:47,0
DA:48,0
DA:50,0
DA:51,0
DA:55,0
DA:59,0
DA:60,0
DA:63,0
DA:66,0
DA:67,0
DA:71,0
DA:74,0
DA:76,0
DA:81,0
DA:82,0
DA:85,0
LF:39
LH:0
BRDA:24,0,0,0
BRDA:24,1,0,0
BRDA:24,1,1,0
BRDA:24,1,2,0
BRDA:29,2,0,0
BRDA:29,3,0,0
BRDA:29,3,1,0
BRDA:60,4,0,0
BRDA:66,5,0,0
BRDA:76,6,0,0
BRDA:76,6,1,0
BRF:11
BRH:0
end_of_record
TN:
SF:src\hooks\useSpeechRecognition.tsx
FN:104,(anonymous_0)
FN:110,(anonymous_1)
FN:123,(anonymous_2)
FN:139,(anonymous_3)
FN:155,(anonymous_4)
FN:173,(anonymous_5)
FN:178,(anonymous_6)
FN:194,(anonymous_7)
FN:197,(anonymous_8)
FN:200,(anonymous_9)
FN:210,(anonymous_10)
FN:243,(anonymous_11)
FN:249,(anonymous_12)
FNF:13
FNH:4
FNDA:0,(anonymous_0)
FNDA:50,(anonymous_1)
FNDA:50,(anonymous_2)
FNDA:25,(anonymous_3)
FNDA:0,(anonymous_4)
FNDA:0,(anonymous_5)
FNDA:0,(anonymous_6)
FNDA:0,(anonymous_7)
FNDA:0,(anonymous_8)
FNDA:0,(anonymous_9)
FNDA:0,(anonymous_10)
FNDA:0,(anonymous_11)
FNDA:12,(anonymous_12)
DA:1,3
DA:82,3
DA:104,3
DA:107,0
DA:110,3
DA:113,50
DA:114,50
DA:115,50
DA:116,50
DA:117,50
DA:118,50
DA:120,50
DA:123,50
DA:125,50
DA:126,50
DA:127,50
DA:130,50
DA:131,0
DA:132,0
DA:135,50
DA:139,50
DA:140,25
DA:141,25
DA:142,25
DA:145,0
DA:147,0
DA:148,0
DA:149,0
DA:150,0
DA:151,0
DA:152,0
DA:153,0
DA:155,0
DA:156,0
DA:157,0
DA:159,0
DA:160,0
DA:161,0
DA:162,0
DA:163,0
DA:164,0
DA:165,0
DA:167,0
DA:168,0
DA:173,0
DA:174,0
DA:175,0
DA:178,0
DA:179,0
DA:180,0
DA:181,0
DA:182,0
DA:185,0
DA:186,0
DA:187,0
DA:188,0
DA:189,0
DA:190,0
DA:194,0
DA:197,0
DA:200,0
DA:203,0
DA:205,0
DA:210,50
DA:211,0
DA:212,0
DA:213,0
DA:216,0
DA:217,0
DA:218,0
DA:219,0
DA:220,0
DA:221,0
DA:222,0
DA:224,0
DA:225,0
DA:227,0
DA:228,0
DA:229,0
DA:232,0
DA:233,0
DA:234,0
DA:235,0
DA:239,0
DA:243,50
DA:244,0
DA:245,0
DA:249,50
DA:250,12
DA:251,12
DA:252,12
DA:253,12
DA:256,50
LF:93
LH:29
BRDA:111,0,0,24
BRDA:126,1,0,50
BRDA:126,1,1,0
BRDA:130,2,0,0
BRDA:130,3,0,50
BRDA:130,3,1,0
BRDA:130,3,2,0
BRDA:135,4,0,50
BRDA:135,4,1,50
BRDA:140,5,0,25
BRDA:145,6,0,0
BRDA:145,6,1,0
BRDA:147,7,0,0
BRDA:161,8,0,0
BRDA:161,8,1,0
BRDA:164,9,0,0
BRDA:164,9,1,0
BRDA:185,10,0,0
BRDA:185,10,1,0
BRDA:187,11,0,0
BRDA:187,11,1,0
BRDA:189,12,0,0
BRDA:211,13,0,0
BRDA:216,14,0,0
BRDA:216,14,1,0
BRDA:232,15,0,0
BRDA:232,15,1,0
BRDA:234,16,0,0
BRDA:244,17,0,0
BRDA:244,18,0,0
BRDA:244,18,1,0
BRF:31
BRH:6
end_of_record
TN:
SF:src\hooks\useTimer.ts
FN:3,useTimer
FN:7,(anonymous_1)
FN:10,(anonymous_2)
FN:10,(anonymous_3)
FN:12,(anonymous_4)
FN:18,(anonymous_5)
FN:19,(anonymous_6)
FN:20,(anonymous_7)
FN:24,formatHHMMSS
FNF:9
FNH:0
FNDA:0,useTimer
FNDA:0,(anonymous_1)
FNDA:0,(anonymous_2)
FNDA:0,(anonymous_3)
FNDA:0,(anonymous_4)
FNDA:0,(anonymous_5)
FNDA:0,(anonymous_6)
FNDA:0,(anonymous_7)
FNDA:0,formatHHMMSS
DA:1,3
DA:3,3
DA:4,0
DA:5,0
DA:7,0
DA:8,0
DA:10,0
DA:12,0
DA:15,0
DA:18,0
DA:19,0
DA:20,0
DA:24,3
DA:25,0
DA:26,0
DA:27,0
DA:29,0
LF:17
LH:3
BRDA:4,0,0,0
BRDA:4,0,1,0
BRDA:8,1,0,0
BRF:3
BRH:0
end_of_record
TN:
SF:src\hooks\useUserSettings.ts
FN:32,(anonymous_0)
FN:36,(anonymous_1)
FN:52,(anonymous_2)
FN:60,(anonymous_3)
FN:67,(anonymous_4)
FN:78,(anonymous_5)
FN:82,(anonymous_6)
FN:88,(anonymous_7)
FN:92,(anonymous_8)
FN:96,(anonymous_9)
FN:100,(anonymous_10)
FN:104,(anonymous_11)
FNF:12
FNH:3
FNDA:72,(anonymous_0)
FNDA:36,(anonymous_1)
FNDA:70,(anonymous_2)
FNDA:0,(anonymous_3)
FNDA:0,(anonymous_4)
FNDA:0,(anonymous_5)
FNDA:0,(anonymous_6)
FNDA:0,(anonymous_7)
FNDA:0,(anonymous_8)
FNDA:0,(anonymous_9)
FNDA:0,(anonymous_10)
FNDA:0,(anonymous_11)
DA:1,3
DA:11,3
DA:32,3
DA:33,72
DA:36,72
DA:37,36
DA:38,36
DA:39,34
DA:40,34
DA:46,0
DA:52,72
DA:53,70
DA:54,70
DA:57,70
DA:58,0
DA:60,0
DA:61,0
DA:62,0
DA:63,0
DA:67,0
DA:68,0
DA:69,0
DA:70,0
DA:71,0
DA:78,72
DA:82,0
DA:88,72
DA:89,0
DA:92,72
DA:93,0
DA:96,72
DA:97,0
DA:100,72
DA:101,0
DA:104,72
DA:105,0
DA:108,72
LF:37
LH:20
BRDA:38,0,0,34
BRDA:57,1,0,0
BRDA:62,2,0,0
BRF:3
BRH:1
end_of_record
TN:
SF:src\hooks\useVoiceCommand.tsx
FN:17,useVoiceCommand
FN:49,(anonymous_1)
FN:60,(anonymous_2)
FN:68,(anonymous_3)
FN:124,(anonymous_4)
FN:149,(anonymous_5)
FN:150,(anonymous_6)
FN:158,(anonymous_7)
FN:171,(anonymous_8)
FNF:9
FNH:8
FNDA:57,useVoiceCommand
FNDA:29,(anonymous_1)
FNDA:16,(anonymous_2)
FNDA:41,(anonymous_3)
FNDA:0,(anonymous_4)
FNDA:29,(anonymous_5)
FNDA:29,(anonymous_6)
FNDA:29,(anonymous_7)
FNDA:1,(anonymous_8)
DA:1,3
DA:2,3
DA:3,3
DA:5,3
DA:17,3
DA:22,57
DA:23,57
DA:24,57
DA:25,57
DA:26,57
DA:29,57
DA:30,57
DA:31,57
DA:44,57
DA:49,57
DA:50,29
DA:51,13
DA:52,13
DA:56,13
DA:60,16
DA:61,16
DA:62,0
DA:68,57
DA:69,41
DA:71,7
DA:73,7
DA:74,7
DA:77,7
DA:78,8
DA:79,8
DA:80,7
DA:81,7
DA:84,7
DA:86,7
DA:87,7
DA:88,6
DA:89,6
DA:91,6
DA:92,4
DA:93,4
DA:94,4
DA:97,6
DA:106,6
DA:108,1
DA:109,1
DA:114,7
DA:119,7
DA:120,0
DA:123,7
DA:125,0
DA:126,0
DA:128,0
DA:129,0
DA:130,0
DA:149,57
DA:150,29
DA:151,29
DA:152,0
DA:158,57
DA:159,29
DA:160,29
DA:161,29
DA:162,29
DA:163,29
DA:164,7
DA:165,7
DA:171,57
DA:172,1
DA:173,1
DA:174,1
DA:177,57
LF:71
LH:63
BRDA:45,0,0,57
BRDA:45,0,1,0
BRDA:50,1,0,13
BRDA:61,2,0,0
BRDA:69,3,0,34
BRDA:69,4,0,41
BRDA:69,4,1,41
BRDA:69,4,2,7
BRDA:69,4,3,7
BRDA:69,4,4,0
BRDA:71,5,0,0
BRDA:79,6,0,7
BRDA:91,7,0,4
BRDA:91,8,0,6
BRDA:91,8,1,5
BRDA:91,8,2,4
BRDA:92,9,0,4
BRDA:92,9,1,0
BRDA:93,10,0,4
BRDA:93,10,1,0
BRDA:119,11,0,0
BRDA:125,12,0,0
BRDA:132,13,0,6
BRDA:132,13,1,1
BRDA:151,14,0,0
BRDA:159,15,0,29
BRDA:163,16,0,7
BRDA:172,17,0,0
BRDA:173,18,0,0
BRF:29
BRH:18
end_of_record
TN:
SF:src\lib\theme.ts
FN:4,cn
FN:23,(anonymous_1)
FN:31,(anonymous_2)
FN:35,(anonymous_3)
FN:45,(anonymous_4)
FN:55,(anonymous_5)
FN:63,(anonymous_6)
FN:73,(anonymous_7)
FN:77,(anonymous_8)
FNF:9
FNH:0
FNDA:0,cn
FNDA:0,(anonymous_1)
FNDA:0,(anonymous_2)
FNDA:0,(anonymous_3)
FNDA:0,(anonymous_4)
FNDA:0,(anonymous_5)
FNDA:0,(anonymous_6)
FNDA:0,(anonymous_7)
FNDA:0,(anonymous_8)
DA:1,0
DA:2,0
DA:4,0
DA:5,0
DA:9,0
DA:23,0
DA:24,0
DA:26,0
DA:27,0
DA:28,0
DA:30,0
DA:31,0
DA:35,0
DA:36,0
DA:38,0
DA:39,0
DA:40,0
DA:42,0
DA:45,0
DA:46,0
DA:48,0
DA:49,0
DA:51,0
DA:55,0
DA:56,0
DA:63,0
DA:64,0
DA:73,0
DA:74,0
DA:77,0
DA:78,0
DA:79,0
DA:81,0
DA:83,0
DA:84,0
DA:86,0
DA:87,0
DA:89,0
DA:90,0
DA:92,0
DA:93,0
DA:95,0
DA:96,0
DA:100,0
LF:44
LH:0
BRDA:24,0,0,0
BRDA:36,1,0,0
BRDA:46,2,0,0
BRDA:81,3,0,0
BRDA:84,4,0,0
BRDA:87,5,0,0
BRDA:90,6,0,0
BRDA:93,7,0,0
BRF:8
BRH:0
end_of_record
TN:
SF:src\lib\utils.ts
FN:4,cn
FNF:1
FNH:1
FNDA:3943,cn
DA:1,8
DA:2,8
DA:4,8
DA:5,3943
LF:4
LH:4
BRF:0
BRH:0
end_of_record
TN:
SF:src\pages\Index.tsx
FN:27,(anonymous_1)
FN:38,(anonymous_2)
FN:81,(anonymous_3)
FN:100,(anonymous_4)
FN:103,(anonymous_5)
FN:106,(anonymous_6)
FN:125,(anonymous_7)
FNF:7
FNH:3
FNDA:3,(anonymous_1)
FNDA:2,(anonymous_2)
FNDA:4,(anonymous_3)
FNDA:0,(anonymous_4)
FNDA:0,(anonymous_5)
FNDA:0,(anonymous_6)
FNDA:0,(anonymous_7)
DA:1,1
DA:2,1
DA:3,1
DA:4,1
DA:5,1
DA:6,1
DA:7,1
DA:8,1
DA:14,1
DA:15,1
DA:16,1
DA:17,1
DA:18,1
DA:19,1
DA:27,1
DA:28,3
DA:29,2
DA:31,2
DA:38,1
DA:45,2
DA:47,2
DA:81,4
DA:100,0
DA:103,0
DA:106,0
DA:139,1
LF:26
LH:23
BRDA:130,0,0,2
BRDA:130,0,1,2
BRDA:131,1,0,2
BRDA:131,1,1,0
BRDA:132,2,0,2
BRDA:132,2,1,0
BRF:6
BRH:4
end_of_record
TN:
SF:src\pages\NotFound.tsx
FN:4,(anonymous_0)
FN:7,(anonymous_1)
FNF:2
FNH:0
FNDA:0,(anonymous_0)
FNDA:0,(anonymous_1)
DA:1,1
DA:2,1
DA:4,1
DA:5,0
DA:7,0
DA:8,0
DA:14,0
DA:27,1
LF:8
LH:4
BRF:0
BRH:0
end_of_record
TN:
SF:src\pages\Notes.tsx
FN:1,(anonymous_0)
FNF:1
FNH:0
FNDA:0,(anonymous_0)
DA:1,1
DA:2,0
DA:10,1
LF:3
LH:2
BRF:0
BRH:0
end_of_record
TN:
SF:src\pages\PalletCounter.tsx
FN:4,(anonymous_1)
FNF:1
FNH:0
FNDA:0,(anonymous_1)
DA:2,1
DA:4,1
DA:5,0
DA:12,1
LF:4
LH:3
BRF:0
BRH:0
end_of_record
TN:
SF:src\pages\Settings.tsx
FN:3,(anonymous_0)
FNF:1
FNH:0
FNDA:0,(anonymous_0)
DA:3,1
DA:4,0
DA:12,1
LF:3
LH:2
BRF:0
BRH:0
end_of_record
TN:
SF:src\schemas\doorScheduleSchema.ts
FNF:0
FNH:0
DA:1,0
DA:3,0
LF:2
LH:0
BRF:0
BRH:0
end_of_record
TN:
SF:src\services\exportService.ts
FN:13,(anonymous_1)
FN:27,(anonymous_2)
FN:31,(anonymous_3)
FN:54,(anonymous_4)
FN:86,(anonymous_5)
FN:104,(anonymous_6)
FN:133,(anonymous_7)
FN:140,(anonymous_8)
FN:151,(anonymous_9)
FN:173,(anonymous_10)
FN:198,(anonymous_11)
FN:235,(anonymous_12)
FN:240,(anonymous_13)
FNF:13
FNH:10
FNDA:131,(anonymous_1)
FNDA:13,(anonymous_2)
FNDA:3,(anonymous_3)
FNDA:4,(anonymous_4)
FNDA:2,(anonymous_5)
FNDA:2,(anonymous_6)
FNDA:1,(anonymous_7)
FNDA:2,(anonymous_8)
FNDA:1,(anonymous_9)
FNDA:0,(anonymous_10)
FNDA:0,(anonymous_11)
FNDA:0,(anonymous_12)
FNDA:2,(anonymous_13)
DA:2,2
DA:4,2
DA:13,2
DA:14,131
DA:15,0
DA:17,131
DA:19,131
DA:21,0
DA:23,131
DA:27,2
DA:28,13
DA:31,2
DA:39,3
DA:41,3
DA:50,3
DA:51,3
DA:52,3
DA:54,3
DA:55,4
DA:64,4
DA:65,4
DA:66,4
DA:71,0
DA:72,0
DA:76,4
DA:77,4
DA:79,4
DA:83,3
DA:86,2
DA:90,2
DA:92,2
DA:101,2
DA:102,2
DA:104,2
DA:105,2
DA:114,2
DA:115,2
DA:116,2
DA:121,0
DA:122,0
DA:125,2
DA:127,2
DA:130,2
DA:133,2
DA:137,1
DA:140,2
DA:142,1
DA:143,0
DA:146,1
DA:148,1
DA:149,1
DA:151,1
DA:152,1
DA:154,1
DA:155,1
DA:156,1
DA:161,0
DA:162,0
DA:165,1
DA:167,1
DA:170,1
DA:173,2
DA:178,0
DA:181,0
DA:182,0
DA:183,0
DA:186,0
DA:187,0
DA:189,0
DA:190,0
DA:192,0
DA:193,0
DA:197,0
DA:198,0
DA:199,0
DA:202,0
DA:203,0
DA:204,0
DA:208,0
DA:209,0
DA:210,0
DA:211,0
DA:214,0
DA:217,0
DA:218,0
DA:219,0
DA:220,0
DA:221,0
DA:222,0
DA:225,0
DA:226,0
DA:230,0
DA:235,0
DA:240,2
DA:245,2
DA:246,2
DA:247,2
DA:250,1
DA:251,1
DA:252,1
DA:255,1
LF:101
LH:61
BRDA:14,0,0,0
BRDA:14,1,0,131
BRDA:14,1,1,131
BRDA:19,2,0,0
BRDA:19,3,0,131
BRDA:19,3,1,131
BRDA:19,3,2,131
BRDA:33,4,0,3
BRDA:36,5,0,3
BRDA:37,6,0,3
BRDA:38,7,0,3
BRDA:50,8,0,3
BRDA:51,9,0,3
BRDA:52,10,0,3
BRDA:61,11,0,4
BRDA:61,11,1,2
BRDA:64,12,0,4
BRDA:64,12,1,0
BRDA:64,13,0,4
BRDA:64,13,1,4
BRDA:71,14,0,0
BRDA:76,15,0,4
BRDA:76,16,0,4
BRDA:76,16,1,2
BRDA:77,17,0,4
BRDA:77,18,0,4
BRDA:77,18,1,0
BRDA:88,19,0,2
BRDA:90,20,0,2
BRDA:90,21,0,2
BRDA:101,22,0,2
BRDA:102,23,0,2
BRDA:107,24,0,2
BRDA:107,24,1,0
BRDA:109,25,0,2
BRDA:109,25,1,2
BRDA:110,26,0,2
BRDA:110,26,1,2
BRDA:111,27,0,0
BRDA:111,27,1,2
BRDA:114,28,0,2
BRDA:114,28,1,0
BRDA:114,29,0,2
BRDA:114,29,1,2
BRDA:121,30,0,0
BRDA:125,31,0,2
BRDA:125,32,0,2
BRDA:125,32,1,0
BRDA:135,33,0,1
BRDA:137,34,0,1
BRDA:137,35,0,1
BRDA:140,36,0,2
BRDA:140,36,1,1
BRDA:142,37,0,0
BRDA:148,38,0,1
BRDA:149,39,0,1
BRDA:152,40,0,1
BRDA:152,40,1,0
BRDA:154,41,0,1
BRDA:154,41,1,0
BRDA:154,42,0,1
BRDA:154,42,1,1
BRDA:161,43,0,0
BRDA:165,44,0,1
BRDA:165,45,0,1
BRDA:165,45,1,0
BRDA:176,46,0,0
BRDA:186,47,0,0
BRDA:186,48,0,0
BRDA:186,48,1,0
BRDA:189,49,0,0
BRDA:189,50,0,0
BRDA:189,50,1,0
BRDA:192,51,0,0
BRDA:192,52,0,0
BRDA:192,52,1,0
BRDA:198,53,0,0
BRDA:198,53,1,0
BRDA:202,54,0,0
BRDA:202,55,0,0
BRDA:202,55,1,0
BRDA:202,55,2,0
BRDA:235,56,0,0
BRDA:235,56,1,0
BRDA:247,57,0,1
BRDA:252,58,0,0
BRDA:252,59,0,1
BRDA:252,59,1,0
BRF:88
BRH:53
end_of_record
TN:
SF:src\services\shippingService.ts
FN:13,(anonymous_0)
FN:20,(anonymous_1)
FN:52,(anonymous_2)
FN:83,(anonymous_3)
FN:90,(anonymous_4)
FN:96,(anonymous_5)
FN:106,(anonymous_6)
FN:109,(anonymous_7)
FN:125,(anonymous_8)
FN:134,(anonymous_9)
FN:148,(anonymous_10)
FN:150,(anonymous_11)
FN:169,(anonymous_12)
FN:186,(anonymous_13)
FN:188,(anonymous_14)
FN:202,(anonymous_15)
FN:204,(anonymous_16)
FN:210,(anonymous_17)
FN:212,(anonymous_18)
FN:218,(anonymous_19)
FN:229,(anonymous_20)
FN:242,(anonymous_21)
FN:252,(anonymous_22)
FN:258,(anonymous_23)
FN:264,(anonymous_24)
FN:275,(anonymous_25)
FN:297,(anonymous_26)
FN:317,(anonymous_27)
FNF:28
FNH:0
FNDA:0,(anonymous_0)
FNDA:0,(anonymous_1)
FNDA:0,(anonymous_2)
FNDA:0,(anonymous_3)
FNDA:0,(anonymous_4)
FNDA:0,(anonymous_5)
FNDA:0,(anonymous_6)
FNDA:0,(anonymous_7)
FNDA:0,(anonymous_8)
FNDA:0,(anonymous_9)
FNDA:0,(anonymous_10)
FNDA:0,(anonymous_11)
FNDA:0,(anonymous_12)
FNDA:0,(anonymous_13)
FNDA:0,(anonymous_14)
FNDA:0,(anonymous_15)
FNDA:0,(anonymous_16)
FNDA:0,(anonymous_17)
FNDA:0,(anonymous_18)
FNDA:0,(anonymous_19)
FNDA:0,(anonymous_20)
FNDA:0,(anonymous_21)
FNDA:0,(anonymous_22)
FNDA:0,(anonymous_23)
FNDA:0,(anonymous_24)
FNDA:0,(anonymous_25)
FNDA:0,(anonymous_26)
FNDA:0,(anonymous_27)
DA:6,0
DA:7,0
DA:8,0
DA:14,0
DA:21,0
DA:23,0
DA:24,0
DA:27,0
DA:28,0
DA:31,0
DA:32,0
DA:35,0
DA:36,0
DA:39,0
DA:40,0
DA:43,0
DA:64,0
DA:66,0
DA:84,0
DA:91,0
DA:92,0
DA:93,0
DA:95,0
DA:96,0
DA:98,0
DA:99,0
DA:107,0
DA:109,0
DA:111,0
DA:112,0
DA:115,0
DA:117,0
DA:118,0
DA:126,0
DA:127,0
DA:128,0
DA:131,0
DA:134,0
DA:135,0
DA:136,0
DA:139,0
DA:140,0
DA:142,0
DA:149,0
DA:150,0
DA:152,0
DA:153,0
DA:156,0
DA:162,0
DA:163,0
DA:164,0
DA:168,0
DA:169,0
DA:171,0
DA:172,0
DA:175,0
DA:176,0
DA:178,0
DA:180,0
DA:187,0
DA:188,0
DA:190,0
DA:191,0
DA:194,0
DA:196,0
DA:203,0
DA:204,0
DA:211,0
DA:212,0
DA:219,0
DA:220,0
DA:223,0
DA:230,0
DA:231,0
DA:232,0
DA:235,0
DA:236,0
DA:248,0
DA:250,0
DA:252,0
DA:258,0
DA:259,0
DA:264,0
DA:265,0
DA:269,0
DA:276,0
DA:278,0
DA:279,0
DA:282,0
DA:295,0
DA:297,0
DA:311,0
DA:318,0
LF:93
LH:0
BRDA:14,0,0,0
BRDA:14,0,1,0
BRDA:23,1,0,0
BRDA:23,2,0,0
BRDA:23,2,1,0
BRDA:27,3,0,0
BRDA:31,4,0,0
BRDA:35,5,0,0
BRDA:39,6,0,0
BRDA:39,7,0,0
BRDA:39,7,1,0
BRDA:72,8,0,0
BRDA:72,8,1,0
BRDA:75,9,0,0
BRDA:75,9,1,0
BRDA:76,10,0,0
BRDA:76,10,1,0
BRDA:93,11,0,0
BRDA:111,12,0,0
BRDA:127,13,0,0
BRDA:135,14,0,0
BRDA:152,15,0,0
BRDA:163,16,0,0
BRDA:169,17,0,0
BRDA:169,17,1,0
BRDA:171,18,0,0
BRDA:190,19,0,0
BRDA:204,20,0,0
BRDA:204,20,1,0
BRDA:212,21,0,0
BRDA:212,21,1,0
BRDA:219,22,0,0
BRDA:229,23,0,0
BRDA:231,24,0,0
BRDA:260,25,0,0
BRDA:260,25,1,0
BRDA:266,26,0,0
BRDA:266,26,1,0
BRDA:278,27,0,0
BRDA:303,28,0,0
BRDA:303,28,1,0
BRDA:306,29,0,0
BRDA:306,29,1,0
BRDA:307,30,0,0
BRDA:307,30,1,0
BRF:45
BRH:0
end_of_record
TN:
SF:src\utils\cn.ts
FN:4,cn
FNF:1
FNH:1
FNDA:4,cn
DA:1,1
DA:2,1
DA:4,1
DA:5,4
LF:4
LH:4
BRF:0
BRH:0
end_of_record
TN:
SF:src\utils\doorUtils.ts
FN:8,(anonymous_0)
FN:15,(anonymous_1)
FN:34,(anonymous_2)
FN:41,(anonymous_3)
FN:60,(anonymous_4)
FN:70,(anonymous_5)
FN:71,(anonymous_6)
FNF:7
FNH:7
FNDA:4,(anonymous_0)
FNDA:8,(anonymous_1)
FNDA:3,(anonymous_2)
FNDA:5,(anonymous_3)
FNDA:6,(anonymous_4)
FNDA:4,(anonymous_5)
FNDA:7,(anonymous_6)
DA:8,2
DA:10,4
DA:11,1
DA:15,8
DA:18,3
DA:19,8
DA:20,3
DA:25,0
DA:26,0
DA:34,2
DA:36,3
DA:37,1
DA:41,5
DA:44,2
DA:47,2
DA:48,1
DA:52,1
DA:60,2
DA:61,6
DA:70,2
DA:71,7
LF:21
LH:19
BRDA:10,0,0,1
BRDA:19,1,0,3
BRDA:36,2,0,1
BRDA:47,3,0,1
BRDA:61,4,0,6
BRDA:61,4,1,5
BRDA:61,4,2,4
BRF:7
BRH:7
end_of_record
TN:
SF:src\utils\errorHandling.ts
FN:6,(anonymous_0)
FN:29,createAppError
FN:77,handleError
FN:152,isAppError
FN:159,handleAsyncError
FN:175,createErrorBoundaryHandler
FN:176,(anonymous_6)
FN:201,handleVoiceError
FN:239,handleStorageError
FN:256,handleValidationError
FN:274,logToExternalService
FN:293,retryWithBackoff
FN:313,(anonymous_12)
FNF:13
FNH:0
FNDA:0,(anonymous_0)
FNDA:0,createAppError
FNDA:0,handleError
FNDA:0,isAppError
FNDA:0,handleAsyncError
FNDA:0,createErrorBoundaryHandler
FNDA:0,(anonymous_6)
FNDA:0,handleVoiceError
FNDA:0,handleStorageError
FNDA:0,handleValidationError
FNDA:0,logToExternalService
FNDA:0,retryWithBackoff
FNDA:0,(anonymous_12)
DA:1,0
DA:6,0
DA:7,0
DA:8,0
DA:9,0
DA:10,0
DA:11,0
DA:12,0
DA:29,0
DA:40,0
DA:41,0
DA:42,0
DA:43,0
DA:44,0
DA:45,0
DA:47,0
DA:48,0
DA:51,0
DA:67,0
DA:77,0
DA:82,0
DA:83,0
DA:86,0
DA:87,0
DA:96,0
DA:97,0
DA:101,0
DA:102,0
DA:104,0
DA:106,0
DA:110,0
DA:113,0
DA:117,0
DA:120,0
DA:124,0
DA:127,0
DA:131,0
DA:134,0
DA:138,0
DA:141,0
DA:152,0
DA:153,0
DA:159,0
DA:164,0
DA:165,0
DA:167,0
DA:168,0
DA:175,0
DA:176,0
DA:177,0
DA:190,0
DA:201,0
DA:204,0
DA:205,0
DA:213,0
DA:214,0
DA:223,0
DA:233,0
DA:239,0
DA:240,0
DA:250,0
DA:256,0
DA:257,0
DA:267,0
DA:276,0
DA:293,0
DA:301,0
DA:302,0
DA:303,0
DA:305,0
DA:307,0
DA:308,0
DA:311,0
DA:312,0
DA:313,0
DA:317,0
DA:318,0
LF:77
LH:0
BRDA:6,0,0,0
BRDA:6,0,1,0
BRDA:44,1,0,0
BRDA:44,1,1,0
BRDA:45,2,0,0
BRDA:45,2,1,0
BRDA:47,3,0,0
BRDA:80,4,0,0
BRDA:83,5,0,0
BRDA:83,5,1,0
BRDA:86,6,0,0
BRDA:87,7,0,0
BRDA:87,7,1,0
BRDA:96,8,0,0
BRDA:101,9,0,0
BRDA:102,10,0,0
BRDA:102,10,1,0
BRDA:104,11,0,0
BRDA:104,11,1,0
BRDA:104,11,2,0
BRDA:104,11,3,0
BRDA:104,11,4,0
BRDA:104,11,5,0
BRDA:114,12,0,0
BRDA:114,12,1,0
BRDA:121,13,0,0
BRDA:121,13,1,0
BRDA:128,14,0,0
BRDA:128,14,1,0
BRDA:135,15,0,0
BRDA:135,15,1,0
BRDA:153,16,0,0
BRDA:153,16,1,0
BRDA:153,16,2,0
BRDA:153,16,3,0
BRDA:201,17,0,0
BRDA:204,18,0,0
BRDA:204,18,1,0
BRDA:204,19,0,0
BRDA:204,19,1,0
BRDA:213,20,0,0
BRDA:213,20,1,0
BRDA:262,21,0,0
BRDA:262,21,1,0
BRDA:267,22,0,0
BRDA:267,22,1,0
BRDA:295,23,0,0
BRDA:296,24,0,0
BRDA:307,25,0,0
BRF:49
BRH:0
end_of_record
TN:
SF:src\utils\registerServiceWorker.ts
FN:1,registerServiceWorker
FN:3,(anonymous_1)
FN:20,(anonymous_2)
FN:23,(anonymous_3)
FN:40,(anonymous_4)
FN:49,unregisterServiceWorker
FN:52,(anonymous_6)
FN:55,(anonymous_7)
FN:62,checkForUpdates
FN:65,(anonymous_9)
FN:68,(anonymous_10)
FNF:11
FNH:0
FNDA:0,registerServiceWorker
FNDA:0,(anonymous_1)
FNDA:0,(anonymous_2)
FNDA:0,(anonymous_3)
FNDA:0,(anonymous_4)
FNDA:0,unregisterServiceWorker
FNDA:0,(anonymous_6)
FNDA:0,(anonymous_7)
FNDA:0,checkForUpdates
FNDA:0,(anonymous_9)
FNDA:0,(anonymous_10)
DA:1,0
DA:2,0
DA:3,0
DA:4,0
DA:6,0
DA:7,0
DA:10,0
DA:16,0
DA:20,0
DA:21,0
DA:22,0
DA:23,0
DA:24,0
DA:34,0
DA:39,0
DA:40,0
DA:41,0
DA:42,0
DA:43,0
DA:49,0
DA:50,0
DA:51,0
DA:53,0
DA:56,0
DA:62,0
DA:63,0
DA:64,0
DA:66,0
DA:69,0
LF:29
LH:0
BRDA:2,0,0,0
BRDA:16,1,0,0
BRDA:16,2,0,0
BRDA:16,2,1,0
BRDA:22,3,0,0
BRDA:24,4,0,0
BRDA:25,5,0,0
BRDA:25,5,1,0
BRDA:41,6,0,0
BRDA:50,7,0,0
BRDA:63,8,0,0
BRF:11
BRH:0
end_of_record
TN:
SF:src\utils\toast.ts
FN:2,(anonymous_0)
FNF:1
FNH:0
FNDA:0,(anonymous_0)
DA:1,0
DA:2,0
LF:2
LH:0
BRF:0
BRH:0
end_of_record
